Classic Timing Analyzer report for buzzer
Thu Jul 04 19:14:02 2013
Quartus II Version 9.0 Build 235 06/17/2009 Service Pack 2 SJ Web Edition


---------------------
; Table of Contents ;
---------------------
  1. Legal Notice
  2. Timing Analyzer Summary
  3. Timing Analyzer Settings
  4. Clock Settings Summary
  5. Parallel Compilation
  6. Clock Setup: 'clk'
  7. tco
  8. Timing Analyzer Messages



----------------
; Legal Notice ;
----------------
Copyright (C) 1991-2009 Altera Corporation
Your use of Altera Corporation's design tools, logic functions 
and other software and tools, and its AMPP partner logic 
functions, and any output files from any of the foregoing 
(including device programming or simulation files), and any 
associated documentation or information are expressly subject 
to the terms and conditions of the Altera Program License 
Subscription Agreement, Altera MegaCore Function License 
Agreement, or other applicable license agreement, including, 
without limitation, that your use is for the sole purpose of 
programming logic devices manufactured by Altera and sold by 
Altera or its authorized distributors.  Please refer to the 
applicable agreement for further details.



+------------------------------------------------------------------------------------------------------------------------------------------------------------+
; Timing Analyzer Summary                                                                                                                                    ;
+------------------------------+-------+---------------+----------------------------------+-------------+-------------+------------+----------+--------------+
; Type                         ; Slack ; Required Time ; Actual Time                      ; From        ; To          ; From Clock ; To Clock ; Failed Paths ;
+------------------------------+-------+---------------+----------------------------------+-------------+-------------+------------+----------+--------------+
; Worst-case tco               ; N/A   ; None          ; 6.827 ns                         ; out~reg0    ; out         ; clk        ; --       ; 0            ;
; Clock Setup: 'clk'           ; N/A   ; None          ; 79.42 MHz ( period = 12.591 ns ) ; clk_div2[0] ; clk_div2[9] ; clk        ; clk      ; 0            ;
; Total number of failed paths ;       ;               ;                                  ;             ;             ;            ;          ; 0            ;
+------------------------------+-------+---------------+----------------------------------+-------------+-------------+------------+----------+--------------+


+--------------------------------------------------------------------------------------------------------------------+
; Timing Analyzer Settings                                                                                           ;
+---------------------------------------------------------------------+--------------------+------+----+-------------+
; Option                                                              ; Setting            ; From ; To ; Entity Name ;
+---------------------------------------------------------------------+--------------------+------+----+-------------+
; Device Name                                                         ; EPM240T100C5       ;      ;    ;             ;
; Timing Models                                                       ; Final              ;      ;    ;             ;
; Default hold multicycle                                             ; Same as Multicycle ;      ;    ;             ;
; Cut paths between unrelated clock domains                           ; On                 ;      ;    ;             ;
; Cut off read during write signal paths                              ; On                 ;      ;    ;             ;
; Cut off feedback from I/O pins                                      ; On                 ;      ;    ;             ;
; Report Combined Fast/Slow Timing                                    ; Off                ;      ;    ;             ;
; Ignore Clock Settings                                               ; Off                ;      ;    ;             ;
; Analyze latches as synchronous elements                             ; Off                ;      ;    ;             ;
; Enable Recovery/Removal analysis                                    ; Off                ;      ;    ;             ;
; Enable Clock Latency                                                ; Off                ;      ;    ;             ;
; Use TimeQuest Timing Analyzer                                       ; Off                ;      ;    ;             ;
; Minimum Core Junction Temperature                                   ; 0                  ;      ;    ;             ;
; Maximum Core Junction Temperature                                   ; 85                 ;      ;    ;             ;
; Number of source nodes to report per destination node               ; 10                 ;      ;    ;             ;
; Number of destination nodes to report                               ; 10                 ;      ;    ;             ;
; Number of paths to report                                           ; 200                ;      ;    ;             ;
; Report Minimum Timing Checks                                        ; Off                ;      ;    ;             ;
; Use Fast Timing Models                                              ; Off                ;      ;    ;             ;
; Report IO Paths Separately                                          ; Off                ;      ;    ;             ;
; Perform Multicorner Analysis                                        ; Off                ;      ;    ;             ;
; Reports the worst-case path for each clock domain and analysis      ; Off                ;      ;    ;             ;
; Removes common clock path pessimism (CCPP) during slack computation ; Off                ;      ;    ;             ;
; Output I/O Timing Endpoint                                          ; Near End           ;      ;    ;             ;
+---------------------------------------------------------------------+--------------------+------+----+-------------+


+------------------------------------------------------------------------------------------------------------------------------------------------------------------------------------+
; Clock Settings Summary                                                                                                                                                             ;
+-----------------+--------------------+----------+------------------+---------------+--------------+----------+-----------------------+---------------------+--------+--------------+
; Clock Node Name ; Clock Setting Name ; Type     ; Fmax Requirement ; Early Latency ; Late Latency ; Based on ; Multiply Base Fmax by ; Divide Base Fmax by ; Offset ; Phase offset ;
+-----------------+--------------------+----------+------------------+---------------+--------------+----------+-----------------------+---------------------+--------+--------------+
; clk             ;                    ; User Pin ; None             ; 0.000 ns      ; 0.000 ns     ; --       ; N/A                   ; N/A                 ; N/A    ;              ;
+-----------------+--------------------+----------+------------------+---------------+--------------+----------+-----------------------+---------------------+--------+--------------+


+------------------------------------------+
; Parallel Compilation                     ;
+----------------------------+-------------+
; Processors                 ; Number      ;
+----------------------------+-------------+
; Number detected on machine ; 2           ;
; Maximum allowed            ; 2           ;
;                            ;             ;
; Average used               ; 1.00        ;
; Maximum used               ; 1           ;
;                            ;             ;
; Usage by Processor         ; % Time Used ;
;     1 processor            ; 100.0%      ;
;     2 processors           ;   0.0%      ;
+----------------------------+-------------+


+-----------------------------------------------------------------------------------------------------------------------------------------------------------------------------------------------------------------------------------------+
; Clock Setup: 'clk'                                                                                                                                                                                                                      ;
+-----------------------------------------+-----------------------------------------------------+--------------+--------------+------------+----------+-----------------------------+---------------------------+-------------------------+
; Slack                                   ; Actual fmax (period)                                ; From         ; To           ; From Clock ; To Clock ; Required Setup Relationship ; Required Longest P2P Time ; Actual Longest P2P Time ;
+-----------------------------------------+-----------------------------------------------------+--------------+--------------+------------+----------+-----------------------------+---------------------------+-------------------------+
; N/A                                     ; 79.42 MHz ( period = 12.591 ns )                    ; clk_div2[0]  ; clk_div2[11] ; clk        ; clk      ; None                        ; None                      ; 11.882 ns               ;
; N/A                                     ; 79.42 MHz ( period = 12.591 ns )                    ; clk_div2[0]  ; clk_div2[12] ; clk        ; clk      ; None                        ; None                      ; 11.882 ns               ;
; N/A                                     ; 79.42 MHz ( period = 12.591 ns )                    ; clk_div2[0]  ; clk_div2[10] ; clk        ; clk      ; None                        ; None                      ; 11.882 ns               ;
; N/A                                     ; 79.42 MHz ( period = 12.591 ns )                    ; clk_div2[0]  ; clk_div2[8]  ; clk        ; clk      ; None                        ; None                      ; 11.882 ns               ;
; N/A                                     ; 79.42 MHz ( period = 12.591 ns )                    ; clk_div2[0]  ; clk_div2[7]  ; clk        ; clk      ; None                        ; None                      ; 11.882 ns               ;
; N/A                                     ; 79.42 MHz ( period = 12.591 ns )                    ; clk_div2[0]  ; clk_div2[6]  ; clk        ; clk      ; None                        ; None                      ; 11.882 ns               ;
; N/A                                     ; 79.42 MHz ( period = 12.591 ns )                    ; clk_div2[0]  ; clk_div2[9]  ; clk        ; clk      ; None                        ; None                      ; 11.882 ns               ;
; N/A                                     ; 79.48 MHz ( period = 12.582 ns )                    ; clk_div2[12] ; clk_div2[11] ; clk        ; clk      ; None                        ; None                      ; 11.873 ns               ;
; N/A                                     ; 79.48 MHz ( period = 12.582 ns )                    ; clk_div2[12] ; clk_div2[12] ; clk        ; clk      ; None                        ; None                      ; 11.873 ns               ;
; N/A                                     ; 79.48 MHz ( period = 12.582 ns )                    ; clk_div2[12] ; clk_div2[10] ; clk        ; clk      ; None                        ; None                      ; 11.873 ns               ;
; N/A                                     ; 79.48 MHz ( period = 12.582 ns )                    ; clk_div2[12] ; clk_div2[8]  ; clk        ; clk      ; None                        ; None                      ; 11.873 ns               ;
; N/A                                     ; 79.48 MHz ( period = 12.582 ns )                    ; clk_div2[12] ; clk_div2[7]  ; clk        ; clk      ; None                        ; None                      ; 11.873 ns               ;
; N/A                                     ; 79.48 MHz ( period = 12.582 ns )                    ; clk_div2[12] ; clk_div2[6]  ; clk        ; clk      ; None                        ; None                      ; 11.873 ns               ;
; N/A                                     ; 79.48 MHz ( period = 12.582 ns )                    ; clk_div2[12] ; clk_div2[9]  ; clk        ; clk      ; None                        ; None                      ; 11.873 ns               ;
; N/A                                     ; 81.88 MHz ( period = 12.213 ns )                    ; clk_div2[9]  ; clk_div2[11] ; clk        ; clk      ; None                        ; None                      ; 11.504 ns               ;
; N/A                                     ; 81.88 MHz ( period = 12.213 ns )                    ; clk_div2[9]  ; clk_div2[12] ; clk        ; clk      ; None                        ; None                      ; 11.504 ns               ;
; N/A                                     ; 81.88 MHz ( period = 12.213 ns )                    ; clk_div2[9]  ; clk_div2[10] ; clk        ; clk      ; None                        ; None                      ; 11.504 ns               ;
; N/A                                     ; 81.88 MHz ( period = 12.213 ns )                    ; clk_div2[9]  ; clk_div2[8]  ; clk        ; clk      ; None                        ; None                      ; 11.504 ns               ;
; N/A                                     ; 81.88 MHz ( period = 12.213 ns )                    ; clk_div2[9]  ; clk_div2[7]  ; clk        ; clk      ; None                        ; None                      ; 11.504 ns               ;
; N/A                                     ; 81.88 MHz ( period = 12.213 ns )                    ; clk_div2[9]  ; clk_div2[6]  ; clk        ; clk      ; None                        ; None                      ; 11.504 ns               ;
; N/A                                     ; 81.88 MHz ( period = 12.213 ns )                    ; clk_div2[9]  ; clk_div2[9]  ; clk        ; clk      ; None                        ; None                      ; 11.504 ns               ;
; N/A                                     ; 81.93 MHz ( period = 12.205 ns )                    ; clk_div2[5]  ; clk_div2[11] ; clk        ; clk      ; None                        ; None                      ; 11.496 ns               ;
; N/A                                     ; 81.93 MHz ( period = 12.205 ns )                    ; clk_div2[5]  ; clk_div2[12] ; clk        ; clk      ; None                        ; None                      ; 11.496 ns               ;
; N/A                                     ; 81.93 MHz ( period = 12.205 ns )                    ; clk_div2[5]  ; clk_div2[10] ; clk        ; clk      ; None                        ; None                      ; 11.496 ns               ;
; N/A                                     ; 81.93 MHz ( period = 12.205 ns )                    ; clk_div2[5]  ; clk_div2[8]  ; clk        ; clk      ; None                        ; None                      ; 11.496 ns               ;
; N/A                                     ; 81.93 MHz ( period = 12.205 ns )                    ; clk_div2[5]  ; clk_div2[7]  ; clk        ; clk      ; None                        ; None                      ; 11.496 ns               ;
; N/A                                     ; 81.93 MHz ( period = 12.205 ns )                    ; clk_div2[5]  ; clk_div2[6]  ; clk        ; clk      ; None                        ; None                      ; 11.496 ns               ;
; N/A                                     ; 81.93 MHz ( period = 12.205 ns )                    ; clk_div2[5]  ; clk_div2[9]  ; clk        ; clk      ; None                        ; None                      ; 11.496 ns               ;
; N/A                                     ; 81.95 MHz ( period = 12.203 ns )                    ; clk_div2[0]  ; clk_div2[0]  ; clk        ; clk      ; None                        ; None                      ; 11.494 ns               ;
; N/A                                     ; 81.95 MHz ( period = 12.203 ns )                    ; clk_div2[0]  ; clk_div2[4]  ; clk        ; clk      ; None                        ; None                      ; 11.494 ns               ;
; N/A                                     ; 81.95 MHz ( period = 12.203 ns )                    ; clk_div2[0]  ; clk_div2[3]  ; clk        ; clk      ; None                        ; None                      ; 11.494 ns               ;
; N/A                                     ; 81.95 MHz ( period = 12.203 ns )                    ; clk_div2[0]  ; clk_div2[2]  ; clk        ; clk      ; None                        ; None                      ; 11.494 ns               ;
; N/A                                     ; 81.95 MHz ( period = 12.203 ns )                    ; clk_div2[0]  ; clk_div2[1]  ; clk        ; clk      ; None                        ; None                      ; 11.494 ns               ;
; N/A                                     ; 81.95 MHz ( period = 12.203 ns )                    ; clk_div2[0]  ; clk_div2[5]  ; clk        ; clk      ; None                        ; None                      ; 11.494 ns               ;
; N/A                                     ; 82.01 MHz ( period = 12.194 ns )                    ; clk_div2[12] ; clk_div2[0]  ; clk        ; clk      ; None                        ; None                      ; 11.485 ns               ;
; N/A                                     ; 82.01 MHz ( period = 12.194 ns )                    ; clk_div2[12] ; clk_div2[4]  ; clk        ; clk      ; None                        ; None                      ; 11.485 ns               ;
; N/A                                     ; 82.01 MHz ( period = 12.194 ns )                    ; clk_div2[12] ; clk_div2[3]  ; clk        ; clk      ; None                        ; None                      ; 11.485 ns               ;
; N/A                                     ; 82.01 MHz ( period = 12.194 ns )                    ; clk_div2[12] ; clk_div2[2]  ; clk        ; clk      ; None                        ; None                      ; 11.485 ns               ;
; N/A                                     ; 82.01 MHz ( period = 12.194 ns )                    ; clk_div2[12] ; clk_div2[1]  ; clk        ; clk      ; None                        ; None                      ; 11.485 ns               ;
; N/A                                     ; 82.01 MHz ( period = 12.194 ns )                    ; clk_div2[12] ; clk_div2[5]  ; clk        ; clk      ; None                        ; None                      ; 11.485 ns               ;
; N/A                                     ; 82.28 MHz ( period = 12.154 ns )                    ; clk_div2[4]  ; clk_div2[11] ; clk        ; clk      ; None                        ; None                      ; 11.445 ns               ;
; N/A                                     ; 82.28 MHz ( period = 12.154 ns )                    ; clk_div2[4]  ; clk_div2[12] ; clk        ; clk      ; None                        ; None                      ; 11.445 ns               ;
; N/A                                     ; 82.28 MHz ( period = 12.154 ns )                    ; clk_div2[4]  ; clk_div2[10] ; clk        ; clk      ; None                        ; None                      ; 11.445 ns               ;
; N/A                                     ; 82.28 MHz ( period = 12.154 ns )                    ; clk_div2[4]  ; clk_div2[8]  ; clk        ; clk      ; None                        ; None                      ; 11.445 ns               ;
; N/A                                     ; 82.28 MHz ( period = 12.154 ns )                    ; clk_div2[4]  ; clk_div2[7]  ; clk        ; clk      ; None                        ; None                      ; 11.445 ns               ;
; N/A                                     ; 82.28 MHz ( period = 12.154 ns )                    ; clk_div2[4]  ; clk_div2[6]  ; clk        ; clk      ; None                        ; None                      ; 11.445 ns               ;
; N/A                                     ; 82.28 MHz ( period = 12.154 ns )                    ; clk_div2[4]  ; clk_div2[9]  ; clk        ; clk      ; None                        ; None                      ; 11.445 ns               ;
; N/A                                     ; 82.40 MHz ( period = 12.136 ns )                    ; clk_div2[3]  ; clk_div2[11] ; clk        ; clk      ; None                        ; None                      ; 11.427 ns               ;
; N/A                                     ; 82.40 MHz ( period = 12.136 ns )                    ; clk_div2[3]  ; clk_div2[12] ; clk        ; clk      ; None                        ; None                      ; 11.427 ns               ;
; N/A                                     ; 82.40 MHz ( period = 12.136 ns )                    ; clk_div2[3]  ; clk_div2[10] ; clk        ; clk      ; None                        ; None                      ; 11.427 ns               ;
; N/A                                     ; 82.40 MHz ( period = 12.136 ns )                    ; clk_div2[3]  ; clk_div2[8]  ; clk        ; clk      ; None                        ; None                      ; 11.427 ns               ;
; N/A                                     ; 82.40 MHz ( period = 12.136 ns )                    ; clk_div2[3]  ; clk_div2[7]  ; clk        ; clk      ; None                        ; None                      ; 11.427 ns               ;
; N/A                                     ; 82.40 MHz ( period = 12.136 ns )                    ; clk_div2[3]  ; clk_div2[6]  ; clk        ; clk      ; None                        ; None                      ; 11.427 ns               ;
; N/A                                     ; 82.40 MHz ( period = 12.136 ns )                    ; clk_div2[3]  ; clk_div2[9]  ; clk        ; clk      ; None                        ; None                      ; 11.427 ns               ;
; N/A                                     ; 83.36 MHz ( period = 11.996 ns )                    ; clk_div2[8]  ; clk_div2[11] ; clk        ; clk      ; None                        ; None                      ; 11.287 ns               ;
; N/A                                     ; 83.36 MHz ( period = 11.996 ns )                    ; clk_div2[8]  ; clk_div2[12] ; clk        ; clk      ; None                        ; None                      ; 11.287 ns               ;
; N/A                                     ; 83.36 MHz ( period = 11.996 ns )                    ; clk_div2[8]  ; clk_div2[10] ; clk        ; clk      ; None                        ; None                      ; 11.287 ns               ;
; N/A                                     ; 83.36 MHz ( period = 11.996 ns )                    ; clk_div2[8]  ; clk_div2[8]  ; clk        ; clk      ; None                        ; None                      ; 11.287 ns               ;
; N/A                                     ; 83.36 MHz ( period = 11.996 ns )                    ; clk_div2[8]  ; clk_div2[7]  ; clk        ; clk      ; None                        ; None                      ; 11.287 ns               ;
; N/A                                     ; 83.36 MHz ( period = 11.996 ns )                    ; clk_div2[8]  ; clk_div2[6]  ; clk        ; clk      ; None                        ; None                      ; 11.287 ns               ;
; N/A                                     ; 83.36 MHz ( period = 11.996 ns )                    ; clk_div2[8]  ; clk_div2[9]  ; clk        ; clk      ; None                        ; None                      ; 11.287 ns               ;
; N/A                                     ; 84.57 MHz ( period = 11.825 ns )                    ; clk_div2[9]  ; clk_div2[0]  ; clk        ; clk      ; None                        ; None                      ; 11.116 ns               ;
; N/A                                     ; 84.57 MHz ( period = 11.825 ns )                    ; clk_div2[9]  ; clk_div2[4]  ; clk        ; clk      ; None                        ; None                      ; 11.116 ns               ;
; N/A                                     ; 84.57 MHz ( period = 11.825 ns )                    ; clk_div2[9]  ; clk_div2[3]  ; clk        ; clk      ; None                        ; None                      ; 11.116 ns               ;
; N/A                                     ; 84.57 MHz ( period = 11.825 ns )                    ; clk_div2[9]  ; clk_div2[2]  ; clk        ; clk      ; None                        ; None                      ; 11.116 ns               ;
; N/A                                     ; 84.57 MHz ( period = 11.825 ns )                    ; clk_div2[9]  ; clk_div2[1]  ; clk        ; clk      ; None                        ; None                      ; 11.116 ns               ;
; N/A                                     ; 84.57 MHz ( period = 11.825 ns )                    ; clk_div2[9]  ; clk_div2[5]  ; clk        ; clk      ; None                        ; None                      ; 11.116 ns               ;
; N/A                                     ; 84.62 MHz ( period = 11.817 ns )                    ; clk_div2[5]  ; clk_div2[0]  ; clk        ; clk      ; None                        ; None                      ; 11.108 ns               ;
; N/A                                     ; 84.62 MHz ( period = 11.817 ns )                    ; clk_div2[5]  ; clk_div2[4]  ; clk        ; clk      ; None                        ; None                      ; 11.108 ns               ;
; N/A                                     ; 84.62 MHz ( period = 11.817 ns )                    ; clk_div2[5]  ; clk_div2[3]  ; clk        ; clk      ; None                        ; None                      ; 11.108 ns               ;
; N/A                                     ; 84.62 MHz ( period = 11.817 ns )                    ; clk_div2[5]  ; clk_div2[2]  ; clk        ; clk      ; None                        ; None                      ; 11.108 ns               ;
; N/A                                     ; 84.62 MHz ( period = 11.817 ns )                    ; clk_div2[5]  ; clk_div2[1]  ; clk        ; clk      ; None                        ; None                      ; 11.108 ns               ;
; N/A                                     ; 84.62 MHz ( period = 11.817 ns )                    ; clk_div2[5]  ; clk_div2[5]  ; clk        ; clk      ; None                        ; None                      ; 11.108 ns               ;
; N/A                                     ; 84.99 MHz ( period = 11.766 ns )                    ; clk_div2[4]  ; clk_div2[0]  ; clk        ; clk      ; None                        ; None                      ; 11.057 ns               ;
; N/A                                     ; 84.99 MHz ( period = 11.766 ns )                    ; clk_div2[4]  ; clk_div2[4]  ; clk        ; clk      ; None                        ; None                      ; 11.057 ns               ;
; N/A                                     ; 84.99 MHz ( period = 11.766 ns )                    ; clk_div2[4]  ; clk_div2[3]  ; clk        ; clk      ; None                        ; None                      ; 11.057 ns               ;
; N/A                                     ; 84.99 MHz ( period = 11.766 ns )                    ; clk_div2[4]  ; clk_div2[2]  ; clk        ; clk      ; None                        ; None                      ; 11.057 ns               ;
; N/A                                     ; 84.99 MHz ( period = 11.766 ns )                    ; clk_div2[4]  ; clk_div2[1]  ; clk        ; clk      ; None                        ; None                      ; 11.057 ns               ;
; N/A                                     ; 84.99 MHz ( period = 11.766 ns )                    ; clk_div2[4]  ; clk_div2[5]  ; clk        ; clk      ; None                        ; None                      ; 11.057 ns               ;
; N/A                                     ; 85.12 MHz ( period = 11.748 ns )                    ; clk_div2[3]  ; clk_div2[0]  ; clk        ; clk      ; None                        ; None                      ; 11.039 ns               ;
; N/A                                     ; 85.12 MHz ( period = 11.748 ns )                    ; clk_div2[3]  ; clk_div2[4]  ; clk        ; clk      ; None                        ; None                      ; 11.039 ns               ;
; N/A                                     ; 85.12 MHz ( period = 11.748 ns )                    ; clk_div2[3]  ; clk_div2[3]  ; clk        ; clk      ; None                        ; None                      ; 11.039 ns               ;
; N/A                                     ; 85.12 MHz ( period = 11.748 ns )                    ; clk_div2[3]  ; clk_div2[2]  ; clk        ; clk      ; None                        ; None                      ; 11.039 ns               ;
; N/A                                     ; 85.12 MHz ( period = 11.748 ns )                    ; clk_div2[3]  ; clk_div2[1]  ; clk        ; clk      ; None                        ; None                      ; 11.039 ns               ;
; N/A                                     ; 85.12 MHz ( period = 11.748 ns )                    ; clk_div2[3]  ; clk_div2[5]  ; clk        ; clk      ; None                        ; None                      ; 11.039 ns               ;
; N/A                                     ; 85.17 MHz ( period = 11.741 ns )                    ; clk_div2[7]  ; clk_div2[11] ; clk        ; clk      ; None                        ; None                      ; 11.032 ns               ;
; N/A                                     ; 85.17 MHz ( period = 11.741 ns )                    ; clk_div2[7]  ; clk_div2[12] ; clk        ; clk      ; None                        ; None                      ; 11.032 ns               ;
; N/A                                     ; 85.17 MHz ( period = 11.741 ns )                    ; clk_div2[7]  ; clk_div2[10] ; clk        ; clk      ; None                        ; None                      ; 11.032 ns               ;
; N/A                                     ; 85.17 MHz ( period = 11.741 ns )                    ; clk_div2[7]  ; clk_div2[8]  ; clk        ; clk      ; None                        ; None                      ; 11.032 ns               ;
; N/A                                     ; 85.17 MHz ( period = 11.741 ns )                    ; clk_div2[7]  ; clk_div2[7]  ; clk        ; clk      ; None                        ; None                      ; 11.032 ns               ;
; N/A                                     ; 85.17 MHz ( period = 11.741 ns )                    ; clk_div2[7]  ; clk_div2[6]  ; clk        ; clk      ; None                        ; None                      ; 11.032 ns               ;
; N/A                                     ; 85.17 MHz ( period = 11.741 ns )                    ; clk_div2[7]  ; clk_div2[9]  ; clk        ; clk      ; None                        ; None                      ; 11.032 ns               ;
; N/A                                     ; 86.03 MHz ( period = 11.624 ns )                    ; clk_div2[11] ; clk_div2[11] ; clk        ; clk      ; None                        ; None                      ; 10.915 ns               ;
; N/A                                     ; 86.03 MHz ( period = 11.624 ns )                    ; clk_div2[11] ; clk_div2[12] ; clk        ; clk      ; None                        ; None                      ; 10.915 ns               ;
; N/A                                     ; 86.03 MHz ( period = 11.624 ns )                    ; clk_div2[11] ; clk_div2[10] ; clk        ; clk      ; None                        ; None                      ; 10.915 ns               ;
; N/A                                     ; 86.03 MHz ( period = 11.624 ns )                    ; clk_div2[11] ; clk_div2[8]  ; clk        ; clk      ; None                        ; None                      ; 10.915 ns               ;
; N/A                                     ; 86.03 MHz ( period = 11.624 ns )                    ; clk_div2[11] ; clk_div2[7]  ; clk        ; clk      ; None                        ; None                      ; 10.915 ns               ;
; N/A                                     ; 86.03 MHz ( period = 11.624 ns )                    ; clk_div2[11] ; clk_div2[6]  ; clk        ; clk      ; None                        ; None                      ; 10.915 ns               ;
; N/A                                     ; 86.03 MHz ( period = 11.624 ns )                    ; clk_div2[11] ; clk_div2[9]  ; clk        ; clk      ; None                        ; None                      ; 10.915 ns               ;
; N/A                                     ; 86.15 MHz ( period = 11.608 ns )                    ; clk_div2[8]  ; clk_div2[0]  ; clk        ; clk      ; None                        ; None                      ; 10.899 ns               ;
; N/A                                     ; 86.15 MHz ( period = 11.608 ns )                    ; clk_div2[8]  ; clk_div2[4]  ; clk        ; clk      ; None                        ; None                      ; 10.899 ns               ;
; N/A                                     ; 86.15 MHz ( period = 11.608 ns )                    ; clk_div2[8]  ; clk_div2[3]  ; clk        ; clk      ; None                        ; None                      ; 10.899 ns               ;
; N/A                                     ; 86.15 MHz ( period = 11.608 ns )                    ; clk_div2[8]  ; clk_div2[2]  ; clk        ; clk      ; None                        ; None                      ; 10.899 ns               ;
; N/A                                     ; 86.15 MHz ( period = 11.608 ns )                    ; clk_div2[8]  ; clk_div2[1]  ; clk        ; clk      ; None                        ; None                      ; 10.899 ns               ;
; N/A                                     ; 86.15 MHz ( period = 11.608 ns )                    ; clk_div2[8]  ; clk_div2[5]  ; clk        ; clk      ; None                        ; None                      ; 10.899 ns               ;
; N/A                                     ; 86.57 MHz ( period = 11.552 ns )                    ; clk_div2[6]  ; clk_div2[11] ; clk        ; clk      ; None                        ; None                      ; 10.843 ns               ;
; N/A                                     ; 86.57 MHz ( period = 11.552 ns )                    ; clk_div2[6]  ; clk_div2[12] ; clk        ; clk      ; None                        ; None                      ; 10.843 ns               ;
; N/A                                     ; 86.57 MHz ( period = 11.552 ns )                    ; clk_div2[6]  ; clk_div2[10] ; clk        ; clk      ; None                        ; None                      ; 10.843 ns               ;
; N/A                                     ; 86.57 MHz ( period = 11.552 ns )                    ; clk_div2[6]  ; clk_div2[8]  ; clk        ; clk      ; None                        ; None                      ; 10.843 ns               ;
; N/A                                     ; 86.57 MHz ( period = 11.552 ns )                    ; clk_div2[6]  ; clk_div2[7]  ; clk        ; clk      ; None                        ; None                      ; 10.843 ns               ;
; N/A                                     ; 86.57 MHz ( period = 11.552 ns )                    ; clk_div2[6]  ; clk_div2[6]  ; clk        ; clk      ; None                        ; None                      ; 10.843 ns               ;
; N/A                                     ; 86.57 MHz ( period = 11.552 ns )                    ; clk_div2[6]  ; clk_div2[9]  ; clk        ; clk      ; None                        ; None                      ; 10.843 ns               ;
; N/A                                     ; 88.06 MHz ( period = 11.356 ns )                    ; clk_div2[2]  ; clk_div2[11] ; clk        ; clk      ; None                        ; None                      ; 10.647 ns               ;
; N/A                                     ; 88.06 MHz ( period = 11.356 ns )                    ; clk_div2[2]  ; clk_div2[12] ; clk        ; clk      ; None                        ; None                      ; 10.647 ns               ;
; N/A                                     ; 88.06 MHz ( period = 11.356 ns )                    ; clk_div2[2]  ; clk_div2[10] ; clk        ; clk      ; None                        ; None                      ; 10.647 ns               ;
; N/A                                     ; 88.06 MHz ( period = 11.356 ns )                    ; clk_div2[2]  ; clk_div2[8]  ; clk        ; clk      ; None                        ; None                      ; 10.647 ns               ;
; N/A                                     ; 88.06 MHz ( period = 11.356 ns )                    ; clk_div2[2]  ; clk_div2[7]  ; clk        ; clk      ; None                        ; None                      ; 10.647 ns               ;
; N/A                                     ; 88.06 MHz ( period = 11.356 ns )                    ; clk_div2[2]  ; clk_div2[6]  ; clk        ; clk      ; None                        ; None                      ; 10.647 ns               ;
; N/A                                     ; 88.06 MHz ( period = 11.356 ns )                    ; clk_div2[2]  ; clk_div2[9]  ; clk        ; clk      ; None                        ; None                      ; 10.647 ns               ;
; N/A                                     ; 88.08 MHz ( period = 11.353 ns )                    ; clk_div2[7]  ; clk_div2[0]  ; clk        ; clk      ; None                        ; None                      ; 10.644 ns               ;
; N/A                                     ; 88.08 MHz ( period = 11.353 ns )                    ; clk_div2[7]  ; clk_div2[4]  ; clk        ; clk      ; None                        ; None                      ; 10.644 ns               ;
; N/A                                     ; 88.08 MHz ( period = 11.353 ns )                    ; clk_div2[7]  ; clk_div2[3]  ; clk        ; clk      ; None                        ; None                      ; 10.644 ns               ;
; N/A                                     ; 88.08 MHz ( period = 11.353 ns )                    ; clk_div2[7]  ; clk_div2[2]  ; clk        ; clk      ; None                        ; None                      ; 10.644 ns               ;
; N/A                                     ; 88.08 MHz ( period = 11.353 ns )                    ; clk_div2[7]  ; clk_div2[1]  ; clk        ; clk      ; None                        ; None                      ; 10.644 ns               ;
; N/A                                     ; 88.08 MHz ( period = 11.353 ns )                    ; clk_div2[7]  ; clk_div2[5]  ; clk        ; clk      ; None                        ; None                      ; 10.644 ns               ;
; N/A                                     ; 88.35 MHz ( period = 11.318 ns )                    ; clk_div2[1]  ; clk_div2[11] ; clk        ; clk      ; None                        ; None                      ; 10.609 ns               ;
; N/A                                     ; 88.35 MHz ( period = 11.318 ns )                    ; clk_div2[1]  ; clk_div2[12] ; clk        ; clk      ; None                        ; None                      ; 10.609 ns               ;
; N/A                                     ; 88.35 MHz ( period = 11.318 ns )                    ; clk_div2[1]  ; clk_div2[10] ; clk        ; clk      ; None                        ; None                      ; 10.609 ns               ;
; N/A                                     ; 88.35 MHz ( period = 11.318 ns )                    ; clk_div2[1]  ; clk_div2[8]  ; clk        ; clk      ; None                        ; None                      ; 10.609 ns               ;
; N/A                                     ; 88.35 MHz ( period = 11.318 ns )                    ; clk_div2[1]  ; clk_div2[7]  ; clk        ; clk      ; None                        ; None                      ; 10.609 ns               ;
; N/A                                     ; 88.35 MHz ( period = 11.318 ns )                    ; clk_div2[1]  ; clk_div2[6]  ; clk        ; clk      ; None                        ; None                      ; 10.609 ns               ;
; N/A                                     ; 88.35 MHz ( period = 11.318 ns )                    ; clk_div2[1]  ; clk_div2[9]  ; clk        ; clk      ; None                        ; None                      ; 10.609 ns               ;
; N/A                                     ; 88.57 MHz ( period = 11.291 ns )                    ; state.111    ; clk_div2[11] ; clk        ; clk      ; None                        ; None                      ; 10.582 ns               ;
; N/A                                     ; 88.57 MHz ( period = 11.291 ns )                    ; state.111    ; clk_div2[12] ; clk        ; clk      ; None                        ; None                      ; 10.582 ns               ;
; N/A                                     ; 88.57 MHz ( period = 11.291 ns )                    ; state.111    ; clk_div2[10] ; clk        ; clk      ; None                        ; None                      ; 10.582 ns               ;
; N/A                                     ; 88.57 MHz ( period = 11.291 ns )                    ; state.111    ; clk_div2[8]  ; clk        ; clk      ; None                        ; None                      ; 10.582 ns               ;
; N/A                                     ; 88.57 MHz ( period = 11.291 ns )                    ; state.111    ; clk_div2[7]  ; clk        ; clk      ; None                        ; None                      ; 10.582 ns               ;
; N/A                                     ; 88.57 MHz ( period = 11.291 ns )                    ; state.111    ; clk_div2[6]  ; clk        ; clk      ; None                        ; None                      ; 10.582 ns               ;
; N/A                                     ; 88.57 MHz ( period = 11.291 ns )                    ; state.111    ; clk_div2[9]  ; clk        ; clk      ; None                        ; None                      ; 10.582 ns               ;
; N/A                                     ; 89.00 MHz ( period = 11.236 ns )                    ; clk_div2[11] ; clk_div2[0]  ; clk        ; clk      ; None                        ; None                      ; 10.527 ns               ;
; N/A                                     ; 89.00 MHz ( period = 11.236 ns )                    ; clk_div2[11] ; clk_div2[4]  ; clk        ; clk      ; None                        ; None                      ; 10.527 ns               ;
; N/A                                     ; 89.00 MHz ( period = 11.236 ns )                    ; clk_div2[11] ; clk_div2[3]  ; clk        ; clk      ; None                        ; None                      ; 10.527 ns               ;
; N/A                                     ; 89.00 MHz ( period = 11.236 ns )                    ; clk_div2[11] ; clk_div2[2]  ; clk        ; clk      ; None                        ; None                      ; 10.527 ns               ;
; N/A                                     ; 89.00 MHz ( period = 11.236 ns )                    ; clk_div2[11] ; clk_div2[1]  ; clk        ; clk      ; None                        ; None                      ; 10.527 ns               ;
; N/A                                     ; 89.00 MHz ( period = 11.236 ns )                    ; clk_div2[11] ; clk_div2[5]  ; clk        ; clk      ; None                        ; None                      ; 10.527 ns               ;
; N/A                                     ; 89.56 MHz ( period = 11.166 ns )                    ; clk_div2[10] ; clk_div2[11] ; clk        ; clk      ; None                        ; None                      ; 10.457 ns               ;
; N/A                                     ; 89.56 MHz ( period = 11.166 ns )                    ; clk_div2[10] ; clk_div2[12] ; clk        ; clk      ; None                        ; None                      ; 10.457 ns               ;
; N/A                                     ; 89.56 MHz ( period = 11.166 ns )                    ; clk_div2[10] ; clk_div2[10] ; clk        ; clk      ; None                        ; None                      ; 10.457 ns               ;
; N/A                                     ; 89.56 MHz ( period = 11.166 ns )                    ; clk_div2[10] ; clk_div2[8]  ; clk        ; clk      ; None                        ; None                      ; 10.457 ns               ;
; N/A                                     ; 89.56 MHz ( period = 11.166 ns )                    ; clk_div2[10] ; clk_div2[7]  ; clk        ; clk      ; None                        ; None                      ; 10.457 ns               ;
; N/A                                     ; 89.56 MHz ( period = 11.166 ns )                    ; clk_div2[10] ; clk_div2[6]  ; clk        ; clk      ; None                        ; None                      ; 10.457 ns               ;
; N/A                                     ; 89.56 MHz ( period = 11.166 ns )                    ; clk_div2[10] ; clk_div2[9]  ; clk        ; clk      ; None                        ; None                      ; 10.457 ns               ;
; N/A                                     ; 89.57 MHz ( period = 11.164 ns )                    ; clk_div2[6]  ; clk_div2[0]  ; clk        ; clk      ; None                        ; None                      ; 10.455 ns               ;
; N/A                                     ; 89.57 MHz ( period = 11.164 ns )                    ; clk_div2[6]  ; clk_div2[4]  ; clk        ; clk      ; None                        ; None                      ; 10.455 ns               ;
; N/A                                     ; 89.57 MHz ( period = 11.164 ns )                    ; clk_div2[6]  ; clk_div2[3]  ; clk        ; clk      ; None                        ; None                      ; 10.455 ns               ;
; N/A                                     ; 89.57 MHz ( period = 11.164 ns )                    ; clk_div2[6]  ; clk_div2[2]  ; clk        ; clk      ; None                        ; None                      ; 10.455 ns               ;
; N/A                                     ; 89.57 MHz ( period = 11.164 ns )                    ; clk_div2[6]  ; clk_div2[1]  ; clk        ; clk      ; None                        ; None                      ; 10.455 ns               ;
; N/A                                     ; 89.57 MHz ( period = 11.164 ns )                    ; clk_div2[6]  ; clk_div2[5]  ; clk        ; clk      ; None                        ; None                      ; 10.455 ns               ;
; N/A                                     ; 89.68 MHz ( period = 11.151 ns )                    ; state.000    ; clk_div2[11] ; clk        ; clk      ; None                        ; None                      ; 10.442 ns               ;
; N/A                                     ; 89.68 MHz ( period = 11.151 ns )                    ; state.000    ; clk_div2[12] ; clk        ; clk      ; None                        ; None                      ; 10.442 ns               ;
; N/A                                     ; 89.68 MHz ( period = 11.151 ns )                    ; state.000    ; clk_div2[10] ; clk        ; clk      ; None                        ; None                      ; 10.442 ns               ;
; N/A                                     ; 89.68 MHz ( period = 11.151 ns )                    ; state.000    ; clk_div2[8]  ; clk        ; clk      ; None                        ; None                      ; 10.442 ns               ;
; N/A                                     ; 89.68 MHz ( period = 11.151 ns )                    ; state.000    ; clk_div2[7]  ; clk        ; clk      ; None                        ; None                      ; 10.442 ns               ;
; N/A                                     ; 89.68 MHz ( period = 11.151 ns )                    ; state.000    ; clk_div2[6]  ; clk        ; clk      ; None                        ; None                      ; 10.442 ns               ;
; N/A                                     ; 89.68 MHz ( period = 11.151 ns )                    ; state.000    ; clk_div2[9]  ; clk        ; clk      ; None                        ; None                      ; 10.442 ns               ;
; N/A                                     ; 89.69 MHz ( period = 11.149 ns )                    ; state.010    ; clk_div2[11] ; clk        ; clk      ; None                        ; None                      ; 10.440 ns               ;
; N/A                                     ; 89.69 MHz ( period = 11.149 ns )                    ; state.010    ; clk_div2[12] ; clk        ; clk      ; None                        ; None                      ; 10.440 ns               ;
; N/A                                     ; 89.69 MHz ( period = 11.149 ns )                    ; state.010    ; clk_div2[10] ; clk        ; clk      ; None                        ; None                      ; 10.440 ns               ;
; N/A                                     ; 89.69 MHz ( period = 11.149 ns )                    ; state.010    ; clk_div2[8]  ; clk        ; clk      ; None                        ; None                      ; 10.440 ns               ;
; N/A                                     ; 89.69 MHz ( period = 11.149 ns )                    ; state.010    ; clk_div2[7]  ; clk        ; clk      ; None                        ; None                      ; 10.440 ns               ;
; N/A                                     ; 89.69 MHz ( period = 11.149 ns )                    ; state.010    ; clk_div2[6]  ; clk        ; clk      ; None                        ; None                      ; 10.440 ns               ;
; N/A                                     ; 89.69 MHz ( period = 11.149 ns )                    ; state.010    ; clk_div2[9]  ; clk        ; clk      ; None                        ; None                      ; 10.440 ns               ;
; N/A                                     ; 89.98 MHz ( period = 11.114 ns )                    ; clk_div2[12] ; out~reg0     ; clk        ; clk      ; None                        ; None                      ; 10.405 ns               ;
; N/A                                     ; 90.63 MHz ( period = 11.034 ns )                    ; state.001    ; clk_div2[11] ; clk        ; clk      ; None                        ; None                      ; 10.325 ns               ;
; N/A                                     ; 90.63 MHz ( period = 11.034 ns )                    ; state.001    ; clk_div2[12] ; clk        ; clk      ; None                        ; None                      ; 10.325 ns               ;
; N/A                                     ; 90.63 MHz ( period = 11.034 ns )                    ; state.001    ; clk_div2[10] ; clk        ; clk      ; None                        ; None                      ; 10.325 ns               ;
; N/A                                     ; 90.63 MHz ( period = 11.034 ns )                    ; state.001    ; clk_div2[8]  ; clk        ; clk      ; None                        ; None                      ; 10.325 ns               ;
; N/A                                     ; 90.63 MHz ( period = 11.034 ns )                    ; state.001    ; clk_div2[7]  ; clk        ; clk      ; None                        ; None                      ; 10.325 ns               ;
; N/A                                     ; 90.63 MHz ( period = 11.034 ns )                    ; state.001    ; clk_div2[6]  ; clk        ; clk      ; None                        ; None                      ; 10.325 ns               ;
; N/A                                     ; 90.63 MHz ( period = 11.034 ns )                    ; state.001    ; clk_div2[9]  ; clk        ; clk      ; None                        ; None                      ; 10.325 ns               ;
; N/A                                     ; 91.17 MHz ( period = 10.968 ns )                    ; clk_div2[2]  ; clk_div2[0]  ; clk        ; clk      ; None                        ; None                      ; 10.259 ns               ;
; N/A                                     ; 91.17 MHz ( period = 10.968 ns )                    ; clk_div2[2]  ; clk_div2[4]  ; clk        ; clk      ; None                        ; None                      ; 10.259 ns               ;
; N/A                                     ; 91.17 MHz ( period = 10.968 ns )                    ; clk_div2[2]  ; clk_div2[3]  ; clk        ; clk      ; None                        ; None                      ; 10.259 ns               ;
; N/A                                     ; 91.17 MHz ( period = 10.968 ns )                    ; clk_div2[2]  ; clk_div2[2]  ; clk        ; clk      ; None                        ; None                      ; 10.259 ns               ;
; N/A                                     ; 91.17 MHz ( period = 10.968 ns )                    ; clk_div2[2]  ; clk_div2[1]  ; clk        ; clk      ; None                        ; None                      ; 10.259 ns               ;
; N/A                                     ; 91.17 MHz ( period = 10.968 ns )                    ; clk_div2[2]  ; clk_div2[5]  ; clk        ; clk      ; None                        ; None                      ; 10.259 ns               ;
; N/A                                     ; 91.46 MHz ( period = 10.934 ns )                    ; clk_div2[7]  ; out~reg0     ; clk        ; clk      ; None                        ; None                      ; 10.225 ns               ;
; N/A                                     ; 91.48 MHz ( period = 10.931 ns )                    ; state.011    ; clk_div2[11] ; clk        ; clk      ; None                        ; None                      ; 10.222 ns               ;
; N/A                                     ; 91.48 MHz ( period = 10.931 ns )                    ; state.011    ; clk_div2[12] ; clk        ; clk      ; None                        ; None                      ; 10.222 ns               ;
; N/A                                     ; 91.48 MHz ( period = 10.931 ns )                    ; state.011    ; clk_div2[10] ; clk        ; clk      ; None                        ; None                      ; 10.222 ns               ;
; N/A                                     ; 91.48 MHz ( period = 10.931 ns )                    ; state.011    ; clk_div2[8]  ; clk        ; clk      ; None                        ; None                      ; 10.222 ns               ;
; N/A                                     ; 91.48 MHz ( period = 10.931 ns )                    ; state.011    ; clk_div2[7]  ; clk        ; clk      ; None                        ; None                      ; 10.222 ns               ;
; N/A                                     ; 91.48 MHz ( period = 10.931 ns )                    ; state.011    ; clk_div2[6]  ; clk        ; clk      ; None                        ; None                      ; 10.222 ns               ;
; N/A                                     ; 91.48 MHz ( period = 10.931 ns )                    ; state.011    ; clk_div2[9]  ; clk        ; clk      ; None                        ; None                      ; 10.222 ns               ;
; N/A                                     ; 91.49 MHz ( period = 10.930 ns )                    ; clk_div2[1]  ; clk_div2[0]  ; clk        ; clk      ; None                        ; None                      ; 10.221 ns               ;
; N/A                                     ; 91.49 MHz ( period = 10.930 ns )                    ; clk_div2[1]  ; clk_div2[4]  ; clk        ; clk      ; None                        ; None                      ; 10.221 ns               ;
; N/A                                     ; 91.49 MHz ( period = 10.930 ns )                    ; clk_div2[1]  ; clk_div2[3]  ; clk        ; clk      ; None                        ; None                      ; 10.221 ns               ;
; N/A                                     ; 91.49 MHz ( period = 10.930 ns )                    ; clk_div2[1]  ; clk_div2[2]  ; clk        ; clk      ; None                        ; None                      ; 10.221 ns               ;
; N/A                                     ; 91.49 MHz ( period = 10.930 ns )                    ; clk_div2[1]  ; clk_div2[1]  ; clk        ; clk      ; None                        ; None                      ; 10.221 ns               ;
; N/A                                     ; 91.49 MHz ( period = 10.930 ns )                    ; clk_div2[1]  ; clk_div2[5]  ; clk        ; clk      ; None                        ; None                      ; 10.221 ns               ;
; Timing analysis restricted to 200 rows. ; To change the limit use Settings (Assignments menu) ;              ;              ;            ;          ;                             ;                           ;                         ;
+-----------------------------------------+-----------------------------------------------------+--------------+--------------+------------+----------+-----------------------------+---------------------------+-------------------------+


+-----------------------------------------------------------------+
; tco                                                             ;
+-------+--------------+------------+----------+-----+------------+
; Slack ; Required tco ; Actual tco ; From     ; To  ; From Clock ;
+-------+--------------+------------+----------+-----+------------+
; N/A   ; None         ; 6.827 ns   ; out~reg0 ; out ; clk        ;
+-------+--------------+------------+----------+-----+------------+


+--------------------------+
; Timing Analyzer Messages ;
+--------------------------+
Info: *******************************************************************
Info: Running Quartus II Classic Timing Analyzer
    Info: Version 9.0 Build 235 06/17/2009 Service Pack 2 SJ Web Edition
    Info: Processing started: Thu Jul 04 19:14:02 2013
Info: Command: quartus_tan --read_settings_files=off --write_settings_files=off buzzer -c buzzer
Info: Parallel compilation is enabled and will use 2 of the 2 processors detected
Info: Started post-fitting delay annotation
Info: Delay annotation completed successfully
Warning: Found pins functioning as undefined clocks and/or memory enables
    Info: Assuming node "clk" is an undefined clock
Info: Clock "clk" has Internal fmax of 79.42 MHz between source register "clk_div2[0]" and destination register "clk_div2[11]" (period= 12.591 ns)
    Info: + Longest register to register delay is 11.882 ns
        Info: 1: + IC(0.000 ns) + CELL(0.000 ns) = 0.000 ns; Loc. = LC_X3_Y1_N4; Fanout = 4; REG Node = 'clk_div2[0]'
        Info: 2: + IC(1.303 ns) + CELL(0.200 ns) = 1.503 ns; Loc. = LC_X4_Y1_N9; Fanout = 2; COMB Node = 'Equal5~0'
        Info: 3: + IC(1.198 ns) + CELL(0.511 ns) = 3.212 ns; Loc. = LC_X5_Y1_N7; Fanout = 2; COMB Node = 'Equal5~1'
        Info: 4: + IC(1.131 ns) + CELL(0.200 ns) = 4.543 ns; Loc. = LC_X6_Y1_N8; Fanout = 2; COMB Node = 'Equal6~0'
        Info: 5: + IC(0.728 ns) + CELL(0.200 ns) = 5.471 ns; Loc. = LC_X6_Y1_N7; Fanout = 2; COMB Node = 'Equal6~2'
        Info: 6: + IC(0.789 ns) + CELL(0.511 ns) = 6.771 ns; Loc. = LC_X6_Y1_N3; Fanout = 1; COMB Node = 'clk_div2[12]~138'
        Info: 7: + IC(1.770 ns) + CELL(0.511 ns) = 9.052 ns; Loc. = LC_X3_Y1_N1; Fanout = 13; COMB Node = 'clk_div2[12]~140'
        Info: 8: + IC(1.070 ns) + CELL(1.760 ns) = 11.882 ns; Loc. = LC_X4_Y1_N5; Fanout = 8; REG Node = 'clk_div2[11]'
        Info: Total cell delay = 3.893 ns ( 32.76 % )
        Info: Total interconnect delay = 7.989 ns ( 67.24 % )
    Info: - Smallest clock skew is 0.000 ns
        Info: + Shortest clock path from clock "clk" to destination register is 3.348 ns
            Info: 1: + IC(0.000 ns) + CELL(1.163 ns) = 1.163 ns; Loc. = PIN_12; Fanout = 48; CLK Node = 'clk'
            Info: 2: + IC(1.267 ns) + CELL(0.918 ns) = 3.348 ns; Loc. = LC_X4_Y1_N5; Fanout = 8; REG Node = 'clk_div2[11]'
            Info: Total cell delay = 2.081 ns ( 62.16 % )
            Info: Total interconnect delay = 1.267 ns ( 37.84 % )
        Info: - Longest clock path from clock "clk" to source register is 3.348 ns
            Info: 1: + IC(0.000 ns) + CELL(1.163 ns) = 1.163 ns; Loc. = PIN_12; Fanout = 48; CLK Node = 'clk'
            Info: 2: + IC(1.267 ns) + CELL(0.918 ns) = 3.348 ns; Loc. = LC_X3_Y1_N4; Fanout = 4; REG Node = 'clk_div2[0]'
            Info: Total cell delay = 2.081 ns ( 62.16 % )
            Info: Total interconnect delay = 1.267 ns ( 37.84 % )
    Info: + Micro clock to output delay of source is 0.376 ns
    Info: + Micro setup delay of destination is 0.333 ns
Info: tco from clock "clk" to destination pin "out" through register "out~reg0" is 6.827 ns
    Info: + Longest clock path from clock "clk" to source register is 3.348 ns
        Info: 1: + IC(0.000 ns) + CELL(1.163 ns) = 1.163 ns; Loc. = PIN_12; Fanout = 48; CLK Node = 'clk'
        Info: 2: + IC(1.267 ns) + CELL(0.918 ns) = 3.348 ns; Loc. = LC_X7_Y1_N6; Fanout = 9; REG Node = 'out~reg0'
        Info: Total cell delay = 2.081 ns ( 62.16 % )
        Info: Total interconnect delay = 1.267 ns ( 37.84 % )
    Info: + Micro clock to output delay of source is 0.376 ns
    Info: + Longest register to pin delay is 3.103 ns
        Info: 1: + IC(0.000 ns) + CELL(0.000 ns) = 0.000 ns; Loc. = LC_X7_Y1_N6; Fanout = 9; REG Node = 'out~reg0'
        Info: 2: + IC(0.781 ns) + CELL(2.322 ns) = 3.103 ns; Loc. = PIN_50; Fanout = 0; PIN Node = 'out'
        Info: Total cell delay = 2.322 ns ( 74.83 % )
        Info: Total interconnect delay = 0.781 ns ( 25.17 % )
Info: Quartus II Classic Timing Analyzer was successful. 0 errors, 1 warning
    Info: Peak virtual memory: 133 megabytes
    Info: Processing ended: Thu Jul 04 19:14:03 2013
    Info: Elapsed time: 00:00:01
    Info: Total CPU time (on all processors): 00:00:01


