Classic Timing Analyzer report for ledwater
Thu Jul 04 19:10:49 2013
Quartus II Version 9.0 Build 235 06/17/2009 Service Pack 2 SJ Web Edition


---------------------
; Table of Contents ;
---------------------
  1. Legal Notice
  2. Timing Analyzer Summary
  3. Timing Analyzer Settings
  4. Clock Settings Summary
  5. Parallel Compilation
  6. Clock Setup: 'clk_50M'
  7. tco
  8. Timing Analyzer Messages



----------------
; Legal Notice ;
----------------
Copyright (C) 1991-2009 Altera Corporation
Your use of Altera Corporation's design tools, logic functions 
and other software and tools, and its AMPP partner logic 
functions, and any output files from any of the foregoing 
(including device programming or simulation files), and any 
associated documentation or information are expressly subject 
to the terms and conditions of the Altera Program License 
Subscription Agreement, Altera MegaCore Function License 
Agreement, or other applicable license agreement, including, 
without limitation, that your use is for the sole purpose of 
programming logic devices manufactured by Altera and sold by 
Altera or its authorized distributors.  Please refer to the 
applicable agreement for further details.



+-----------------------------------------------------------------------------------------------------------------------------------------------------------+
; Timing Analyzer Summary                                                                                                                                   ;
+------------------------------+-------+---------------+----------------------------------+--------------+-----------+------------+----------+--------------+
; Type                         ; Slack ; Required Time ; Actual Time                      ; From         ; To        ; From Clock ; To Clock ; Failed Paths ;
+------------------------------+-------+---------------+----------------------------------+--------------+-----------+------------+----------+--------------+
; Worst-case tco               ; N/A   ; None          ; 6.813 ns                         ; led_out~reg0 ; led_out   ; clk_50M    ; --       ; 0            ;
; Clock Setup: 'clk_50M'       ; N/A   ; None          ; 119.73 MHz ( period = 8.352 ns ) ; count[2]     ; count[20] ; clk_50M    ; clk_50M  ; 0            ;
; Total number of failed paths ;       ;               ;                                  ;              ;           ;            ;          ; 0            ;
+------------------------------+-------+---------------+----------------------------------+--------------+-----------+------------+----------+--------------+


+--------------------------------------------------------------------------------------------------------------------+
; Timing Analyzer Settings                                                                                           ;
+---------------------------------------------------------------------+--------------------+------+----+-------------+
; Option                                                              ; Setting            ; From ; To ; Entity Name ;
+---------------------------------------------------------------------+--------------------+------+----+-------------+
; Device Name                                                         ; EPM240T100C5       ;      ;    ;             ;
; Timing Models                                                       ; Final              ;      ;    ;             ;
; Default hold multicycle                                             ; Same as Multicycle ;      ;    ;             ;
; Cut paths between unrelated clock domains                           ; On                 ;      ;    ;             ;
; Cut off read during write signal paths                              ; On                 ;      ;    ;             ;
; Cut off feedback from I/O pins                                      ; On                 ;      ;    ;             ;
; Report Combined Fast/Slow Timing                                    ; Off                ;      ;    ;             ;
; Ignore Clock Settings                                               ; Off                ;      ;    ;             ;
; Analyze latches as synchronous elements                             ; Off                ;      ;    ;             ;
; Enable Recovery/Removal analysis                                    ; Off                ;      ;    ;             ;
; Enable Clock Latency                                                ; Off                ;      ;    ;             ;
; Use TimeQuest Timing Analyzer                                       ; Off                ;      ;    ;             ;
; Minimum Core Junction Temperature                                   ; 0                  ;      ;    ;             ;
; Maximum Core Junction Temperature                                   ; 85                 ;      ;    ;             ;
; Number of source nodes to report per destination node               ; 10                 ;      ;    ;             ;
; Number of destination nodes to report                               ; 10                 ;      ;    ;             ;
; Number of paths to report                                           ; 200                ;      ;    ;             ;
; Report Minimum Timing Checks                                        ; Off                ;      ;    ;             ;
; Use Fast Timing Models                                              ; Off                ;      ;    ;             ;
; Report IO Paths Separately                                          ; Off                ;      ;    ;             ;
; Perform Multicorner Analysis                                        ; Off                ;      ;    ;             ;
; Reports the worst-case path for each clock domain and analysis      ; Off                ;      ;    ;             ;
; Removes common clock path pessimism (CCPP) during slack computation ; Off                ;      ;    ;             ;
; Output I/O Timing Endpoint                                          ; Near End           ;      ;    ;             ;
+---------------------------------------------------------------------+--------------------+------+----+-------------+


+------------------------------------------------------------------------------------------------------------------------------------------------------------------------------------+
; Clock Settings Summary                                                                                                                                                             ;
+-----------------+--------------------+----------+------------------+---------------+--------------+----------+-----------------------+---------------------+--------+--------------+
; Clock Node Name ; Clock Setting Name ; Type     ; Fmax Requirement ; Early Latency ; Late Latency ; Based on ; Multiply Base Fmax by ; Divide Base Fmax by ; Offset ; Phase offset ;
+-----------------+--------------------+----------+------------------+---------------+--------------+----------+-----------------------+---------------------+--------+--------------+
; clk_50M         ;                    ; User Pin ; None             ; 0.000 ns      ; 0.000 ns     ; --       ; N/A                   ; N/A                 ; N/A    ;              ;
+-----------------+--------------------+----------+------------------+---------------+--------------+----------+-----------------------+---------------------+--------+--------------+


+------------------------------------------+
; Parallel Compilation                     ;
+----------------------------+-------------+
; Processors                 ; Number      ;
+----------------------------+-------------+
; Number detected on machine ; 2           ;
; Maximum allowed            ; 2           ;
;                            ;             ;
; Average used               ; 1.00        ;
; Maximum used               ; 1           ;
;                            ;             ;
; Usage by Processor         ; % Time Used ;
;     1 processor            ; 100.0%      ;
;     2 processors           ;   0.0%      ;
+----------------------------+-------------+


+---------------------------------------------------------------------------------------------------------------------------------------------------------------------------------------------------------------------------------------+
; Clock Setup: 'clk_50M'                                                                                                                                                                                                                ;
+-----------------------------------------+-----------------------------------------------------+-------------+-------------+------------+----------+-----------------------------+---------------------------+-------------------------+
; Slack                                   ; Actual fmax (period)                                ; From        ; To          ; From Clock ; To Clock ; Required Setup Relationship ; Required Longest P2P Time ; Actual Longest P2P Time ;
+-----------------------------------------+-----------------------------------------------------+-------------+-------------+------------+----------+-----------------------------+---------------------------+-------------------------+
; N/A                                     ; 119.73 MHz ( period = 8.352 ns )                    ; count[2]    ; count[20]   ; clk_50M    ; clk_50M  ; None                        ; None                      ; 7.643 ns                ;
; N/A                                     ; 120.83 MHz ( period = 8.276 ns )                    ; count[2]    ; count[16]   ; clk_50M    ; clk_50M  ; None                        ; None                      ; 7.567 ns                ;
; N/A                                     ; 121.58 MHz ( period = 8.225 ns )                    ; count[1]    ; count[20]   ; clk_50M    ; clk_50M  ; None                        ; None                      ; 7.516 ns                ;
; N/A                                     ; 122.31 MHz ( period = 8.176 ns )                    ; count[16]   ; count[20]   ; clk_50M    ; clk_50M  ; None                        ; None                      ; 7.467 ns                ;
; N/A                                     ; 122.38 MHz ( period = 8.171 ns )                    ; count[16]   ; count[6]    ; clk_50M    ; clk_50M  ; None                        ; None                      ; 7.462 ns                ;
; N/A                                     ; 122.53 MHz ( period = 8.161 ns )                    ; f_count[3]  ; f_count[17] ; clk_50M    ; clk_50M  ; None                        ; None                      ; 7.452 ns                ;
; N/A                                     ; 122.64 MHz ( period = 8.154 ns )                    ; count[2]    ; count[18]   ; clk_50M    ; clk_50M  ; None                        ; None                      ; 7.445 ns                ;
; N/A                                     ; 122.71 MHz ( period = 8.149 ns )                    ; count[1]    ; count[16]   ; clk_50M    ; clk_50M  ; None                        ; None                      ; 7.440 ns                ;
; N/A                                     ; 123.17 MHz ( period = 8.119 ns )                    ; count[2]    ; count[6]    ; clk_50M    ; clk_50M  ; None                        ; None                      ; 7.410 ns                ;
; N/A                                     ; 123.17 MHz ( period = 8.119 ns )                    ; f_count[9]  ; f_count[20] ; clk_50M    ; clk_50M  ; None                        ; None                      ; 7.410 ns                ;
; N/A                                     ; 123.38 MHz ( period = 8.105 ns )                    ; f_count[5]  ; f_count[20] ; clk_50M    ; clk_50M  ; None                        ; None                      ; 7.396 ns                ;
; N/A                                     ; 123.76 MHz ( period = 8.080 ns )                    ; f_count[0]  ; f_count[17] ; clk_50M    ; clk_50M  ; None                        ; None                      ; 7.371 ns                ;
; N/A                                     ; 124.02 MHz ( period = 8.063 ns )                    ; count[16]   ; count[16]   ; clk_50M    ; clk_50M  ; None                        ; None                      ; 7.354 ns                ;
; N/A                                     ; 124.41 MHz ( period = 8.038 ns )                    ; f_count[5]  ; f_count[17] ; clk_50M    ; clk_50M  ; None                        ; None                      ; 7.329 ns                ;
; N/A                                     ; 124.49 MHz ( period = 8.033 ns )                    ; count[9]    ; count[20]   ; clk_50M    ; clk_50M  ; None                        ; None                      ; 7.324 ns                ;
; N/A                                     ; 124.58 MHz ( period = 8.027 ns )                    ; count[1]    ; count[18]   ; clk_50M    ; clk_50M  ; None                        ; None                      ; 7.318 ns                ;
; N/A                                     ; 124.67 MHz ( period = 8.021 ns )                    ; count[5]    ; count[6]    ; clk_50M    ; clk_50M  ; None                        ; None                      ; 7.312 ns                ;
; N/A                                     ; 125.23 MHz ( period = 7.985 ns )                    ; f_count[23] ; f_count[17] ; clk_50M    ; clk_50M  ; None                        ; None                      ; 7.276 ns                ;
; N/A                                     ; 125.25 MHz ( period = 7.984 ns )                    ; count[2]    ; count[17]   ; clk_50M    ; clk_50M  ; None                        ; None                      ; 7.275 ns                ;
; N/A                                     ; 125.25 MHz ( period = 7.984 ns )                    ; f_count[4]  ; f_count[17] ; clk_50M    ; clk_50M  ; None                        ; None                      ; 7.275 ns                ;
; N/A                                     ; 125.27 MHz ( period = 7.983 ns )                    ; f_count[3]  ; f_count[20] ; clk_50M    ; clk_50M  ; None                        ; None                      ; 7.274 ns                ;
; N/A                                     ; 125.34 MHz ( period = 7.978 ns )                    ; count[16]   ; count[18]   ; clk_50M    ; clk_50M  ; None                        ; None                      ; 7.269 ns                ;
; N/A                                     ; 125.47 MHz ( period = 7.970 ns )                    ; f_count[1]  ; f_count[17] ; clk_50M    ; clk_50M  ; None                        ; None                      ; 7.261 ns                ;
; N/A                                     ; 125.68 MHz ( period = 7.957 ns )                    ; count[9]    ; count[16]   ; clk_50M    ; clk_50M  ; None                        ; None                      ; 7.248 ns                ;
; N/A                                     ; 126.06 MHz ( period = 7.933 ns )                    ; f_count[3]  ; f_count[0]  ; clk_50M    ; clk_50M  ; None                        ; None                      ; 7.224 ns                ;
; N/A                                     ; 126.37 MHz ( period = 7.913 ns )                    ; count[5]    ; count[16]   ; clk_50M    ; clk_50M  ; None                        ; None                      ; 7.204 ns                ;
; N/A                                     ; 126.71 MHz ( period = 7.892 ns )                    ; count[16]   ; count[0]    ; clk_50M    ; clk_50M  ; None                        ; None                      ; 7.183 ns                ;
; N/A                                     ; 126.97 MHz ( period = 7.876 ns )                    ; count[3]    ; count[6]    ; clk_50M    ; clk_50M  ; None                        ; None                      ; 7.167 ns                ;
; N/A                                     ; 127.28 MHz ( period = 7.857 ns )                    ; count[1]    ; count[17]   ; clk_50M    ; clk_50M  ; None                        ; None                      ; 7.148 ns                ;
; N/A                                     ; 127.36 MHz ( period = 7.852 ns )                    ; f_count[9]  ; f_count[14] ; clk_50M    ; clk_50M  ; None                        ; None                      ; 7.143 ns                ;
; N/A                                     ; 127.36 MHz ( period = 7.852 ns )                    ; f_count[0]  ; f_count[0]  ; clk_50M    ; clk_50M  ; None                        ; None                      ; 7.143 ns                ;
; N/A                                     ; 127.37 MHz ( period = 7.851 ns )                    ; count[0]    ; count[20]   ; clk_50M    ; clk_50M  ; None                        ; None                      ; 7.142 ns                ;
; N/A                                     ; 127.55 MHz ( period = 7.840 ns )                    ; count[2]    ; count[0]    ; clk_50M    ; clk_50M  ; None                        ; None                      ; 7.131 ns                ;
; N/A                                     ; 127.57 MHz ( period = 7.839 ns )                    ; count[13]   ; count[20]   ; clk_50M    ; clk_50M  ; None                        ; None                      ; 7.130 ns                ;
; N/A                                     ; 127.58 MHz ( period = 7.838 ns )                    ; f_count[5]  ; f_count[14] ; clk_50M    ; clk_50M  ; None                        ; None                      ; 7.129 ns                ;
; N/A                                     ; 127.63 MHz ( period = 7.835 ns )                    ; count[9]    ; count[18]   ; clk_50M    ; clk_50M  ; None                        ; None                      ; 7.126 ns                ;
; N/A                                     ; 127.68 MHz ( period = 7.832 ns )                    ; f_count[12] ; f_count[20] ; clk_50M    ; clk_50M  ; None                        ; None                      ; 7.123 ns                ;
; N/A                                     ; 127.75 MHz ( period = 7.828 ns )                    ; count[8]    ; count[20]   ; clk_50M    ; clk_50M  ; None                        ; None                      ; 7.119 ns                ;
; N/A                                     ; 127.88 MHz ( period = 7.820 ns )                    ; f_count[9]  ; f_count[19] ; clk_50M    ; clk_50M  ; None                        ; None                      ; 7.111 ns                ;
; N/A                                     ; 127.96 MHz ( period = 7.815 ns )                    ; count[16]   ; count[13]   ; clk_50M    ; clk_50M  ; None                        ; None                      ; 7.106 ns                ;
; N/A                                     ; 128.04 MHz ( period = 7.810 ns )                    ; f_count[5]  ; f_count[0]  ; clk_50M    ; clk_50M  ; None                        ; None                      ; 7.101 ns                ;
; N/A                                     ; 128.07 MHz ( period = 7.808 ns )                    ; count[2]    ; count[11]   ; clk_50M    ; clk_50M  ; None                        ; None                      ; 7.099 ns                ;
; N/A                                     ; 128.07 MHz ( period = 7.808 ns )                    ; count[16]   ; count[17]   ; clk_50M    ; clk_50M  ; None                        ; None                      ; 7.099 ns                ;
; N/A                                     ; 128.11 MHz ( period = 7.806 ns )                    ; f_count[5]  ; f_count[19] ; clk_50M    ; clk_50M  ; None                        ; None                      ; 7.097 ns                ;
; N/A                                     ; 128.11 MHz ( period = 7.806 ns )                    ; f_count[8]  ; f_count[17] ; clk_50M    ; clk_50M  ; None                        ; None                      ; 7.097 ns                ;
; N/A                                     ; 128.22 MHz ( period = 7.799 ns )                    ; count[2]    ; count[13]   ; clk_50M    ; clk_50M  ; None                        ; None                      ; 7.090 ns                ;
; N/A                                     ; 128.34 MHz ( period = 7.792 ns )                    ; f_count[9]  ; f_count[21] ; clk_50M    ; clk_50M  ; None                        ; None                      ; 7.083 ns                ;
; N/A                                     ; 128.42 MHz ( period = 7.787 ns )                    ; count[0]    ; count[6]    ; clk_50M    ; clk_50M  ; None                        ; None                      ; 7.078 ns                ;
; N/A                                     ; 128.57 MHz ( period = 7.778 ns )                    ; f_count[5]  ; f_count[21] ; clk_50M    ; clk_50M  ; None                        ; None                      ; 7.069 ns                ;
; N/A                                     ; 128.57 MHz ( period = 7.778 ns )                    ; f_count[5]  ; f_count[9]  ; clk_50M    ; clk_50M  ; None                        ; None                      ; 7.069 ns                ;
; N/A                                     ; 128.62 MHz ( period = 7.775 ns )                    ; count[0]    ; count[16]   ; clk_50M    ; clk_50M  ; None                        ; None                      ; 7.066 ns                ;
; N/A                                     ; 128.73 MHz ( period = 7.768 ns )                    ; count[3]    ; count[16]   ; clk_50M    ; clk_50M  ; None                        ; None                      ; 7.059 ns                ;
; N/A                                     ; 128.92 MHz ( period = 7.757 ns )                    ; f_count[23] ; f_count[0]  ; clk_50M    ; clk_50M  ; None                        ; None                      ; 7.048 ns                ;
; N/A                                     ; 128.93 MHz ( period = 7.756 ns )                    ; f_count[4]  ; f_count[0]  ; clk_50M    ; clk_50M  ; None                        ; None                      ; 7.047 ns                ;
; N/A                                     ; 129.00 MHz ( period = 7.752 ns )                    ; count[8]    ; count[16]   ; clk_50M    ; clk_50M  ; None                        ; None                      ; 7.043 ns                ;
; N/A                                     ; 129.08 MHz ( period = 7.747 ns )                    ; count[2]    ; count[8]    ; clk_50M    ; clk_50M  ; None                        ; None                      ; 7.038 ns                ;
; N/A                                     ; 129.17 MHz ( period = 7.742 ns )                    ; count[5]    ; count[0]    ; clk_50M    ; clk_50M  ; None                        ; None                      ; 7.033 ns                ;
; N/A                                     ; 129.17 MHz ( period = 7.742 ns )                    ; f_count[1]  ; f_count[0]  ; clk_50M    ; clk_50M  ; None                        ; None                      ; 7.033 ns                ;
; N/A                                     ; 129.32 MHz ( period = 7.733 ns )                    ; count[10]   ; count[20]   ; clk_50M    ; clk_50M  ; None                        ; None                      ; 7.024 ns                ;
; N/A                                     ; 129.42 MHz ( period = 7.727 ns )                    ; count[2]    ; count[14]   ; clk_50M    ; clk_50M  ; None                        ; None                      ; 7.018 ns                ;
; N/A                                     ; 129.60 MHz ( period = 7.716 ns )                    ; f_count[3]  ; f_count[14] ; clk_50M    ; clk_50M  ; None                        ; None                      ; 7.007 ns                ;
; N/A                                     ; 129.72 MHz ( period = 7.709 ns )                    ; f_count[13] ; f_count[20] ; clk_50M    ; clk_50M  ; None                        ; None                      ; 7.000 ns                ;
; N/A                                     ; 129.92 MHz ( period = 7.697 ns )                    ; count[2]    ; count[24]   ; clk_50M    ; clk_50M  ; None                        ; None                      ; 6.988 ns                ;
; N/A                                     ; 130.11 MHz ( period = 7.686 ns )                    ; f_count[9]  ; f_count[24] ; clk_50M    ; clk_50M  ; None                        ; None                      ; 6.977 ns                ;
; N/A                                     ; 130.14 MHz ( period = 7.684 ns )                    ; f_count[3]  ; f_count[19] ; clk_50M    ; clk_50M  ; None                        ; None                      ; 6.975 ns                ;
; N/A                                     ; 130.17 MHz ( period = 7.682 ns )                    ; count[12]   ; count[6]    ; clk_50M    ; clk_50M  ; None                        ; None                      ; 6.973 ns                ;
; N/A                                     ; 130.19 MHz ( period = 7.681 ns )                    ; count[1]    ; count[11]   ; clk_50M    ; clk_50M  ; None                        ; None                      ; 6.972 ns                ;
; N/A                                     ; 130.26 MHz ( period = 7.677 ns )                    ; count[2]    ; count[19]   ; clk_50M    ; clk_50M  ; None                        ; None                      ; 6.968 ns                ;
; N/A                                     ; 130.26 MHz ( period = 7.677 ns )                    ; count[11]   ; count[20]   ; clk_50M    ; clk_50M  ; None                        ; None                      ; 6.968 ns                ;
; N/A                                     ; 130.34 MHz ( period = 7.672 ns )                    ; count[1]    ; count[13]   ; clk_50M    ; clk_50M  ; None                        ; None                      ; 6.963 ns                ;
; N/A                                     ; 130.34 MHz ( period = 7.672 ns )                    ; f_count[5]  ; f_count[24] ; clk_50M    ; clk_50M  ; None                        ; None                      ; 6.963 ns                ;
; N/A                                     ; 130.36 MHz ( period = 7.671 ns )                    ; f_count[10] ; f_count[20] ; clk_50M    ; clk_50M  ; None                        ; None                      ; 6.962 ns                ;
; N/A                                     ; 130.36 MHz ( period = 7.671 ns )                    ; f_count[9]  ; f_count[22] ; clk_50M    ; clk_50M  ; None                        ; None                      ; 6.962 ns                ;
; N/A                                     ; 130.46 MHz ( period = 7.665 ns )                    ; count[5]    ; count[13]   ; clk_50M    ; clk_50M  ; None                        ; None                      ; 6.956 ns                ;
; N/A                                     ; 130.46 MHz ( period = 7.665 ns )                    ; count[9]    ; count[17]   ; clk_50M    ; clk_50M  ; None                        ; None                      ; 6.956 ns                ;
; N/A                                     ; 130.55 MHz ( period = 7.660 ns )                    ; f_count[1]  ; f_count[20] ; clk_50M    ; clk_50M  ; None                        ; None                      ; 6.951 ns                ;
; N/A                                     ; 130.60 MHz ( period = 7.657 ns )                    ; count[10]   ; count[16]   ; clk_50M    ; clk_50M  ; None                        ; None                      ; 6.948 ns                ;
; N/A                                     ; 130.60 MHz ( period = 7.657 ns )                    ; f_count[5]  ; f_count[22] ; clk_50M    ; clk_50M  ; None                        ; None                      ; 6.948 ns                ;
; N/A                                     ; 130.62 MHz ( period = 7.656 ns )                    ; count[3]    ; count[20]   ; clk_50M    ; clk_50M  ; None                        ; None                      ; 6.947 ns                ;
; N/A                                     ; 130.62 MHz ( period = 7.656 ns )                    ; f_count[3]  ; f_count[21] ; clk_50M    ; clk_50M  ; None                        ; None                      ; 6.947 ns                ;
; N/A                                     ; 130.62 MHz ( period = 7.656 ns )                    ; f_count[3]  ; f_count[9]  ; clk_50M    ; clk_50M  ; None                        ; None                      ; 6.947 ns                ;
; N/A                                     ; 130.67 MHz ( period = 7.653 ns )                    ; count[0]    ; count[18]   ; clk_50M    ; clk_50M  ; None                        ; None                      ; 6.944 ns                ;
; N/A                                     ; 130.67 MHz ( period = 7.653 ns )                    ; count[2]    ; count[22]   ; clk_50M    ; clk_50M  ; None                        ; None                      ; 6.944 ns                ;
; N/A                                     ; 130.75 MHz ( period = 7.648 ns )                    ; count[2]    ; count[21]   ; clk_50M    ; clk_50M  ; None                        ; None                      ; 6.939 ns                ;
; N/A                                     ; 130.77 MHz ( period = 7.647 ns )                    ; count[5]    ; count[20]   ; clk_50M    ; clk_50M  ; None                        ; None                      ; 6.938 ns                ;
; N/A                                     ; 130.77 MHz ( period = 7.647 ns )                    ; count[14]   ; count[20]   ; clk_50M    ; clk_50M  ; None                        ; None                      ; 6.938 ns                ;
; N/A                                     ; 130.79 MHz ( period = 7.646 ns )                    ; f_count[4]  ; f_count[20] ; clk_50M    ; clk_50M  ; None                        ; None                      ; 6.937 ns                ;
; N/A                                     ; 130.84 MHz ( period = 7.643 ns )                    ; count[9]    ; count[6]    ; clk_50M    ; clk_50M  ; None                        ; None                      ; 6.934 ns                ;
; N/A                                     ; 130.87 MHz ( period = 7.641 ns )                    ; count[13]   ; count[18]   ; clk_50M    ; clk_50M  ; None                        ; None                      ; 6.932 ns                ;
; N/A                                     ; 130.99 MHz ( period = 7.634 ns )                    ; f_count[9]  ; f_count[18] ; clk_50M    ; clk_50M  ; None                        ; None                      ; 6.925 ns                ;
; N/A                                     ; 131.06 MHz ( period = 7.630 ns )                    ; count[8]    ; count[18]   ; clk_50M    ; clk_50M  ; None                        ; None                      ; 6.921 ns                ;
; N/A                                     ; 131.16 MHz ( period = 7.624 ns )                    ; f_count[11] ; f_count[20] ; clk_50M    ; clk_50M  ; None                        ; None                      ; 6.915 ns                ;
; N/A                                     ; 131.23 MHz ( period = 7.620 ns )                    ; count[1]    ; count[8]    ; clk_50M    ; clk_50M  ; None                        ; None                      ; 6.911 ns                ;
; N/A                                     ; 131.23 MHz ( period = 7.620 ns )                    ; f_count[5]  ; f_count[18] ; clk_50M    ; clk_50M  ; None                        ; None                      ; 6.911 ns                ;
; N/A                                     ; 131.30 MHz ( period = 7.616 ns )                    ; count[16]   ; count[14]   ; clk_50M    ; clk_50M  ; None                        ; None                      ; 6.907 ns                ;
; N/A                                     ; 131.30 MHz ( period = 7.616 ns )                    ; f_count[20] ; f_count[17] ; clk_50M    ; clk_50M  ; None                        ; None                      ; 6.907 ns                ;
; N/A                                     ; 131.44 MHz ( period = 7.608 ns )                    ; count[16]   ; div_clk     ; clk_50M    ; clk_50M  ; None                        ; None                      ; 6.899 ns                ;
; N/A                                     ; 131.48 MHz ( period = 7.606 ns )                    ; count[19]   ; count[6]    ; clk_50M    ; clk_50M  ; None                        ; None                      ; 6.897 ns                ;
; N/A                                     ; 131.53 MHz ( period = 7.603 ns )                    ; count[16]   ; count[11]   ; clk_50M    ; clk_50M  ; None                        ; None                      ; 6.894 ns                ;
; N/A                                     ; 131.56 MHz ( period = 7.601 ns )                    ; count[11]   ; count[16]   ; clk_50M    ; clk_50M  ; None                        ; None                      ; 6.892 ns                ;
; N/A                                     ; 131.58 MHz ( period = 7.600 ns )                    ; count[1]    ; count[14]   ; clk_50M    ; clk_50M  ; None                        ; None                      ; 6.891 ns                ;
; N/A                                     ; 131.63 MHz ( period = 7.597 ns )                    ; count[3]    ; count[0]    ; clk_50M    ; clk_50M  ; None                        ; None                      ; 6.888 ns                ;
; N/A                                     ; 131.73 MHz ( period = 7.591 ns )                    ; f_count[3]  ; f_count[23] ; clk_50M    ; clk_50M  ; None                        ; None                      ; 6.882 ns                ;
; N/A                                     ; 131.75 MHz ( period = 7.590 ns )                    ; f_count[3]  ; f_div_clk   ; clk_50M    ; clk_50M  ; None                        ; None                      ; 6.881 ns                ;
; N/A                                     ; 131.79 MHz ( period = 7.588 ns )                    ; f_count[9]  ; f_count[23] ; clk_50M    ; clk_50M  ; None                        ; None                      ; 6.879 ns                ;
; N/A                                     ; 131.89 MHz ( period = 7.582 ns )                    ; f_count[14] ; f_count[20] ; clk_50M    ; clk_50M  ; None                        ; None                      ; 6.873 ns                ;
; N/A                                     ; 131.96 MHz ( period = 7.578 ns )                    ; f_count[8]  ; f_count[0]  ; clk_50M    ; clk_50M  ; None                        ; None                      ; 6.869 ns                ;
; N/A                                     ; 132.03 MHz ( period = 7.574 ns )                    ; count[12]   ; count[16]   ; clk_50M    ; clk_50M  ; None                        ; None                      ; 6.865 ns                ;
; N/A                                     ; 132.03 MHz ( period = 7.574 ns )                    ; f_count[5]  ; f_count[23] ; clk_50M    ; clk_50M  ; None                        ; None                      ; 6.865 ns                ;
; N/A                                     ; 132.07 MHz ( period = 7.572 ns )                    ; f_count[3]  ; f_count[18] ; clk_50M    ; clk_50M  ; None                        ; None                      ; 6.863 ns                ;
; N/A                                     ; 132.07 MHz ( period = 7.572 ns )                    ; f_count[3]  ; f_count[5]  ; clk_50M    ; clk_50M  ; None                        ; None                      ; 6.863 ns                ;
; N/A                                     ; 132.10 MHz ( period = 7.570 ns )                    ; count[1]    ; count[24]   ; clk_50M    ; clk_50M  ; None                        ; None                      ; 6.861 ns                ;
; N/A                                     ; 132.17 MHz ( period = 7.566 ns )                    ; count[7]    ; count[20]   ; clk_50M    ; clk_50M  ; None                        ; None                      ; 6.857 ns                ;
; N/A                                     ; 132.31 MHz ( period = 7.558 ns )                    ; f_count[5]  ; f_count[10] ; clk_50M    ; clk_50M  ; None                        ; None                      ; 6.849 ns                ;
; N/A                                     ; 132.33 MHz ( period = 7.557 ns )                    ; count[16]   ; count[24]   ; clk_50M    ; clk_50M  ; None                        ; None                      ; 6.848 ns                ;
; N/A                                     ; 132.35 MHz ( period = 7.556 ns )                    ; count[2]    ; div_clk     ; clk_50M    ; clk_50M  ; None                        ; None                      ; 6.847 ns                ;
; N/A                                     ; 132.36 MHz ( period = 7.555 ns )                    ; count[16]   ; count[12]   ; clk_50M    ; clk_50M  ; None                        ; None                      ; 6.846 ns                ;
; N/A                                     ; 132.38 MHz ( period = 7.554 ns )                    ; count[14]   ; count[6]    ; clk_50M    ; clk_50M  ; None                        ; None                      ; 6.845 ns                ;
; N/A                                     ; 132.40 MHz ( period = 7.553 ns )                    ; count[13]   ; count[16]   ; clk_50M    ; clk_50M  ; None                        ; None                      ; 6.844 ns                ;
; N/A                                     ; 132.45 MHz ( period = 7.550 ns )                    ; count[1]    ; count[19]   ; clk_50M    ; clk_50M  ; None                        ; None                      ; 6.841 ns                ;
; N/A                                     ; 132.45 MHz ( period = 7.550 ns )                    ; f_count[9]  ; f_count[15] ; clk_50M    ; clk_50M  ; None                        ; None                      ; 6.841 ns                ;
; N/A                                     ; 132.45 MHz ( period = 7.550 ns )                    ; f_count[3]  ; f_count[24] ; clk_50M    ; clk_50M  ; None                        ; None                      ; 6.841 ns                ;
; N/A                                     ; 132.54 MHz ( period = 7.545 ns )                    ; count[11]   ; count[6]    ; clk_50M    ; clk_50M  ; None                        ; None                      ; 6.836 ns                ;
; N/A                                     ; 132.70 MHz ( period = 7.536 ns )                    ; f_count[5]  ; f_count[15] ; clk_50M    ; clk_50M  ; None                        ; None                      ; 6.827 ns                ;
; N/A                                     ; 132.71 MHz ( period = 7.535 ns )                    ; count[2]    ; count[10]   ; clk_50M    ; clk_50M  ; None                        ; None                      ; 6.826 ns                ;
; N/A                                     ; 132.71 MHz ( period = 7.535 ns )                    ; count[10]   ; count[18]   ; clk_50M    ; clk_50M  ; None                        ; None                      ; 6.826 ns                ;
; N/A                                     ; 132.71 MHz ( period = 7.535 ns )                    ; f_count[3]  ; f_count[22] ; clk_50M    ; clk_50M  ; None                        ; None                      ; 6.826 ns                ;
; N/A                                     ; 132.75 MHz ( period = 7.533 ns )                    ; f_count[12] ; f_count[19] ; clk_50M    ; clk_50M  ; None                        ; None                      ; 6.824 ns                ;
; N/A                                     ; 132.87 MHz ( period = 7.526 ns )                    ; count[1]    ; count[22]   ; clk_50M    ; clk_50M  ; None                        ; None                      ; 6.817 ns                ;
; N/A                                     ; 132.96 MHz ( period = 7.521 ns )                    ; count[1]    ; count[21]   ; clk_50M    ; clk_50M  ; None                        ; None                      ; 6.812 ns                ;
; N/A                                     ; 132.98 MHz ( period = 7.520 ns )                    ; count[3]    ; count[13]   ; clk_50M    ; clk_50M  ; None                        ; None                      ; 6.811 ns                ;
; N/A                                     ; 133.00 MHz ( period = 7.519 ns )                    ; count[15]   ; count[20]   ; clk_50M    ; clk_50M  ; None                        ; None                      ; 6.810 ns                ;
; N/A                                     ; 133.05 MHz ( period = 7.516 ns )                    ; f_count[16] ; f_count[20] ; clk_50M    ; clk_50M  ; None                        ; None                      ; 6.807 ns                ;
; N/A                                     ; 133.16 MHz ( period = 7.510 ns )                    ; f_count[0]  ; f_count[23] ; clk_50M    ; clk_50M  ; None                        ; None                      ; 6.801 ns                ;
; N/A                                     ; 133.17 MHz ( period = 7.509 ns )                    ; f_count[0]  ; f_div_clk   ; clk_50M    ; clk_50M  ; None                        ; None                      ; 6.800 ns                ;
; N/A                                     ; 133.19 MHz ( period = 7.508 ns )                    ; count[0]    ; count[0]    ; clk_50M    ; clk_50M  ; None                        ; None                      ; 6.799 ns                ;
; N/A                                     ; 133.24 MHz ( period = 7.505 ns )                    ; f_count[12] ; f_count[21] ; clk_50M    ; clk_50M  ; None                        ; None                      ; 6.796 ns                ;
; N/A                                     ; 133.24 MHz ( period = 7.505 ns )                    ; f_count[15] ; f_count[20] ; clk_50M    ; clk_50M  ; None                        ; None                      ; 6.796 ns                ;
; N/A                                     ; 133.24 MHz ( period = 7.505 ns )                    ; f_count[0]  ; f_count[20] ; clk_50M    ; clk_50M  ; None                        ; None                      ; 6.796 ns                ;
; N/A                                     ; 133.28 MHz ( period = 7.503 ns )                    ; count[2]    ; count[12]   ; clk_50M    ; clk_50M  ; None                        ; None                      ; 6.794 ns                ;
; N/A                                     ; 133.32 MHz ( period = 7.501 ns )                    ; count[16]   ; count[19]   ; clk_50M    ; clk_50M  ; None                        ; None                      ; 6.792 ns                ;
; N/A                                     ; 133.37 MHz ( period = 7.498 ns )                    ; count[19]   ; count[16]   ; clk_50M    ; clk_50M  ; None                        ; None                      ; 6.789 ns                ;
; N/A                                     ; 133.37 MHz ( period = 7.498 ns )                    ; f_count[0]  ; f_count[19] ; clk_50M    ; clk_50M  ; None                        ; None                      ; 6.789 ns                ;
; N/A                                     ; 133.42 MHz ( period = 7.495 ns )                    ; f_count[0]  ; f_count[21] ; clk_50M    ; clk_50M  ; None                        ; None                      ; 6.786 ns                ;
; N/A                                     ; 133.49 MHz ( period = 7.491 ns )                    ; f_count[0]  ; f_count[18] ; clk_50M    ; clk_50M  ; None                        ; None                      ; 6.782 ns                ;
; N/A                                     ; 133.49 MHz ( period = 7.491 ns )                    ; f_count[0]  ; f_count[5]  ; clk_50M    ; clk_50M  ; None                        ; None                      ; 6.782 ns                ;
; N/A                                     ; 133.51 MHz ( period = 7.490 ns )                    ; count[7]    ; count[16]   ; clk_50M    ; clk_50M  ; None                        ; None                      ; 6.781 ns                ;
; N/A                                     ; 133.64 MHz ( period = 7.483 ns )                    ; count[0]    ; count[17]   ; clk_50M    ; clk_50M  ; None                        ; None                      ; 6.774 ns                ;
; N/A                                     ; 133.69 MHz ( period = 7.480 ns )                    ; count[9]    ; count[13]   ; clk_50M    ; clk_50M  ; None                        ; None                      ; 6.771 ns                ;
; N/A                                     ; 133.71 MHz ( period = 7.479 ns )                    ; count[11]   ; count[18]   ; clk_50M    ; clk_50M  ; None                        ; None                      ; 6.770 ns                ;
; N/A                                     ; 133.74 MHz ( period = 7.477 ns )                    ; count[16]   ; count[22]   ; clk_50M    ; clk_50M  ; None                        ; None                      ; 6.768 ns                ;
; N/A                                     ; 133.78 MHz ( period = 7.475 ns )                    ; f_count[9]  ; f_count[17] ; clk_50M    ; clk_50M  ; None                        ; None                      ; 6.766 ns                ;
; N/A                                     ; 133.83 MHz ( period = 7.472 ns )                    ; count[16]   ; count[21]   ; clk_50M    ; clk_50M  ; None                        ; None                      ; 6.763 ns                ;
; N/A                                     ; 133.85 MHz ( period = 7.471 ns )                    ; count[13]   ; count[17]   ; clk_50M    ; clk_50M  ; None                        ; None                      ; 6.762 ns                ;
; N/A                                     ; 133.92 MHz ( period = 7.467 ns )                    ; f_count[5]  ; f_div_clk   ; clk_50M    ; clk_50M  ; None                        ; None                      ; 6.758 ns                ;
; N/A                                     ; 133.92 MHz ( period = 7.467 ns )                    ; count[5]    ; count[18]   ; clk_50M    ; clk_50M  ; None                        ; None                      ; 6.758 ns                ;
; N/A                                     ; 133.94 MHz ( period = 7.466 ns )                    ; count[5]    ; count[14]   ; clk_50M    ; clk_50M  ; None                        ; None                      ; 6.757 ns                ;
; N/A                                     ; 133.94 MHz ( period = 7.466 ns )                    ; f_count[19] ; f_count[17] ; clk_50M    ; clk_50M  ; None                        ; None                      ; 6.757 ns                ;
; N/A                                     ; 134.05 MHz ( period = 7.460 ns )                    ; count[8]    ; count[17]   ; clk_50M    ; clk_50M  ; None                        ; None                      ; 6.751 ns                ;
; N/A                                     ; 134.05 MHz ( period = 7.460 ns )                    ; f_count[3]  ; f_count[15] ; clk_50M    ; clk_50M  ; None                        ; None                      ; 6.751 ns                ;
; N/A                                     ; 134.05 MHz ( period = 7.460 ns )                    ; f_count[9]  ; f_count[13] ; clk_50M    ; clk_50M  ; None                        ; None                      ; 6.751 ns                ;
; N/A                                     ; 134.07 MHz ( period = 7.459 ns )                    ; f_count[7]  ; f_count[20] ; clk_50M    ; clk_50M  ; None                        ; None                      ; 6.750 ns                ;
; N/A                                     ; 134.08 MHz ( period = 7.458 ns )                    ; count[5]    ; div_clk     ; clk_50M    ; clk_50M  ; None                        ; None                      ; 6.749 ns                ;
; N/A                                     ; 134.08 MHz ( period = 7.458 ns )                    ; count[3]    ; count[18]   ; clk_50M    ; clk_50M  ; None                        ; None                      ; 6.749 ns                ;
; N/A                                     ; 134.08 MHz ( period = 7.458 ns )                    ; f_count[3]  ; f_count[10] ; clk_50M    ; clk_50M  ; None                        ; None                      ; 6.749 ns                ;
; N/A                                     ; 134.17 MHz ( period = 7.453 ns )                    ; count[5]    ; count[11]   ; clk_50M    ; clk_50M  ; None                        ; None                      ; 6.744 ns                ;
; N/A                                     ; 134.17 MHz ( period = 7.453 ns )                    ; count[2]    ; count[9]    ; clk_50M    ; clk_50M  ; None                        ; None                      ; 6.744 ns                ;
; N/A                                     ; 134.21 MHz ( period = 7.451 ns )                    ; f_count[2]  ; f_count[20] ; clk_50M    ; clk_50M  ; None                        ; None                      ; 6.742 ns                ;
; N/A                                     ; 134.25 MHz ( period = 7.449 ns )                    ; count[14]   ; count[18]   ; clk_50M    ; clk_50M  ; None                        ; None                      ; 6.740 ns                ;
; N/A                                     ; 134.25 MHz ( period = 7.449 ns )                    ; f_count[5]  ; f_count[5]  ; clk_50M    ; clk_50M  ; None                        ; None                      ; 6.740 ns                ;
; N/A                                     ; 134.30 MHz ( period = 7.446 ns )                    ; count[14]   ; count[16]   ; clk_50M    ; clk_50M  ; None                        ; None                      ; 6.737 ns                ;
; N/A                                     ; 134.30 MHz ( period = 7.446 ns )                    ; f_count[5]  ; f_count[13] ; clk_50M    ; clk_50M  ; None                        ; None                      ; 6.737 ns                ;
; N/A                                     ; 134.57 MHz ( period = 7.431 ns )                    ; count[0]    ; count[13]   ; clk_50M    ; clk_50M  ; None                        ; None                      ; 6.722 ns                ;
; N/A                                     ; 134.68 MHz ( period = 7.425 ns )                    ; count[7]    ; count[6]    ; clk_50M    ; clk_50M  ; None                        ; None                      ; 6.716 ns                ;
; N/A                                     ; 134.75 MHz ( period = 7.421 ns )                    ; count[10]   ; count[6]    ; clk_50M    ; clk_50M  ; None                        ; None                      ; 6.712 ns                ;
; N/A                                     ; 134.84 MHz ( period = 7.416 ns )                    ; f_count[9]  ; f_count[12] ; clk_50M    ; clk_50M  ; None                        ; None                      ; 6.707 ns                ;
; N/A                                     ; 134.86 MHz ( period = 7.415 ns )                    ; f_count[23] ; f_count[23] ; clk_50M    ; clk_50M  ; None                        ; None                      ; 6.706 ns                ;
; N/A                                     ; 134.88 MHz ( period = 7.414 ns )                    ; f_count[23] ; f_div_clk   ; clk_50M    ; clk_50M  ; None                        ; None                      ; 6.705 ns                ;
; N/A                                     ; 134.88 MHz ( period = 7.414 ns )                    ; f_count[4]  ; f_count[23] ; clk_50M    ; clk_50M  ; None                        ; None                      ; 6.705 ns                ;
; N/A                                     ; 134.90 MHz ( period = 7.413 ns )                    ; f_count[4]  ; f_div_clk   ; clk_50M    ; clk_50M  ; None                        ; None                      ; 6.704 ns                ;
; N/A                                     ; 134.95 MHz ( period = 7.410 ns )                    ; f_count[23] ; f_count[20] ; clk_50M    ; clk_50M  ; None                        ; None                      ; 6.701 ns                ;
; N/A                                     ; 134.95 MHz ( period = 7.410 ns )                    ; f_count[13] ; f_count[19] ; clk_50M    ; clk_50M  ; None                        ; None                      ; 6.701 ns                ;
; N/A                                     ; 134.99 MHz ( period = 7.408 ns )                    ; count[1]    ; count[10]   ; clk_50M    ; clk_50M  ; None                        ; None                      ; 6.699 ns                ;
; N/A                                     ; 134.99 MHz ( period = 7.408 ns )                    ; count[9]    ; count[14]   ; clk_50M    ; clk_50M  ; None                        ; None                      ; 6.699 ns                ;
; N/A                                     ; 134.99 MHz ( period = 7.408 ns )                    ; count[2]    ; count[23]   ; clk_50M    ; clk_50M  ; None                        ; None                      ; 6.699 ns                ;
; N/A                                     ; 135.01 MHz ( period = 7.407 ns )                    ; count[5]    ; count[24]   ; clk_50M    ; clk_50M  ; None                        ; None                      ; 6.698 ns                ;
; N/A                                     ; 135.04 MHz ( period = 7.405 ns )                    ; count[5]    ; count[12]   ; clk_50M    ; clk_50M  ; None                        ; None                      ; 6.696 ns                ;
; N/A                                     ; 135.06 MHz ( period = 7.404 ns )                    ; f_count[10] ; f_count[14] ; clk_50M    ; clk_50M  ; None                        ; None                      ; 6.695 ns                ;
; N/A                                     ; 135.08 MHz ( period = 7.403 ns )                    ; count[12]   ; count[0]    ; clk_50M    ; clk_50M  ; None                        ; None                      ; 6.694 ns                ;
; N/A                                     ; 135.08 MHz ( period = 7.403 ns )                    ; f_count[23] ; f_count[19] ; clk_50M    ; clk_50M  ; None                        ; None                      ; 6.694 ns                ;
; N/A                                     ; 135.10 MHz ( period = 7.402 ns )                    ; f_count[4]  ; f_count[19] ; clk_50M    ; clk_50M  ; None                        ; None                      ; 6.693 ns                ;
; N/A                                     ; 135.10 MHz ( period = 7.402 ns )                    ; f_count[5]  ; f_count[12] ; clk_50M    ; clk_50M  ; None                        ; None                      ; 6.693 ns                ;
; N/A                                     ; 135.14 MHz ( period = 7.400 ns )                    ; f_count[23] ; f_count[21] ; clk_50M    ; clk_50M  ; None                        ; None                      ; 6.691 ns                ;
; N/A                                     ; 135.14 MHz ( period = 7.400 ns )                    ; f_count[1]  ; f_count[23] ; clk_50M    ; clk_50M  ; None                        ; None                      ; 6.691 ns                ;
; N/A                                     ; 135.15 MHz ( period = 7.399 ns )                    ; f_count[1]  ; f_div_clk   ; clk_50M    ; clk_50M  ; None                        ; None                      ; 6.690 ns                ;
; N/A                                     ; 135.15 MHz ( period = 7.399 ns )                    ; f_count[4]  ; f_count[21] ; clk_50M    ; clk_50M  ; None                        ; None                      ; 6.690 ns                ;
; N/A                                     ; 135.15 MHz ( period = 7.399 ns )                    ; f_count[12] ; f_count[24] ; clk_50M    ; clk_50M  ; None                        ; None                      ; 6.690 ns                ;
; N/A                                     ; 135.21 MHz ( period = 7.396 ns )                    ; f_count[23] ; f_count[18] ; clk_50M    ; clk_50M  ; None                        ; None                      ; 6.687 ns                ;
; N/A                                     ; 135.21 MHz ( period = 7.396 ns )                    ; f_count[23] ; f_count[5]  ; clk_50M    ; clk_50M  ; None                        ; None                      ; 6.687 ns                ;
; N/A                                     ; 135.23 MHz ( period = 7.395 ns )                    ; f_count[4]  ; f_count[18] ; clk_50M    ; clk_50M  ; None                        ; None                      ; 6.686 ns                ;
; Timing analysis restricted to 200 rows. ; To change the limit use Settings (Assignments menu) ;             ;             ;            ;          ;                             ;                           ;                         ;
+-----------------------------------------+-----------------------------------------------------+-------------+-------------+------------+----------+-----------------------------+---------------------------+-------------------------+


+-----------------------------------------------------------------------------+
; tco                                                                         ;
+-------+--------------+------------+----------------+-----------+------------+
; Slack ; Required tco ; Actual tco ; From           ; To        ; From Clock ;
+-------+--------------+------------+----------------+-----------+------------+
; N/A   ; None         ; 6.813 ns   ; f_led_out~reg0 ; f_led_out ; clk_50M    ;
; N/A   ; None         ; 6.813 ns   ; led_out~reg0   ; led_out   ; clk_50M    ;
+-------+--------------+------------+----------------+-----------+------------+


+--------------------------+
; Timing Analyzer Messages ;
+--------------------------+
Info: *******************************************************************
Info: Running Quartus II Classic Timing Analyzer
    Info: Version 9.0 Build 235 06/17/2009 Service Pack 2 SJ Web Edition
    Info: Processing started: Thu Jul 04 19:10:48 2013
Info: Command: quartus_tan --read_settings_files=off --write_settings_files=off ledwater -c ledwater
Info: Parallel compilation is enabled and will use 2 of the 2 processors detected
Info: Started post-fitting delay annotation
Info: Delay annotation completed successfully
Warning: Found pins functioning as undefined clocks and/or memory enables
    Info: Assuming node "clk_50M" is an undefined clock
Info: Clock "clk_50M" has Internal fmax of 119.73 MHz between source register "count[2]" and destination register "count[20]" (period= 8.352 ns)
    Info: + Longest register to register delay is 7.643 ns
        Info: 1: + IC(0.000 ns) + CELL(0.000 ns) = 0.000 ns; Loc. = LC_X7_Y2_N3; Fanout = 4; REG Node = 'count[2]'
        Info: 2: + IC(1.887 ns) + CELL(0.747 ns) = 2.634 ns; Loc. = LC_X3_Y2_N5; Fanout = 2; COMB Node = 'Add0~5'
        Info: 3: + IC(0.000 ns) + CELL(0.123 ns) = 2.757 ns; Loc. = LC_X3_Y2_N6; Fanout = 2; COMB Node = 'Add0~7'
        Info: 4: + IC(0.000 ns) + CELL(0.123 ns) = 2.880 ns; Loc. = LC_X3_Y2_N7; Fanout = 2; COMB Node = 'Add0~11'
        Info: 5: + IC(0.000 ns) + CELL(0.123 ns) = 3.003 ns; Loc. = LC_X3_Y2_N8; Fanout = 2; COMB Node = 'Add0~13'
        Info: 6: + IC(0.000 ns) + CELL(0.399 ns) = 3.402 ns; Loc. = LC_X3_Y2_N9; Fanout = 6; COMB Node = 'Add0~9'
        Info: 7: + IC(0.000 ns) + CELL(0.246 ns) = 3.648 ns; Loc. = LC_X4_Y2_N4; Fanout = 6; COMB Node = 'Add0~17'
        Info: 8: + IC(0.000 ns) + CELL(0.349 ns) = 3.997 ns; Loc. = LC_X4_Y2_N9; Fanout = 6; COMB Node = 'Add0~33'
        Info: 9: + IC(0.000 ns) + CELL(1.234 ns) = 5.231 ns; Loc. = LC_X5_Y2_N3; Fanout = 1; COMB Node = 'Add0~42'
        Info: 10: + IC(1.821 ns) + CELL(0.591 ns) = 7.643 ns; Loc. = LC_X6_Y2_N4; Fanout = 4; REG Node = 'count[20]'
        Info: Total cell delay = 3.935 ns ( 51.49 % )
        Info: Total interconnect delay = 3.708 ns ( 48.51 % )
    Info: - Smallest clock skew is 0.000 ns
        Info: + Shortest clock path from clock "clk_50M" to destination register is 3.348 ns
            Info: 1: + IC(0.000 ns) + CELL(1.163 ns) = 1.163 ns; Loc. = PIN_12; Fanout = 54; CLK Node = 'clk_50M'
            Info: 2: + IC(1.267 ns) + CELL(0.918 ns) = 3.348 ns; Loc. = LC_X6_Y2_N4; Fanout = 4; REG Node = 'count[20]'
            Info: Total cell delay = 2.081 ns ( 62.16 % )
            Info: Total interconnect delay = 1.267 ns ( 37.84 % )
        Info: - Longest clock path from clock "clk_50M" to source register is 3.348 ns
            Info: 1: + IC(0.000 ns) + CELL(1.163 ns) = 1.163 ns; Loc. = PIN_12; Fanout = 54; CLK Node = 'clk_50M'
            Info: 2: + IC(1.267 ns) + CELL(0.918 ns) = 3.348 ns; Loc. = LC_X7_Y2_N3; Fanout = 4; REG Node = 'count[2]'
            Info: Total cell delay = 2.081 ns ( 62.16 % )
            Info: Total interconnect delay = 1.267 ns ( 37.84 % )
    Info: + Micro clock to output delay of source is 0.376 ns
    Info: + Micro setup delay of destination is 0.333 ns
Info: tco from clock "clk_50M" to destination pin "f_led_out" through register "f_led_out~reg0" is 6.813 ns
    Info: + Longest clock path from clock "clk_50M" to source register is 3.348 ns
        Info: 1: + IC(0.000 ns) + CELL(1.163 ns) = 1.163 ns; Loc. = PIN_12; Fanout = 54; CLK Node = 'clk_50M'
        Info: 2: + IC(1.267 ns) + CELL(0.918 ns) = 3.348 ns; Loc. = LC_X7_Y2_N4; Fanout = 1; REG Node = 'f_led_out~reg0'
        Info: Total cell delay = 2.081 ns ( 62.16 % )
        Info: Total interconnect delay = 1.267 ns ( 37.84 % )
    Info: + Micro clock to output delay of source is 0.376 ns
    Info: + Longest register to pin delay is 3.089 ns
        Info: 1: + IC(0.000 ns) + CELL(0.000 ns) = 0.000 ns; Loc. = LC_X7_Y2_N4; Fanout = 1; REG Node = 'f_led_out~reg0'
        Info: 2: + IC(0.767 ns) + CELL(2.322 ns) = 3.089 ns; Loc. = PIN_58; Fanout = 0; PIN Node = 'f_led_out'
        Info: Total cell delay = 2.322 ns ( 75.17 % )
        Info: Total interconnect delay = 0.767 ns ( 24.83 % )
Info: Quartus II Classic Timing Analyzer was successful. 0 errors, 1 warning
    Info: Peak virtual memory: 133 megabytes
    Info: Processing ended: Thu Jul 04 19:10:49 2013
    Info: Elapsed time: 00:00:01
    Info: Total CPU time (on all processors): 00:00:01


