Flow report for ledwater
Thu Sep 24 10:02:34 2015
Quartus II Version 11.0 Build 157 04/27/2011 SJ Full Version


---------------------
; Table of Contents ;
---------------------
  1. Legal Notice
  2. Flow Summary
  3. Flow Settings
  4. Flow Non-Default Global Settings
  5. Flow Elapsed Time
  6. Flow OS Summary
  7. Flow Log



----------------
; Legal Notice ;
----------------
Copyright (C) 1991-2011 Altera Corporation
Your use of Altera Corporation's design tools, logic functions 
and other software and tools, and its AMPP partner logic 
functions, and any output files from any of the foregoing 
(including device programming or simulation files), and any 
associated documentation or information are expressly subject 
to the terms and conditions of the Altera Program License 
Subscription Agreement, Altera MegaCore Function License 
Agreement, or other applicable license agreement, including, 
without limitation, that your use is for the sole purpose of 
programming logic devices manufactured by Altera and sold by 
Altera or its authorized distributors.  Please refer to the 
applicable agreement for further details.



+--------------------------------------------------------------------------------+
; Flow Summary                                                                   ;
+------------------------------------+-------------------------------------------+
; Flow Status                        ; Successful - Thu Sep 24 10:02:33 2015     ;
; Quartus II Version                 ; 11.0 Build 157 04/27/2011 SJ Full Version ;
; Revision Name                      ; ledwater                                  ;
; Top-level Entity Name              ; ledwater                                  ;
; Family                             ; Cyclone IV E                              ;
; Device                             ; EP4CE6E22C8                               ;
; Timing Models                      ; Final                                     ;
; Total logic elements               ; 38 / 6,272 ( 1 % )                        ;
;     Total combinational functions  ; 38 / 6,272 ( 1 % )                        ;
;     Dedicated logic registers      ; 26 / 6,272 ( < 1 % )                      ;
; Total registers                    ; 26                                        ;
; Total pins                         ; 14 / 92 ( 15 % )                          ;
; Total virtual pins                 ; 0                                         ;
; Total memory bits                  ; 0 / 276,480 ( 0 % )                       ;
; Embedded Multiplier 9-bit elements ; 0 / 30 ( 0 % )                            ;
; Total PLLs                         ; 0 / 2 ( 0 % )                             ;
+------------------------------------+-------------------------------------------+


+-----------------------------------------+
; Flow Settings                           ;
+-------------------+---------------------+
; Option            ; Setting             ;
+-------------------+---------------------+
; Start date & time ; 09/24/2015 10:02:21 ;
; Main task         ; Compilation         ;
; Revision Name     ; ledwater            ;
+-------------------+---------------------+


+-----------------------------------------------------------------------------------------------------------------------------------------------+
; Flow Non-Default Global Settings                                                                                                              ;
+---------------------------------------+------------------------------------------------------------+---------------+-------------+------------+
; Assignment Name                       ; Value                                                      ; Default Value ; Entity Name ; Section Id ;
+---------------------------------------+------------------------------------------------------------+---------------+-------------+------------+
; COMPILER_SIGNATURE_ID                 ; 91673767957.144306014103964                                ; --            ; --          ; --         ;
; FITTER_EFFORT                         ; Standard Fit                                               ; Auto Fit      ; --          ; --         ;
; MAX_CORE_JUNCTION_TEMP                ; 85                                                         ; --            ; --          ; --         ;
; MIN_CORE_JUNCTION_TEMP                ; 0                                                          ; --            ; --          ; --         ;
; MISC_FILE                             ; G:/Verlog/跑马灯/ledwater.dpf                              ; --            ; --          ; --         ;
; MISC_FILE                             ; G:/做视频教材要用的/vreolg/好的程序/LED跑马灯/ledwater.dpf ; --            ; --          ; --         ;
; MISC_FILE                             ; G:/CPLD_160_Vrlog/Verlog 没有调试/LED跑马灯/ledwater.dpf   ; --            ; --          ; --         ;
; OPTIMIZE_HOLD_TIMING                  ; Off                                                        ; All Paths     ; --          ; --         ;
; PARTITION_COLOR                       ; 16764057                                                   ; --            ; --          ; Top        ;
; PARTITION_FITTER_PRESERVATION_LEVEL   ; PLACEMENT_AND_ROUTING                                      ; --            ; --          ; Top        ;
; PARTITION_NETLIST_TYPE                ; SOURCE                                                     ; --            ; --          ; Top        ;
; POWER_EXT_SUPPLY_VOLTAGE_TO_REGULATOR ; 3.3V                                                       ; --            ; --          ; --         ;
+---------------------------------------+------------------------------------------------------------+---------------+-------------+------------+


+-------------------------------------------------------------------------------------------------------------------------------+
; Flow Elapsed Time                                                                                                             ;
+---------------------------+--------------+-------------------------+---------------------+------------------------------------+
; Module Name               ; Elapsed Time ; Average Processors Used ; Peak Virtual Memory ; Total CPU Time (on all processors) ;
+---------------------------+--------------+-------------------------+---------------------+------------------------------------+
; Analysis & Synthesis      ; 00:00:01     ; 1.0                     ; 230 MB              ; 00:00:01                           ;
; Fitter                    ; 00:00:05     ; 1.0                     ; 335 MB              ; 00:00:05                           ;
; Assembler                 ; 00:00:02     ; 1.0                     ; 227 MB              ; 00:00:02                           ;
; TimeQuest Timing Analyzer ; 00:00:04     ; 1.0                     ; 257 MB              ; 00:00:04                           ;
; Total                     ; 00:00:12     ; --                      ; --                  ; 00:00:12                           ;
+---------------------------+--------------+-------------------------+---------------------+------------------------------------+


+-----------------------------------------------------------------------------------------+
; Flow OS Summary                                                                         ;
+---------------------------+------------------+------------+------------+----------------+
; Module Name               ; Machine Hostname ; OS Name    ; OS Version ; Processor type ;
+---------------------------+------------------+------------+------------+----------------+
; Analysis & Synthesis      ; 6262b8bcd6f540b  ; Windows XP ; 5.1        ; i686           ;
; Fitter                    ; 6262b8bcd6f540b  ; Windows XP ; 5.1        ; i686           ;
; Assembler                 ; 6262b8bcd6f540b  ; Windows XP ; 5.1        ; i686           ;
; TimeQuest Timing Analyzer ; 6262b8bcd6f540b  ; Windows XP ; 5.1        ; i686           ;
+---------------------------+------------------+------------+------------+----------------+


------------
; Flow Log ;
------------
quartus_map --read_settings_files=on --write_settings_files=off ledwater -c ledwater
quartus_fit --read_settings_files=off --write_settings_files=off ledwater -c ledwater
quartus_asm --read_settings_files=off --write_settings_files=off ledwater -c ledwater
quartus_sta ledwater -c ledwater



