Classic Timing Analyzer report for state_machine
Thu Jul 04 19:40:46 2013
Quartus II Version 9.0 Build 235 06/17/2009 Service Pack 2 SJ Web Edition


---------------------
; Table of Contents ;
---------------------
  1. Legal Notice
  2. Timing Analyzer Summary
  3. Timing Analyzer Settings
  4. Clock Settings Summary
  5. Parallel Compilation
  6. Clock Setup: 'clk'
  7. tco
  8. Timing Analyzer Messages



----------------
; Legal Notice ;
----------------
Copyright (C) 1991-2009 Altera Corporation
Your use of Altera Corporation's design tools, logic functions 
and other software and tools, and its AMPP partner logic 
functions, and any output files from any of the foregoing 
(including device programming or simulation files), and any 
associated documentation or information are expressly subject 
to the terms and conditions of the Altera Program License 
Subscription Agreement, Altera MegaCore Function License 
Agreement, or other applicable license agreement, including, 
without limitation, that your use is for the sole purpose of 
programming logic devices manufactured by Altera and sold by 
Altera or its authorized distributors.  Please refer to the 
applicable agreement for further details.



+--------------------------------------------------------------------------------------------------------------------------------------------------------------+
; Timing Analyzer Summary                                                                                                                                      ;
+------------------------------+-------+---------------+----------------------------------+--------------+--------------+------------+----------+--------------+
; Type                         ; Slack ; Required Time ; Actual Time                      ; From         ; To           ; From Clock ; To Clock ; Failed Paths ;
+------------------------------+-------+---------------+----------------------------------+--------------+--------------+------------+----------+--------------+
; Worst-case tco               ; N/A   ; None          ; 11.438 ns                        ; state.state1 ; c[6]         ; clk        ; --       ; 0            ;
; Clock Setup: 'clk'           ; N/A   ; None          ; 115.83 MHz ( period = 8.633 ns ) ; cnt[14]      ; state.state1 ; clk        ; clk      ; 0            ;
; Total number of failed paths ;       ;               ;                                  ;              ;              ;            ;          ; 0            ;
+------------------------------+-------+---------------+----------------------------------+--------------+--------------+------------+----------+--------------+


+--------------------------------------------------------------------------------------------------------------------+
; Timing Analyzer Settings                                                                                           ;
+---------------------------------------------------------------------+--------------------+------+----+-------------+
; Option                                                              ; Setting            ; From ; To ; Entity Name ;
+---------------------------------------------------------------------+--------------------+------+----+-------------+
; Device Name                                                         ; EPM240T100C5       ;      ;    ;             ;
; Timing Models                                                       ; Final              ;      ;    ;             ;
; Default hold multicycle                                             ; Same as Multicycle ;      ;    ;             ;
; Cut paths between unrelated clock domains                           ; On                 ;      ;    ;             ;
; Cut off read during write signal paths                              ; On                 ;      ;    ;             ;
; Cut off feedback from I/O pins                                      ; On                 ;      ;    ;             ;
; Report Combined Fast/Slow Timing                                    ; Off                ;      ;    ;             ;
; Ignore Clock Settings                                               ; Off                ;      ;    ;             ;
; Analyze latches as synchronous elements                             ; Off                ;      ;    ;             ;
; Enable Recovery/Removal analysis                                    ; Off                ;      ;    ;             ;
; Enable Clock Latency                                                ; Off                ;      ;    ;             ;
; Use TimeQuest Timing Analyzer                                       ; Off                ;      ;    ;             ;
; Minimum Core Junction Temperature                                   ; 0                  ;      ;    ;             ;
; Maximum Core Junction Temperature                                   ; 85                 ;      ;    ;             ;
; Number of source nodes to report per destination node               ; 10                 ;      ;    ;             ;
; Number of destination nodes to report                               ; 10                 ;      ;    ;             ;
; Number of paths to report                                           ; 200                ;      ;    ;             ;
; Report Minimum Timing Checks                                        ; Off                ;      ;    ;             ;
; Use Fast Timing Models                                              ; Off                ;      ;    ;             ;
; Report IO Paths Separately                                          ; Off                ;      ;    ;             ;
; Perform Multicorner Analysis                                        ; Off                ;      ;    ;             ;
; Reports the worst-case path for each clock domain and analysis      ; Off                ;      ;    ;             ;
; Removes common clock path pessimism (CCPP) during slack computation ; Off                ;      ;    ;             ;
; Output I/O Timing Endpoint                                          ; Near End           ;      ;    ;             ;
+---------------------------------------------------------------------+--------------------+------+----+-------------+


+------------------------------------------------------------------------------------------------------------------------------------------------------------------------------------+
; Clock Settings Summary                                                                                                                                                             ;
+-----------------+--------------------+----------+------------------+---------------+--------------+----------+-----------------------+---------------------+--------+--------------+
; Clock Node Name ; Clock Setting Name ; Type     ; Fmax Requirement ; Early Latency ; Late Latency ; Based on ; Multiply Base Fmax by ; Divide Base Fmax by ; Offset ; Phase offset ;
+-----------------+--------------------+----------+------------------+---------------+--------------+----------+-----------------------+---------------------+--------+--------------+
; clk             ;                    ; User Pin ; None             ; 0.000 ns      ; 0.000 ns     ; --       ; N/A                   ; N/A                 ; N/A    ;              ;
+-----------------+--------------------+----------+------------------+---------------+--------------+----------+-----------------------+---------------------+--------+--------------+


+------------------------------------------+
; Parallel Compilation                     ;
+----------------------------+-------------+
; Processors                 ; Number      ;
+----------------------------+-------------+
; Number detected on machine ; 2           ;
; Maximum allowed            ; 2           ;
;                            ;             ;
; Average used               ; 1.00        ;
; Maximum used               ; 1           ;
;                            ;             ;
; Usage by Processor         ; % Time Used ;
;     1 processor            ; 100.0%      ;
;     2 processors           ;   0.0%      ;
+----------------------------+-------------+


+------------------------------------------------------------------------------------------------------------------------------------------------------------------------------------------------------------------------------------+
; Clock Setup: 'clk'                                                                                                                                                                                                                 ;
+-----------------------------------------+-----------------------------------------------------+---------+--------------+------------+----------+-----------------------------+---------------------------+-------------------------+
; Slack                                   ; Actual fmax (period)                                ; From    ; To           ; From Clock ; To Clock ; Required Setup Relationship ; Required Longest P2P Time ; Actual Longest P2P Time ;
+-----------------------------------------+-----------------------------------------------------+---------+--------------+------------+----------+-----------------------------+---------------------------+-------------------------+
; N/A                                     ; 115.83 MHz ( period = 8.633 ns )                    ; cnt[14] ; state.state1 ; clk        ; clk      ; None                        ; None                      ; 7.924 ns                ;
; N/A                                     ; 117.08 MHz ( period = 8.541 ns )                    ; cnt[3]  ; state.state1 ; clk        ; clk      ; None                        ; None                      ; 7.832 ns                ;
; N/A                                     ; 118.08 MHz ( period = 8.469 ns )                    ; cnt[1]  ; state.state1 ; clk        ; clk      ; None                        ; None                      ; 7.760 ns                ;
; N/A                                     ; 118.20 MHz ( period = 8.460 ns )                    ; cnt[12] ; state.state1 ; clk        ; clk      ; None                        ; None                      ; 7.751 ns                ;
; N/A                                     ; 118.34 MHz ( period = 8.450 ns )                    ; cnt[7]  ; state.state1 ; clk        ; clk      ; None                        ; None                      ; 7.741 ns                ;
; N/A                                     ; 119.13 MHz ( period = 8.394 ns )                    ; cnt[5]  ; state.state1 ; clk        ; clk      ; None                        ; None                      ; 7.685 ns                ;
; N/A                                     ; 119.27 MHz ( period = 8.384 ns )                    ; cnt[2]  ; state.state1 ; clk        ; clk      ; None                        ; None                      ; 7.675 ns                ;
; N/A                                     ; 120.12 MHz ( period = 8.325 ns )                    ; cnt[21] ; state.state1 ; clk        ; clk      ; None                        ; None                      ; 7.616 ns                ;
; N/A                                     ; 120.74 MHz ( period = 8.282 ns )                    ; cnt[19] ; state.state1 ; clk        ; clk      ; None                        ; None                      ; 7.573 ns                ;
; N/A                                     ; 120.99 MHz ( period = 8.265 ns )                    ; cnt[13] ; state.state1 ; clk        ; clk      ; None                        ; None                      ; 7.556 ns                ;
; N/A                                     ; 121.26 MHz ( period = 8.247 ns )                    ; cnt[4]  ; state.state1 ; clk        ; clk      ; None                        ; None                      ; 7.538 ns                ;
; N/A                                     ; 121.37 MHz ( period = 8.239 ns )                    ; cnt[10] ; state.state1 ; clk        ; clk      ; None                        ; None                      ; 7.530 ns                ;
; N/A                                     ; 123.70 MHz ( period = 8.084 ns )                    ; cnt[22] ; state.state1 ; clk        ; clk      ; None                        ; None                      ; 7.375 ns                ;
; N/A                                     ; 124.01 MHz ( period = 8.064 ns )                    ; cnt[11] ; state.state1 ; clk        ; clk      ; None                        ; None                      ; 7.355 ns                ;
; N/A                                     ; 126.23 MHz ( period = 7.922 ns )                    ; cnt[15] ; state.state1 ; clk        ; clk      ; None                        ; None                      ; 7.213 ns                ;
; N/A                                     ; 126.23 MHz ( period = 7.922 ns )                    ; cnt[14] ; state.state0 ; clk        ; clk      ; None                        ; None                      ; 7.213 ns                ;
; N/A                                     ; 126.23 MHz ( period = 7.922 ns )                    ; cnt[14] ; state.state4 ; clk        ; clk      ; None                        ; None                      ; 7.213 ns                ;
; N/A                                     ; 126.23 MHz ( period = 7.922 ns )                    ; cnt[14] ; state.state6 ; clk        ; clk      ; None                        ; None                      ; 7.213 ns                ;
; N/A                                     ; 126.23 MHz ( period = 7.922 ns )                    ; cnt[14] ; state.state5 ; clk        ; clk      ; None                        ; None                      ; 7.213 ns                ;
; N/A                                     ; 126.23 MHz ( period = 7.922 ns )                    ; cnt[14] ; state.state3 ; clk        ; clk      ; None                        ; None                      ; 7.213 ns                ;
; N/A                                     ; 126.23 MHz ( period = 7.922 ns )                    ; cnt[14] ; state.state7 ; clk        ; clk      ; None                        ; None                      ; 7.213 ns                ;
; N/A                                     ; 126.25 MHz ( period = 7.921 ns )                    ; cnt[14] ; state.state2 ; clk        ; clk      ; None                        ; None                      ; 7.212 ns                ;
; N/A                                     ; 126.77 MHz ( period = 7.888 ns )                    ; cnt[9]  ; state.state1 ; clk        ; clk      ; None                        ; None                      ; 7.179 ns                ;
; N/A                                     ; 126.90 MHz ( period = 7.880 ns )                    ; cnt[16] ; state.state1 ; clk        ; clk      ; None                        ; None                      ; 7.171 ns                ;
; N/A                                     ; 127.60 MHz ( period = 7.837 ns )                    ; cnt[0]  ; state.state1 ; clk        ; clk      ; None                        ; None                      ; 7.128 ns                ;
; N/A                                     ; 127.71 MHz ( period = 7.830 ns )                    ; cnt[3]  ; state.state0 ; clk        ; clk      ; None                        ; None                      ; 7.121 ns                ;
; N/A                                     ; 127.71 MHz ( period = 7.830 ns )                    ; cnt[3]  ; state.state4 ; clk        ; clk      ; None                        ; None                      ; 7.121 ns                ;
; N/A                                     ; 127.71 MHz ( period = 7.830 ns )                    ; cnt[3]  ; state.state6 ; clk        ; clk      ; None                        ; None                      ; 7.121 ns                ;
; N/A                                     ; 127.71 MHz ( period = 7.830 ns )                    ; cnt[3]  ; state.state5 ; clk        ; clk      ; None                        ; None                      ; 7.121 ns                ;
; N/A                                     ; 127.71 MHz ( period = 7.830 ns )                    ; cnt[3]  ; state.state3 ; clk        ; clk      ; None                        ; None                      ; 7.121 ns                ;
; N/A                                     ; 127.71 MHz ( period = 7.830 ns )                    ; cnt[3]  ; state.state7 ; clk        ; clk      ; None                        ; None                      ; 7.121 ns                ;
; N/A                                     ; 127.73 MHz ( period = 7.829 ns )                    ; cnt[3]  ; state.state2 ; clk        ; clk      ; None                        ; None                      ; 7.120 ns                ;
; N/A                                     ; 128.90 MHz ( period = 7.758 ns )                    ; cnt[23] ; state.state1 ; clk        ; clk      ; None                        ; None                      ; 7.049 ns                ;
; N/A                                     ; 128.90 MHz ( period = 7.758 ns )                    ; cnt[1]  ; state.state0 ; clk        ; clk      ; None                        ; None                      ; 7.049 ns                ;
; N/A                                     ; 128.90 MHz ( period = 7.758 ns )                    ; cnt[1]  ; state.state4 ; clk        ; clk      ; None                        ; None                      ; 7.049 ns                ;
; N/A                                     ; 128.90 MHz ( period = 7.758 ns )                    ; cnt[1]  ; state.state6 ; clk        ; clk      ; None                        ; None                      ; 7.049 ns                ;
; N/A                                     ; 128.90 MHz ( period = 7.758 ns )                    ; cnt[1]  ; state.state5 ; clk        ; clk      ; None                        ; None                      ; 7.049 ns                ;
; N/A                                     ; 128.90 MHz ( period = 7.758 ns )                    ; cnt[1]  ; state.state3 ; clk        ; clk      ; None                        ; None                      ; 7.049 ns                ;
; N/A                                     ; 128.90 MHz ( period = 7.758 ns )                    ; cnt[1]  ; state.state7 ; clk        ; clk      ; None                        ; None                      ; 7.049 ns                ;
; N/A                                     ; 128.92 MHz ( period = 7.757 ns )                    ; cnt[1]  ; state.state2 ; clk        ; clk      ; None                        ; None                      ; 7.048 ns                ;
; N/A                                     ; 129.05 MHz ( period = 7.749 ns )                    ; cnt[12] ; state.state0 ; clk        ; clk      ; None                        ; None                      ; 7.040 ns                ;
; N/A                                     ; 129.05 MHz ( period = 7.749 ns )                    ; cnt[12] ; state.state4 ; clk        ; clk      ; None                        ; None                      ; 7.040 ns                ;
; N/A                                     ; 129.05 MHz ( period = 7.749 ns )                    ; cnt[12] ; state.state6 ; clk        ; clk      ; None                        ; None                      ; 7.040 ns                ;
; N/A                                     ; 129.05 MHz ( period = 7.749 ns )                    ; cnt[12] ; state.state5 ; clk        ; clk      ; None                        ; None                      ; 7.040 ns                ;
; N/A                                     ; 129.05 MHz ( period = 7.749 ns )                    ; cnt[12] ; state.state3 ; clk        ; clk      ; None                        ; None                      ; 7.040 ns                ;
; N/A                                     ; 129.05 MHz ( period = 7.749 ns )                    ; cnt[12] ; state.state7 ; clk        ; clk      ; None                        ; None                      ; 7.040 ns                ;
; N/A                                     ; 129.07 MHz ( period = 7.748 ns )                    ; cnt[12] ; state.state2 ; clk        ; clk      ; None                        ; None                      ; 7.039 ns                ;
; N/A                                     ; 129.22 MHz ( period = 7.739 ns )                    ; cnt[7]  ; state.state0 ; clk        ; clk      ; None                        ; None                      ; 7.030 ns                ;
; N/A                                     ; 129.22 MHz ( period = 7.739 ns )                    ; cnt[7]  ; state.state4 ; clk        ; clk      ; None                        ; None                      ; 7.030 ns                ;
; N/A                                     ; 129.22 MHz ( period = 7.739 ns )                    ; cnt[7]  ; state.state6 ; clk        ; clk      ; None                        ; None                      ; 7.030 ns                ;
; N/A                                     ; 129.22 MHz ( period = 7.739 ns )                    ; cnt[7]  ; state.state5 ; clk        ; clk      ; None                        ; None                      ; 7.030 ns                ;
; N/A                                     ; 129.22 MHz ( period = 7.739 ns )                    ; cnt[7]  ; state.state3 ; clk        ; clk      ; None                        ; None                      ; 7.030 ns                ;
; N/A                                     ; 129.22 MHz ( period = 7.739 ns )                    ; cnt[7]  ; state.state7 ; clk        ; clk      ; None                        ; None                      ; 7.030 ns                ;
; N/A                                     ; 129.23 MHz ( period = 7.738 ns )                    ; cnt[7]  ; state.state2 ; clk        ; clk      ; None                        ; None                      ; 7.029 ns                ;
; N/A                                     ; 129.92 MHz ( period = 7.697 ns )                    ; cnt[6]  ; state.state1 ; clk        ; clk      ; None                        ; None                      ; 6.988 ns                ;
; N/A                                     ; 130.16 MHz ( period = 7.683 ns )                    ; cnt[5]  ; state.state0 ; clk        ; clk      ; None                        ; None                      ; 6.974 ns                ;
; N/A                                     ; 130.16 MHz ( period = 7.683 ns )                    ; cnt[5]  ; state.state4 ; clk        ; clk      ; None                        ; None                      ; 6.974 ns                ;
; N/A                                     ; 130.16 MHz ( period = 7.683 ns )                    ; cnt[5]  ; state.state6 ; clk        ; clk      ; None                        ; None                      ; 6.974 ns                ;
; N/A                                     ; 130.16 MHz ( period = 7.683 ns )                    ; cnt[5]  ; state.state5 ; clk        ; clk      ; None                        ; None                      ; 6.974 ns                ;
; N/A                                     ; 130.16 MHz ( period = 7.683 ns )                    ; cnt[5]  ; state.state3 ; clk        ; clk      ; None                        ; None                      ; 6.974 ns                ;
; N/A                                     ; 130.16 MHz ( period = 7.683 ns )                    ; cnt[5]  ; state.state7 ; clk        ; clk      ; None                        ; None                      ; 6.974 ns                ;
; N/A                                     ; 130.17 MHz ( period = 7.682 ns )                    ; cnt[5]  ; state.state2 ; clk        ; clk      ; None                        ; None                      ; 6.973 ns                ;
; N/A                                     ; 130.19 MHz ( period = 7.681 ns )                    ; cnt[17] ; state.state1 ; clk        ; clk      ; None                        ; None                      ; 6.972 ns                ;
; N/A                                     ; 130.33 MHz ( period = 7.673 ns )                    ; cnt[2]  ; state.state0 ; clk        ; clk      ; None                        ; None                      ; 6.964 ns                ;
; N/A                                     ; 130.33 MHz ( period = 7.673 ns )                    ; cnt[2]  ; state.state4 ; clk        ; clk      ; None                        ; None                      ; 6.964 ns                ;
; N/A                                     ; 130.33 MHz ( period = 7.673 ns )                    ; cnt[2]  ; state.state6 ; clk        ; clk      ; None                        ; None                      ; 6.964 ns                ;
; N/A                                     ; 130.33 MHz ( period = 7.673 ns )                    ; cnt[2]  ; state.state5 ; clk        ; clk      ; None                        ; None                      ; 6.964 ns                ;
; N/A                                     ; 130.33 MHz ( period = 7.673 ns )                    ; cnt[2]  ; state.state3 ; clk        ; clk      ; None                        ; None                      ; 6.964 ns                ;
; N/A                                     ; 130.33 MHz ( period = 7.673 ns )                    ; cnt[2]  ; state.state7 ; clk        ; clk      ; None                        ; None                      ; 6.964 ns                ;
; N/A                                     ; 130.34 MHz ( period = 7.672 ns )                    ; cnt[2]  ; state.state2 ; clk        ; clk      ; None                        ; None                      ; 6.963 ns                ;
; N/A                                     ; 131.34 MHz ( period = 7.614 ns )                    ; cnt[21] ; state.state0 ; clk        ; clk      ; None                        ; None                      ; 6.905 ns                ;
; N/A                                     ; 131.34 MHz ( period = 7.614 ns )                    ; cnt[21] ; state.state4 ; clk        ; clk      ; None                        ; None                      ; 6.905 ns                ;
; N/A                                     ; 131.34 MHz ( period = 7.614 ns )                    ; cnt[21] ; state.state6 ; clk        ; clk      ; None                        ; None                      ; 6.905 ns                ;
; N/A                                     ; 131.34 MHz ( period = 7.614 ns )                    ; cnt[21] ; state.state5 ; clk        ; clk      ; None                        ; None                      ; 6.905 ns                ;
; N/A                                     ; 131.34 MHz ( period = 7.614 ns )                    ; cnt[21] ; state.state3 ; clk        ; clk      ; None                        ; None                      ; 6.905 ns                ;
; N/A                                     ; 131.34 MHz ( period = 7.614 ns )                    ; cnt[21] ; state.state7 ; clk        ; clk      ; None                        ; None                      ; 6.905 ns                ;
; N/A                                     ; 131.35 MHz ( period = 7.613 ns )                    ; cnt[21] ; state.state2 ; clk        ; clk      ; None                        ; None                      ; 6.904 ns                ;
; N/A                                     ; 132.08 MHz ( period = 7.571 ns )                    ; cnt[19] ; state.state0 ; clk        ; clk      ; None                        ; None                      ; 6.862 ns                ;
; N/A                                     ; 132.08 MHz ( period = 7.571 ns )                    ; cnt[19] ; state.state4 ; clk        ; clk      ; None                        ; None                      ; 6.862 ns                ;
; N/A                                     ; 132.08 MHz ( period = 7.571 ns )                    ; cnt[19] ; state.state6 ; clk        ; clk      ; None                        ; None                      ; 6.862 ns                ;
; N/A                                     ; 132.08 MHz ( period = 7.571 ns )                    ; cnt[19] ; state.state5 ; clk        ; clk      ; None                        ; None                      ; 6.862 ns                ;
; N/A                                     ; 132.08 MHz ( period = 7.571 ns )                    ; cnt[19] ; state.state3 ; clk        ; clk      ; None                        ; None                      ; 6.862 ns                ;
; N/A                                     ; 132.08 MHz ( period = 7.571 ns )                    ; cnt[19] ; state.state7 ; clk        ; clk      ; None                        ; None                      ; 6.862 ns                ;
; N/A                                     ; 132.10 MHz ( period = 7.570 ns )                    ; cnt[19] ; state.state2 ; clk        ; clk      ; None                        ; None                      ; 6.861 ns                ;
; N/A                                     ; 132.28 MHz ( period = 7.560 ns )                    ; cnt[8]  ; state.state1 ; clk        ; clk      ; None                        ; None                      ; 6.851 ns                ;
; N/A                                     ; 132.38 MHz ( period = 7.554 ns )                    ; cnt[13] ; state.state0 ; clk        ; clk      ; None                        ; None                      ; 6.845 ns                ;
; N/A                                     ; 132.38 MHz ( period = 7.554 ns )                    ; cnt[13] ; state.state4 ; clk        ; clk      ; None                        ; None                      ; 6.845 ns                ;
; N/A                                     ; 132.38 MHz ( period = 7.554 ns )                    ; cnt[13] ; state.state6 ; clk        ; clk      ; None                        ; None                      ; 6.845 ns                ;
; N/A                                     ; 132.38 MHz ( period = 7.554 ns )                    ; cnt[13] ; state.state5 ; clk        ; clk      ; None                        ; None                      ; 6.845 ns                ;
; N/A                                     ; 132.38 MHz ( period = 7.554 ns )                    ; cnt[13] ; state.state3 ; clk        ; clk      ; None                        ; None                      ; 6.845 ns                ;
; N/A                                     ; 132.38 MHz ( period = 7.554 ns )                    ; cnt[13] ; state.state7 ; clk        ; clk      ; None                        ; None                      ; 6.845 ns                ;
; N/A                                     ; 132.40 MHz ( period = 7.553 ns )                    ; cnt[13] ; state.state2 ; clk        ; clk      ; None                        ; None                      ; 6.844 ns                ;
; N/A                                     ; 132.70 MHz ( period = 7.536 ns )                    ; cnt[4]  ; state.state0 ; clk        ; clk      ; None                        ; None                      ; 6.827 ns                ;
; N/A                                     ; 132.70 MHz ( period = 7.536 ns )                    ; cnt[4]  ; state.state4 ; clk        ; clk      ; None                        ; None                      ; 6.827 ns                ;
; N/A                                     ; 132.70 MHz ( period = 7.536 ns )                    ; cnt[4]  ; state.state6 ; clk        ; clk      ; None                        ; None                      ; 6.827 ns                ;
; N/A                                     ; 132.70 MHz ( period = 7.536 ns )                    ; cnt[4]  ; state.state5 ; clk        ; clk      ; None                        ; None                      ; 6.827 ns                ;
; N/A                                     ; 132.70 MHz ( period = 7.536 ns )                    ; cnt[4]  ; state.state3 ; clk        ; clk      ; None                        ; None                      ; 6.827 ns                ;
; N/A                                     ; 132.70 MHz ( period = 7.536 ns )                    ; cnt[4]  ; state.state7 ; clk        ; clk      ; None                        ; None                      ; 6.827 ns                ;
; N/A                                     ; 132.71 MHz ( period = 7.535 ns )                    ; cnt[4]  ; state.state2 ; clk        ; clk      ; None                        ; None                      ; 6.826 ns                ;
; N/A                                     ; 132.84 MHz ( period = 7.528 ns )                    ; cnt[10] ; state.state0 ; clk        ; clk      ; None                        ; None                      ; 6.819 ns                ;
; N/A                                     ; 132.84 MHz ( period = 7.528 ns )                    ; cnt[10] ; state.state4 ; clk        ; clk      ; None                        ; None                      ; 6.819 ns                ;
; N/A                                     ; 132.84 MHz ( period = 7.528 ns )                    ; cnt[10] ; state.state6 ; clk        ; clk      ; None                        ; None                      ; 6.819 ns                ;
; N/A                                     ; 132.84 MHz ( period = 7.528 ns )                    ; cnt[10] ; state.state5 ; clk        ; clk      ; None                        ; None                      ; 6.819 ns                ;
; N/A                                     ; 132.84 MHz ( period = 7.528 ns )                    ; cnt[10] ; state.state3 ; clk        ; clk      ; None                        ; None                      ; 6.819 ns                ;
; N/A                                     ; 132.84 MHz ( period = 7.528 ns )                    ; cnt[10] ; state.state7 ; clk        ; clk      ; None                        ; None                      ; 6.819 ns                ;
; N/A                                     ; 132.86 MHz ( period = 7.527 ns )                    ; cnt[10] ; state.state2 ; clk        ; clk      ; None                        ; None                      ; 6.818 ns                ;
; N/A                                     ; 135.63 MHz ( period = 7.373 ns )                    ; cnt[22] ; state.state0 ; clk        ; clk      ; None                        ; None                      ; 6.664 ns                ;
; N/A                                     ; 135.63 MHz ( period = 7.373 ns )                    ; cnt[22] ; state.state4 ; clk        ; clk      ; None                        ; None                      ; 6.664 ns                ;
; N/A                                     ; 135.63 MHz ( period = 7.373 ns )                    ; cnt[22] ; state.state6 ; clk        ; clk      ; None                        ; None                      ; 6.664 ns                ;
; N/A                                     ; 135.63 MHz ( period = 7.373 ns )                    ; cnt[22] ; state.state5 ; clk        ; clk      ; None                        ; None                      ; 6.664 ns                ;
; N/A                                     ; 135.63 MHz ( period = 7.373 ns )                    ; cnt[22] ; state.state3 ; clk        ; clk      ; None                        ; None                      ; 6.664 ns                ;
; N/A                                     ; 135.63 MHz ( period = 7.373 ns )                    ; cnt[22] ; state.state7 ; clk        ; clk      ; None                        ; None                      ; 6.664 ns                ;
; N/A                                     ; 135.65 MHz ( period = 7.372 ns )                    ; cnt[22] ; state.state2 ; clk        ; clk      ; None                        ; None                      ; 6.663 ns                ;
; N/A                                     ; 135.70 MHz ( period = 7.369 ns )                    ; cnt[20] ; state.state1 ; clk        ; clk      ; None                        ; None                      ; 6.660 ns                ;
; N/A                                     ; 136.00 MHz ( period = 7.353 ns )                    ; cnt[11] ; state.state0 ; clk        ; clk      ; None                        ; None                      ; 6.644 ns                ;
; N/A                                     ; 136.00 MHz ( period = 7.353 ns )                    ; cnt[11] ; state.state4 ; clk        ; clk      ; None                        ; None                      ; 6.644 ns                ;
; N/A                                     ; 136.00 MHz ( period = 7.353 ns )                    ; cnt[11] ; state.state6 ; clk        ; clk      ; None                        ; None                      ; 6.644 ns                ;
; N/A                                     ; 136.00 MHz ( period = 7.353 ns )                    ; cnt[11] ; state.state5 ; clk        ; clk      ; None                        ; None                      ; 6.644 ns                ;
; N/A                                     ; 136.00 MHz ( period = 7.353 ns )                    ; cnt[11] ; state.state3 ; clk        ; clk      ; None                        ; None                      ; 6.644 ns                ;
; N/A                                     ; 136.00 MHz ( period = 7.353 ns )                    ; cnt[11] ; state.state7 ; clk        ; clk      ; None                        ; None                      ; 6.644 ns                ;
; N/A                                     ; 136.02 MHz ( period = 7.352 ns )                    ; cnt[11] ; state.state2 ; clk        ; clk      ; None                        ; None                      ; 6.643 ns                ;
; N/A                                     ; 138.68 MHz ( period = 7.211 ns )                    ; cnt[15] ; state.state0 ; clk        ; clk      ; None                        ; None                      ; 6.502 ns                ;
; N/A                                     ; 138.68 MHz ( period = 7.211 ns )                    ; cnt[15] ; state.state4 ; clk        ; clk      ; None                        ; None                      ; 6.502 ns                ;
; N/A                                     ; 138.68 MHz ( period = 7.211 ns )                    ; cnt[15] ; state.state6 ; clk        ; clk      ; None                        ; None                      ; 6.502 ns                ;
; N/A                                     ; 138.68 MHz ( period = 7.211 ns )                    ; cnt[15] ; state.state5 ; clk        ; clk      ; None                        ; None                      ; 6.502 ns                ;
; N/A                                     ; 138.68 MHz ( period = 7.211 ns )                    ; cnt[15] ; state.state3 ; clk        ; clk      ; None                        ; None                      ; 6.502 ns                ;
; N/A                                     ; 138.68 MHz ( period = 7.211 ns )                    ; cnt[15] ; state.state7 ; clk        ; clk      ; None                        ; None                      ; 6.502 ns                ;
; N/A                                     ; 138.70 MHz ( period = 7.210 ns )                    ; cnt[15] ; state.state2 ; clk        ; clk      ; None                        ; None                      ; 6.501 ns                ;
; N/A                                     ; 139.33 MHz ( period = 7.177 ns )                    ; cnt[9]  ; state.state0 ; clk        ; clk      ; None                        ; None                      ; 6.468 ns                ;
; N/A                                     ; 139.33 MHz ( period = 7.177 ns )                    ; cnt[9]  ; state.state4 ; clk        ; clk      ; None                        ; None                      ; 6.468 ns                ;
; N/A                                     ; 139.33 MHz ( period = 7.177 ns )                    ; cnt[9]  ; state.state6 ; clk        ; clk      ; None                        ; None                      ; 6.468 ns                ;
; N/A                                     ; 139.33 MHz ( period = 7.177 ns )                    ; cnt[9]  ; state.state5 ; clk        ; clk      ; None                        ; None                      ; 6.468 ns                ;
; N/A                                     ; 139.33 MHz ( period = 7.177 ns )                    ; cnt[9]  ; state.state3 ; clk        ; clk      ; None                        ; None                      ; 6.468 ns                ;
; N/A                                     ; 139.33 MHz ( period = 7.177 ns )                    ; cnt[9]  ; state.state7 ; clk        ; clk      ; None                        ; None                      ; 6.468 ns                ;
; N/A                                     ; 139.35 MHz ( period = 7.176 ns )                    ; cnt[9]  ; state.state2 ; clk        ; clk      ; None                        ; None                      ; 6.467 ns                ;
; N/A                                     ; 139.49 MHz ( period = 7.169 ns )                    ; cnt[16] ; state.state0 ; clk        ; clk      ; None                        ; None                      ; 6.460 ns                ;
; N/A                                     ; 139.49 MHz ( period = 7.169 ns )                    ; cnt[16] ; state.state4 ; clk        ; clk      ; None                        ; None                      ; 6.460 ns                ;
; N/A                                     ; 139.49 MHz ( period = 7.169 ns )                    ; cnt[16] ; state.state6 ; clk        ; clk      ; None                        ; None                      ; 6.460 ns                ;
; N/A                                     ; 139.49 MHz ( period = 7.169 ns )                    ; cnt[16] ; state.state5 ; clk        ; clk      ; None                        ; None                      ; 6.460 ns                ;
; N/A                                     ; 139.49 MHz ( period = 7.169 ns )                    ; cnt[16] ; state.state3 ; clk        ; clk      ; None                        ; None                      ; 6.460 ns                ;
; N/A                                     ; 139.49 MHz ( period = 7.169 ns )                    ; cnt[16] ; state.state7 ; clk        ; clk      ; None                        ; None                      ; 6.460 ns                ;
; N/A                                     ; 139.51 MHz ( period = 7.168 ns )                    ; cnt[16] ; state.state2 ; clk        ; clk      ; None                        ; None                      ; 6.459 ns                ;
; N/A                                     ; 140.00 MHz ( period = 7.143 ns )                    ; cnt[18] ; state.state1 ; clk        ; clk      ; None                        ; None                      ; 6.434 ns                ;
; N/A                                     ; 140.33 MHz ( period = 7.126 ns )                    ; cnt[0]  ; state.state0 ; clk        ; clk      ; None                        ; None                      ; 6.417 ns                ;
; N/A                                     ; 140.33 MHz ( period = 7.126 ns )                    ; cnt[0]  ; state.state4 ; clk        ; clk      ; None                        ; None                      ; 6.417 ns                ;
; N/A                                     ; 140.33 MHz ( period = 7.126 ns )                    ; cnt[0]  ; state.state6 ; clk        ; clk      ; None                        ; None                      ; 6.417 ns                ;
; N/A                                     ; 140.33 MHz ( period = 7.126 ns )                    ; cnt[0]  ; state.state5 ; clk        ; clk      ; None                        ; None                      ; 6.417 ns                ;
; N/A                                     ; 140.33 MHz ( period = 7.126 ns )                    ; cnt[0]  ; state.state3 ; clk        ; clk      ; None                        ; None                      ; 6.417 ns                ;
; N/A                                     ; 140.33 MHz ( period = 7.126 ns )                    ; cnt[0]  ; state.state7 ; clk        ; clk      ; None                        ; None                      ; 6.417 ns                ;
; N/A                                     ; 140.35 MHz ( period = 7.125 ns )                    ; cnt[0]  ; state.state2 ; clk        ; clk      ; None                        ; None                      ; 6.416 ns                ;
; N/A                                     ; 141.90 MHz ( period = 7.047 ns )                    ; cnt[23] ; state.state0 ; clk        ; clk      ; None                        ; None                      ; 6.338 ns                ;
; N/A                                     ; 141.90 MHz ( period = 7.047 ns )                    ; cnt[23] ; state.state4 ; clk        ; clk      ; None                        ; None                      ; 6.338 ns                ;
; N/A                                     ; 141.90 MHz ( period = 7.047 ns )                    ; cnt[23] ; state.state6 ; clk        ; clk      ; None                        ; None                      ; 6.338 ns                ;
; N/A                                     ; 141.90 MHz ( period = 7.047 ns )                    ; cnt[23] ; state.state5 ; clk        ; clk      ; None                        ; None                      ; 6.338 ns                ;
; N/A                                     ; 141.90 MHz ( period = 7.047 ns )                    ; cnt[23] ; state.state3 ; clk        ; clk      ; None                        ; None                      ; 6.338 ns                ;
; N/A                                     ; 141.90 MHz ( period = 7.047 ns )                    ; cnt[23] ; state.state7 ; clk        ; clk      ; None                        ; None                      ; 6.338 ns                ;
; N/A                                     ; 141.92 MHz ( period = 7.046 ns )                    ; cnt[23] ; state.state2 ; clk        ; clk      ; None                        ; None                      ; 6.337 ns                ;
; N/A                                     ; 143.14 MHz ( period = 6.986 ns )                    ; cnt[6]  ; state.state0 ; clk        ; clk      ; None                        ; None                      ; 6.277 ns                ;
; N/A                                     ; 143.14 MHz ( period = 6.986 ns )                    ; cnt[6]  ; state.state4 ; clk        ; clk      ; None                        ; None                      ; 6.277 ns                ;
; N/A                                     ; 143.14 MHz ( period = 6.986 ns )                    ; cnt[6]  ; state.state6 ; clk        ; clk      ; None                        ; None                      ; 6.277 ns                ;
; N/A                                     ; 143.14 MHz ( period = 6.986 ns )                    ; cnt[6]  ; state.state5 ; clk        ; clk      ; None                        ; None                      ; 6.277 ns                ;
; N/A                                     ; 143.14 MHz ( period = 6.986 ns )                    ; cnt[6]  ; state.state3 ; clk        ; clk      ; None                        ; None                      ; 6.277 ns                ;
; N/A                                     ; 143.14 MHz ( period = 6.986 ns )                    ; cnt[6]  ; state.state7 ; clk        ; clk      ; None                        ; None                      ; 6.277 ns                ;
; N/A                                     ; 143.16 MHz ( period = 6.985 ns )                    ; cnt[6]  ; state.state2 ; clk        ; clk      ; None                        ; None                      ; 6.276 ns                ;
; N/A                                     ; 143.47 MHz ( period = 6.970 ns )                    ; cnt[17] ; state.state0 ; clk        ; clk      ; None                        ; None                      ; 6.261 ns                ;
; N/A                                     ; 143.47 MHz ( period = 6.970 ns )                    ; cnt[17] ; state.state4 ; clk        ; clk      ; None                        ; None                      ; 6.261 ns                ;
; N/A                                     ; 143.47 MHz ( period = 6.970 ns )                    ; cnt[17] ; state.state6 ; clk        ; clk      ; None                        ; None                      ; 6.261 ns                ;
; N/A                                     ; 143.47 MHz ( period = 6.970 ns )                    ; cnt[17] ; state.state5 ; clk        ; clk      ; None                        ; None                      ; 6.261 ns                ;
; N/A                                     ; 143.47 MHz ( period = 6.970 ns )                    ; cnt[17] ; state.state3 ; clk        ; clk      ; None                        ; None                      ; 6.261 ns                ;
; N/A                                     ; 143.47 MHz ( period = 6.970 ns )                    ; cnt[17] ; state.state7 ; clk        ; clk      ; None                        ; None                      ; 6.261 ns                ;
; N/A                                     ; 143.49 MHz ( period = 6.969 ns )                    ; cnt[17] ; state.state2 ; clk        ; clk      ; None                        ; None                      ; 6.260 ns                ;
; N/A                                     ; 146.01 MHz ( period = 6.849 ns )                    ; cnt[8]  ; state.state0 ; clk        ; clk      ; None                        ; None                      ; 6.140 ns                ;
; N/A                                     ; 146.01 MHz ( period = 6.849 ns )                    ; cnt[8]  ; state.state4 ; clk        ; clk      ; None                        ; None                      ; 6.140 ns                ;
; N/A                                     ; 146.01 MHz ( period = 6.849 ns )                    ; cnt[8]  ; state.state6 ; clk        ; clk      ; None                        ; None                      ; 6.140 ns                ;
; N/A                                     ; 146.01 MHz ( period = 6.849 ns )                    ; cnt[8]  ; state.state5 ; clk        ; clk      ; None                        ; None                      ; 6.140 ns                ;
; N/A                                     ; 146.01 MHz ( period = 6.849 ns )                    ; cnt[8]  ; state.state3 ; clk        ; clk      ; None                        ; None                      ; 6.140 ns                ;
; N/A                                     ; 146.01 MHz ( period = 6.849 ns )                    ; cnt[8]  ; state.state7 ; clk        ; clk      ; None                        ; None                      ; 6.140 ns                ;
; N/A                                     ; 146.03 MHz ( period = 6.848 ns )                    ; cnt[8]  ; state.state2 ; clk        ; clk      ; None                        ; None                      ; 6.139 ns                ;
; N/A                                     ; 150.20 MHz ( period = 6.658 ns )                    ; cnt[20] ; state.state0 ; clk        ; clk      ; None                        ; None                      ; 5.949 ns                ;
; N/A                                     ; 150.20 MHz ( period = 6.658 ns )                    ; cnt[20] ; state.state4 ; clk        ; clk      ; None                        ; None                      ; 5.949 ns                ;
; N/A                                     ; 150.20 MHz ( period = 6.658 ns )                    ; cnt[20] ; state.state6 ; clk        ; clk      ; None                        ; None                      ; 5.949 ns                ;
; N/A                                     ; 150.20 MHz ( period = 6.658 ns )                    ; cnt[20] ; state.state5 ; clk        ; clk      ; None                        ; None                      ; 5.949 ns                ;
; N/A                                     ; 150.20 MHz ( period = 6.658 ns )                    ; cnt[20] ; state.state3 ; clk        ; clk      ; None                        ; None                      ; 5.949 ns                ;
; N/A                                     ; 150.20 MHz ( period = 6.658 ns )                    ; cnt[20] ; state.state7 ; clk        ; clk      ; None                        ; None                      ; 5.949 ns                ;
; N/A                                     ; 150.22 MHz ( period = 6.657 ns )                    ; cnt[20] ; state.state2 ; clk        ; clk      ; None                        ; None                      ; 5.948 ns                ;
; N/A                                     ; 155.47 MHz ( period = 6.432 ns )                    ; cnt[18] ; state.state0 ; clk        ; clk      ; None                        ; None                      ; 5.723 ns                ;
; N/A                                     ; 155.47 MHz ( period = 6.432 ns )                    ; cnt[18] ; state.state4 ; clk        ; clk      ; None                        ; None                      ; 5.723 ns                ;
; N/A                                     ; 155.47 MHz ( period = 6.432 ns )                    ; cnt[18] ; state.state6 ; clk        ; clk      ; None                        ; None                      ; 5.723 ns                ;
; N/A                                     ; 155.47 MHz ( period = 6.432 ns )                    ; cnt[18] ; state.state5 ; clk        ; clk      ; None                        ; None                      ; 5.723 ns                ;
; N/A                                     ; 155.47 MHz ( period = 6.432 ns )                    ; cnt[18] ; state.state3 ; clk        ; clk      ; None                        ; None                      ; 5.723 ns                ;
; N/A                                     ; 155.47 MHz ( period = 6.432 ns )                    ; cnt[18] ; state.state7 ; clk        ; clk      ; None                        ; None                      ; 5.723 ns                ;
; N/A                                     ; 155.50 MHz ( period = 6.431 ns )                    ; cnt[18] ; state.state2 ; clk        ; clk      ; None                        ; None                      ; 5.722 ns                ;
; N/A                                     ; 178.95 MHz ( period = 5.588 ns )                    ; cnt[0]  ; cnt[17]      ; clk        ; clk      ; None                        ; None                      ; 4.879 ns                ;
; N/A                                     ; 178.95 MHz ( period = 5.588 ns )                    ; cnt[0]  ; cnt[18]      ; clk        ; clk      ; None                        ; None                      ; 4.879 ns                ;
; N/A                                     ; 178.95 MHz ( period = 5.588 ns )                    ; cnt[0]  ; cnt[19]      ; clk        ; clk      ; None                        ; None                      ; 4.879 ns                ;
; N/A                                     ; 178.95 MHz ( period = 5.588 ns )                    ; cnt[0]  ; cnt[20]      ; clk        ; clk      ; None                        ; None                      ; 4.879 ns                ;
; N/A                                     ; 178.95 MHz ( period = 5.588 ns )                    ; cnt[0]  ; cnt[21]      ; clk        ; clk      ; None                        ; None                      ; 4.879 ns                ;
; N/A                                     ; 179.37 MHz ( period = 5.575 ns )                    ; cnt[0]  ; cnt[22]      ; clk        ; clk      ; None                        ; None                      ; 4.866 ns                ;
; N/A                                     ; 179.37 MHz ( period = 5.575 ns )                    ; cnt[0]  ; cnt[23]      ; clk        ; clk      ; None                        ; None                      ; 4.866 ns                ;
; N/A                                     ; 179.60 MHz ( period = 5.568 ns )                    ; cnt[2]  ; cnt[20]      ; clk        ; clk      ; None                        ; None                      ; 4.859 ns                ;
; Timing analysis restricted to 200 rows. ; To change the limit use Settings (Assignments menu) ;         ;              ;            ;          ;                             ;                           ;                         ;
+-----------------------------------------+-----------------------------------------------------+---------+--------------+------------+----------+-----------------------------+---------------------------+-------------------------+


+----------------------------------------------------------------------+
; tco                                                                  ;
+-------+--------------+------------+--------------+------+------------+
; Slack ; Required tco ; Actual tco ; From         ; To   ; From Clock ;
+-------+--------------+------------+--------------+------+------------+
; N/A   ; None         ; 11.438 ns  ; state.state1 ; c[6] ; clk        ;
; N/A   ; None         ; 11.028 ns  ; state.state4 ; c[3] ; clk        ;
; N/A   ; None         ; 10.979 ns  ; state.state2 ; c[4] ; clk        ;
; N/A   ; None         ; 10.946 ns  ; state.state5 ; c[5] ; clk        ;
; N/A   ; None         ; 10.922 ns  ; state.state0 ; c[6] ; clk        ;
; N/A   ; None         ; 10.845 ns  ; state.state0 ; c[5] ; clk        ;
; N/A   ; None         ; 10.750 ns  ; state.state7 ; c[3] ; clk        ;
; N/A   ; None         ; 10.297 ns  ; state.state6 ; c[5] ; clk        ;
; N/A   ; None         ; 10.067 ns  ; state.state1 ; c[3] ; clk        ;
; N/A   ; None         ; 9.957 ns   ; state.state4 ; c[0] ; clk        ;
; N/A   ; None         ; 9.867 ns   ; state.state0 ; c[4] ; clk        ;
; N/A   ; None         ; 9.820 ns   ; state.state7 ; c[6] ; clk        ;
; N/A   ; None         ; 9.774 ns   ; state.state6 ; c[1] ; clk        ;
; N/A   ; None         ; 9.742 ns   ; state.state4 ; c[5] ; clk        ;
; N/A   ; None         ; 9.458 ns   ; state.state1 ; c[0] ; clk        ;
; N/A   ; None         ; 9.318 ns   ; state.state6 ; c[4] ; clk        ;
; N/A   ; None         ; 9.222 ns   ; state.state5 ; c[1] ; clk        ;
; N/A   ; None         ; 8.752 ns   ; state.state2 ; c[2] ; clk        ;
+-------+--------------+------------+--------------+------+------------+


+--------------------------+
; Timing Analyzer Messages ;
+--------------------------+
Info: *******************************************************************
Info: Running Quartus II Classic Timing Analyzer
    Info: Version 9.0 Build 235 06/17/2009 Service Pack 2 SJ Web Edition
    Info: Processing started: Thu Jul 04 19:40:45 2013
Info: Command: quartus_tan --read_settings_files=off --write_settings_files=off state_machine -c state_machine
Info: Parallel compilation is enabled and will use 2 of the 2 processors detected
Info: Started post-fitting delay annotation
Info: Delay annotation completed successfully
Warning: Found pins functioning as undefined clocks and/or memory enables
    Info: Assuming node "clk" is an undefined clock
Info: Clock "clk" has Internal fmax of 115.83 MHz between source register "cnt[14]" and destination register "state.state1" (period= 8.633 ns)
    Info: + Longest register to register delay is 7.924 ns
        Info: 1: + IC(0.000 ns) + CELL(0.000 ns) = 0.000 ns; Loc. = LC_X4_Y1_N7; Fanout = 4; REG Node = 'cnt[14]'
        Info: 2: + IC(1.302 ns) + CELL(0.914 ns) = 2.216 ns; Loc. = LC_X3_Y1_N3; Fanout = 1; COMB Node = 'Equal0~3'
        Info: 3: + IC(1.197 ns) + CELL(0.511 ns) = 3.924 ns; Loc. = LC_X2_Y1_N3; Fanout = 1; COMB Node = 'Equal0~4'
        Info: 4: + IC(0.720 ns) + CELL(0.200 ns) = 4.844 ns; Loc. = LC_X2_Y1_N0; Fanout = 8; COMB Node = 'Equal0~7'
        Info: 5: + IC(1.837 ns) + CELL(1.243 ns) = 7.924 ns; Loc. = LC_X3_Y2_N7; Fanout = 4; REG Node = 'state.state1'
        Info: Total cell delay = 2.868 ns ( 36.19 % )
        Info: Total interconnect delay = 5.056 ns ( 63.81 % )
    Info: - Smallest clock skew is 0.000 ns
        Info: + Shortest clock path from clock "clk" to destination register is 3.348 ns
            Info: 1: + IC(0.000 ns) + CELL(1.163 ns) = 1.163 ns; Loc. = PIN_12; Fanout = 32; CLK Node = 'clk'
            Info: 2: + IC(1.267 ns) + CELL(0.918 ns) = 3.348 ns; Loc. = LC_X3_Y2_N7; Fanout = 4; REG Node = 'state.state1'
            Info: Total cell delay = 2.081 ns ( 62.16 % )
            Info: Total interconnect delay = 1.267 ns ( 37.84 % )
        Info: - Longest clock path from clock "clk" to source register is 3.348 ns
            Info: 1: + IC(0.000 ns) + CELL(1.163 ns) = 1.163 ns; Loc. = PIN_12; Fanout = 32; CLK Node = 'clk'
            Info: 2: + IC(1.267 ns) + CELL(0.918 ns) = 3.348 ns; Loc. = LC_X4_Y1_N7; Fanout = 4; REG Node = 'cnt[14]'
            Info: Total cell delay = 2.081 ns ( 62.16 % )
            Info: Total interconnect delay = 1.267 ns ( 37.84 % )
    Info: + Micro clock to output delay of source is 0.376 ns
    Info: + Micro setup delay of destination is 0.333 ns
Info: tco from clock "clk" to destination pin "c[6]" through register "state.state1" is 11.438 ns
    Info: + Longest clock path from clock "clk" to source register is 3.348 ns
        Info: 1: + IC(0.000 ns) + CELL(1.163 ns) = 1.163 ns; Loc. = PIN_12; Fanout = 32; CLK Node = 'clk'
        Info: 2: + IC(1.267 ns) + CELL(0.918 ns) = 3.348 ns; Loc. = LC_X3_Y2_N7; Fanout = 4; REG Node = 'state.state1'
        Info: Total cell delay = 2.081 ns ( 62.16 % )
        Info: Total interconnect delay = 1.267 ns ( 37.84 % )
    Info: + Micro clock to output delay of source is 0.376 ns
    Info: + Longest register to pin delay is 7.714 ns
        Info: 1: + IC(0.000 ns) + CELL(0.000 ns) = 0.000 ns; Loc. = LC_X3_Y2_N7; Fanout = 4; REG Node = 'state.state1'
        Info: 2: + IC(2.013 ns) + CELL(0.200 ns) = 2.213 ns; Loc. = LC_X2_Y1_N7; Fanout = 1; COMB Node = 'WideOr0~0'
        Info: 3: + IC(3.179 ns) + CELL(2.322 ns) = 7.714 ns; Loc. = PIN_77; Fanout = 0; PIN Node = 'c[6]'
        Info: Total cell delay = 2.522 ns ( 32.69 % )
        Info: Total interconnect delay = 5.192 ns ( 67.31 % )
Info: Quartus II Classic Timing Analyzer was successful. 0 errors, 1 warning
    Info: Peak virtual memory: 133 megabytes
    Info: Processing ended: Thu Jul 04 19:40:46 2013
    Info: Elapsed time: 00:00:01
    Info: Total CPU time (on all processors): 00:00:01


