Analysis & Synthesis report for AudioBoard
Fri Sep 07 08:52:49 2018
Quartus II 64-Bit Version 13.1.0 Build 162 10/23/2013 SJ Web Edition


---------------------
; Table of Contents ;
---------------------
  1. Legal Notice
  2. Analysis & Synthesis Summary
  3. Analysis & Synthesis Settings
  4. Parallel Compilation
  5. Analysis & Synthesis Source Files Read
  6. Analysis & Synthesis Resource Usage Summary
  7. Analysis & Synthesis Resource Utilization by Entity
  8. State Machine - |AudioBoard|uart2reg:registers|State
  9. Registers Removed During Synthesis
 10. General Register Statistics
 11. Inverted Register Statistics
 12. Multiplexer Restructuring Statistics (Restructuring Performed)
 13. Parameter Settings for User Entity Instance: uart2reg:registers
 14. Port Connectivity Checks: "uart:serial_simple"
 15. Port Connectivity Checks: "uart2reg:registers"
 16. Elapsed Time Per Partition
 17. Analysis & Synthesis Messages



----------------
; Legal Notice ;
----------------
Copyright (C) 1991-2013 Altera Corporation
Your use of Altera Corporation's design tools, logic functions 
and other software and tools, and its AMPP partner logic 
functions, and any output files from any of the foregoing 
(including device programming or simulation files), and any 
associated documentation or information are expressly subject 
to the terms and conditions of the Altera Program License 
Subscription Agreement, Altera MegaCore Function License 
Agreement, or other applicable license agreement, including, 
without limitation, that your use is for the sole purpose of 
programming logic devices manufactured by Altera and sold by 
Altera or its authorized distributors.  Please refer to the 
applicable agreement for further details.



+---------------------------------------------------------------------------------+
; Analysis & Synthesis Summary                                                    ;
+------------------------------------+--------------------------------------------+
; Analysis & Synthesis Status        ; Successful - Fri Sep 07 08:52:49 2018      ;
; Quartus II 64-Bit Version          ; 13.1.0 Build 162 10/23/2013 SJ Web Edition ;
; Revision Name                      ; AudioBoard                                 ;
; Top-level Entity Name              ; AudioBoard                                 ;
; Family                             ; Cyclone IV E                               ;
; Total logic elements               ; 202                                        ;
;     Total combinational functions  ; 141                                        ;
;     Dedicated logic registers      ; 123                                        ;
; Total registers                    ; 123                                        ;
; Total pins                         ; 14                                         ;
; Total virtual pins                 ; 0                                          ;
; Total memory bits                  ; 0                                          ;
; Embedded Multiplier 9-bit elements ; 0                                          ;
; Total PLLs                         ; 0                                          ;
+------------------------------------+--------------------------------------------+


+----------------------------------------------------------------------------------------------------------------------+
; Analysis & Synthesis Settings                                                                                        ;
+----------------------------------------------------------------------------+--------------------+--------------------+
; Option                                                                     ; Setting            ; Default Value      ;
+----------------------------------------------------------------------------+--------------------+--------------------+
; Device                                                                     ; EP4CE10E22C8       ;                    ;
; Top-level entity name                                                      ; AudioBoard         ; AudioBoard         ;
; Family name                                                                ; Cyclone IV E       ; Cyclone IV GX      ;
; Use smart compilation                                                      ; Off                ; Off                ;
; Enable parallel Assembler and TimeQuest Timing Analyzer during compilation ; On                 ; On                 ;
; Enable compact report table                                                ; Off                ; Off                ;
; Restructure Multiplexers                                                   ; Auto               ; Auto               ;
; Create Debugging Nodes for IP Cores                                        ; Off                ; Off                ;
; Preserve fewer node names                                                  ; On                 ; On                 ;
; Disable OpenCore Plus hardware evaluation                                  ; Off                ; Off                ;
; Verilog Version                                                            ; Verilog_2001       ; Verilog_2001       ;
; VHDL Version                                                               ; VHDL_1993          ; VHDL_1993          ;
; State Machine Processing                                                   ; Auto               ; Auto               ;
; Safe State Machine                                                         ; Off                ; Off                ;
; Extract Verilog State Machines                                             ; On                 ; On                 ;
; Extract VHDL State Machines                                                ; On                 ; On                 ;
; Ignore Verilog initial constructs                                          ; Off                ; Off                ;
; Iteration limit for constant Verilog loops                                 ; 5000               ; 5000               ;
; Iteration limit for non-constant Verilog loops                             ; 250                ; 250                ;
; Add Pass-Through Logic to Inferred RAMs                                    ; On                 ; On                 ;
; Infer RAMs from Raw Logic                                                  ; On                 ; On                 ;
; Parallel Synthesis                                                         ; On                 ; On                 ;
; DSP Block Balancing                                                        ; Auto               ; Auto               ;
; NOT Gate Push-Back                                                         ; On                 ; On                 ;
; Power-Up Don't Care                                                        ; On                 ; On                 ;
; Remove Redundant Logic Cells                                               ; Off                ; Off                ;
; Remove Duplicate Registers                                                 ; On                 ; On                 ;
; Ignore CARRY Buffers                                                       ; Off                ; Off                ;
; Ignore CASCADE Buffers                                                     ; Off                ; Off                ;
; Ignore GLOBAL Buffers                                                      ; Off                ; Off                ;
; Ignore ROW GLOBAL Buffers                                                  ; Off                ; Off                ;
; Ignore LCELL Buffers                                                       ; Off                ; Off                ;
; Ignore SOFT Buffers                                                        ; On                 ; On                 ;
; Limit AHDL Integers to 32 Bits                                             ; Off                ; Off                ;
; Optimization Technique                                                     ; Balanced           ; Balanced           ;
; Carry Chain Length                                                         ; 70                 ; 70                 ;
; Auto Carry Chains                                                          ; On                 ; On                 ;
; Auto Open-Drain Pins                                                       ; On                 ; On                 ;
; Perform WYSIWYG Primitive Resynthesis                                      ; Off                ; Off                ;
; Auto ROM Replacement                                                       ; On                 ; On                 ;
; Auto RAM Replacement                                                       ; On                 ; On                 ;
; Auto DSP Block Replacement                                                 ; On                 ; On                 ;
; Auto Shift Register Replacement                                            ; Auto               ; Auto               ;
; Allow Shift Register Merging across Hierarchies                            ; Auto               ; Auto               ;
; Auto Clock Enable Replacement                                              ; On                 ; On                 ;
; Strict RAM Replacement                                                     ; Off                ; Off                ;
; Allow Synchronous Control Signals                                          ; On                 ; On                 ;
; Force Use of Synchronous Clear Signals                                     ; Off                ; Off                ;
; Auto RAM Block Balancing                                                   ; On                 ; On                 ;
; Auto RAM to Logic Cell Conversion                                          ; Off                ; Off                ;
; Auto Resource Sharing                                                      ; Off                ; Off                ;
; Allow Any RAM Size For Recognition                                         ; Off                ; Off                ;
; Allow Any ROM Size For Recognition                                         ; Off                ; Off                ;
; Allow Any Shift Register Size For Recognition                              ; Off                ; Off                ;
; Use LogicLock Constraints during Resource Balancing                        ; On                 ; On                 ;
; Ignore translate_off and synthesis_off directives                          ; Off                ; Off                ;
; Timing-Driven Synthesis                                                    ; On                 ; On                 ;
; Report Parameter Settings                                                  ; On                 ; On                 ;
; Report Source Assignments                                                  ; On                 ; On                 ;
; Report Connectivity Checks                                                 ; On                 ; On                 ;
; Ignore Maximum Fan-Out Assignments                                         ; Off                ; Off                ;
; Synchronization Register Chain Length                                      ; 2                  ; 2                  ;
; PowerPlay Power Optimization                                               ; Normal compilation ; Normal compilation ;
; HDL message level                                                          ; Level2             ; Level2             ;
; Suppress Register Optimization Related Messages                            ; Off                ; Off                ;
; Number of Removed Registers Reported in Synthesis Report                   ; 5000               ; 5000               ;
; Number of Swept Nodes Reported in Synthesis Report                         ; 5000               ; 5000               ;
; Number of Inverted Registers Reported in Synthesis Report                  ; 100                ; 100                ;
; Clock MUX Protection                                                       ; On                 ; On                 ;
; Auto Gated Clock Conversion                                                ; Off                ; Off                ;
; Block Design Naming                                                        ; Auto               ; Auto               ;
; SDC constraint protection                                                  ; Off                ; Off                ;
; Synthesis Effort                                                           ; Auto               ; Auto               ;
; Shift Register Replacement - Allow Asynchronous Clear Signal               ; On                 ; On                 ;
; Pre-Mapping Resynthesis Optimization                                       ; Off                ; Off                ;
; Analysis & Synthesis Message Level                                         ; Medium             ; Medium             ;
; Disable Register Merging Across Hierarchies                                ; Auto               ; Auto               ;
; Resource Aware Inference For Block RAM                                     ; On                 ; On                 ;
; Synthesis Seed                                                             ; 1                  ; 1                  ;
+----------------------------------------------------------------------------+--------------------+--------------------+


+------------------------------------------+
; Parallel Compilation                     ;
+----------------------------+-------------+
; Processors                 ; Number      ;
+----------------------------+-------------+
; Number detected on machine ; 8           ;
; Maximum allowed            ; 8           ;
;                            ;             ;
; Average used               ; 1.00        ;
; Maximum used               ; 1           ;
;                            ;             ;
; Usage by Processor         ; % Time Used ;
;     Processor 1            ; 100.0%      ;
;     Processors 2-8         ;   0.0%      ;
+----------------------------+-------------+


+------------------------------------------------------------------------------------------------------------------------------------------------------------+
; Analysis & Synthesis Source Files Read                                                                                                                     ;
+------------------------------------------+-----------------+-----------------+-------------------------------------------------------------------+---------+
; File Name with User-Entered Path         ; Used in Netlist ; File Type       ; File Name with Absolute Path                                      ; Library ;
+------------------------------------------+-----------------+-----------------+-------------------------------------------------------------------+---------+
; ../../uart2reg/uart2reg.vhd              ; yes             ; User VHDL File  ; D:/Projects/FPGA/bramvk38_fpga/uart2reg/uart2reg.vhd              ;         ;
; ../../uart2reg/pkgarray.vhd              ; yes             ; User VHDL File  ; D:/Projects/FPGA/bramvk38_fpga/uart2reg/pkgarray.vhd              ;         ;
; ../../simple_uart_github/simple_uart.vhd ; yes             ; User VHDL File  ; D:/Projects/FPGA/bramvk38_fpga/simple_uart_github/simple_uart.vhd ;         ;
; ../audioboard.vhd                        ; yes             ; User VHDL File  ; D:/Projects/FPGA/bramvk38_fpga/audioboard/audioboard.vhd          ;         ;
+------------------------------------------+-----------------+-----------------+-------------------------------------------------------------------+---------+


+------------------------------------------------------------+
; Analysis & Synthesis Resource Usage Summary                ;
+---------------------------------------------+--------------+
; Resource                                    ; Usage        ;
+---------------------------------------------+--------------+
; Estimated Total logic elements              ; 202          ;
;                                             ;              ;
; Total combinational functions               ; 141          ;
; Logic element usage by number of LUT inputs ;              ;
;     -- 4 input functions                    ; 66           ;
;     -- 3 input functions                    ; 24           ;
;     -- <=2 input functions                  ; 51           ;
;                                             ;              ;
; Logic elements by mode                      ;              ;
;     -- normal mode                          ; 111          ;
;     -- arithmetic mode                      ; 30           ;
;                                             ;              ;
; Total registers                             ; 123          ;
;     -- Dedicated logic registers            ; 123          ;
;     -- I/O registers                        ; 0            ;
;                                             ;              ;
; I/O pins                                    ; 14           ;
; Embedded Multiplier 9-bit elements          ; 0            ;
; Maximum fan-out node                        ; ClkSys~input ;
; Maximum fan-out                             ; 123          ;
; Total fan-out                               ; 809          ;
; Average fan-out                             ; 2.77         ;
+---------------------------------------------+--------------+


+----------------------------------------------------------------------------------------------------------------------------------------------------------------------------------------+
; Analysis & Synthesis Resource Utilization by Entity                                                                                                                                    ;
+----------------------------+-------------------+--------------+-------------+--------------+---------+-----------+------+--------------+--------------------------------+--------------+
; Compilation Hierarchy Node ; LC Combinationals ; LC Registers ; Memory Bits ; DSP Elements ; DSP 9x9 ; DSP 18x18 ; Pins ; Virtual Pins ; Full Hierarchy Name            ; Library Name ;
+----------------------------+-------------------+--------------+-------------+--------------+---------+-----------+------+--------------+--------------------------------+--------------+
; |AudioBoard                ; 141 (3)           ; 123 (0)      ; 0           ; 0            ; 0       ; 0         ; 14   ; 0            ; |AudioBoard                    ; work         ;
;    |uart2reg:registers|    ; 19 (19)           ; 38 (38)      ; 0           ; 0            ; 0       ; 0         ; 0    ; 0            ; |AudioBoard|uart2reg:registers ; work         ;
;    |uart:serial_simple|    ; 119 (119)         ; 85 (85)      ; 0           ; 0            ; 0       ; 0         ; 0    ; 0            ; |AudioBoard|uart:serial_simple ; work         ;
+----------------------------+-------------------+--------------+-------------+--------------+---------+-----------+------+--------------+--------------------------------+--------------+
Note: For table entries with two numbers listed, the numbers in parentheses indicate the number of resources of the given type used by the specific entity alone. The numbers listed outside of parentheses indicate the total resources of the given type used by the specific entity and all of its sub-entities in the hierarchy.


Encoding Type:  One-Hot
+-------------------------------------------------------------------------+
; State Machine - |AudioBoard|uart2reg:registers|State                    ;
+-------------------+------------------+-------------------+--------------+
; Name              ; State.S_READ_REG ; State.S_WRITE_REG ; State.S_IDLE ;
+-------------------+------------------+-------------------+--------------+
; State.S_IDLE      ; 0                ; 0                 ; 0            ;
; State.S_WRITE_REG ; 0                ; 1                 ; 1            ;
; State.S_READ_REG  ; 1                ; 0                 ; 1            ;
+-------------------+------------------+-------------------+--------------+


+------------------------------------------------------------------------------------------------+
; Registers Removed During Synthesis                                                             ;
+----------------------------------------------+-------------------------------------------------+
; Register name                                ; Reason for Removal                              ;
+----------------------------------------------+-------------------------------------------------+
; uart:serial_simple|tx_gen_state[4..7,9..30]  ; Merged with uart:serial_simple|tx_gen_state[8]  ;
; uart:serial_simple|rx_gen_state[4..9,11..30] ; Merged with uart:serial_simple|rx_gen_state[10] ;
; uart:serial_simple|tx_gen_state[8]           ; Stuck at GND due to stuck port data_in          ;
; uart:serial_simple|rx_gen_state[31]          ; Merged with uart:serial_simple|tx_gen_state[31] ;
; Total Number of Removed Registers = 54       ;                                                 ;
+----------------------------------------------+-------------------------------------------------+


+------------------------------------------------------+
; General Register Statistics                          ;
+----------------------------------------------+-------+
; Statistic                                    ; Value ;
+----------------------------------------------+-------+
; Total registers                              ; 123   ;
; Number of registers using Synchronous Clear  ; 19    ;
; Number of registers using Synchronous Load   ; 3     ;
; Number of registers using Asynchronous Clear ; 0     ;
; Number of registers using Asynchronous Load  ; 0     ;
; Number of registers using Clock Enable       ; 82    ;
; Number of registers using Preset             ; 0     ;
+----------------------------------------------+-------+


+--------------------------------------------------+
; Inverted Register Statistics                     ;
+----------------------------------------+---------+
; Inverted Register                      ; Fan out ;
+----------------------------------------+---------+
; uart:serial_simple|tx_gen_state[31]    ; 13      ;
; uart:serial_simple|tx_gen_state[0]     ; 10      ;
; uart:serial_simple|rx_gen_state[0]     ; 16      ;
; Total number of inverted registers = 3 ;         ;
+----------------------------------------+---------+


+-----------------------------------------------------------------------------------------------------------------------------------------------------------------+
; Multiplexer Restructuring Statistics (Restructuring Performed)                                                                                                  ;
+--------------------+-----------+---------------+----------------------+------------------------+------------+---------------------------------------------------+
; Multiplexer Inputs ; Bus Width ; Baseline Area ; Area if Restructured ; Saving if Restructured ; Registered ; Example Multiplexer Output                        ;
+--------------------+-----------+---------------+----------------------+------------------------+------------+---------------------------------------------------+
; 3:1                ; 6 bits    ; 12 LEs        ; 12 LEs               ; 0 LEs                  ; Yes        ; |AudioBoard|uart2reg:registers|UartTx_data[2]     ;
; 3:1                ; 2 bits    ; 4 LEs         ; 4 LEs                ; 0 LEs                  ; Yes        ; |AudioBoard|uart2reg:registers|UartTx_data[0]     ;
; 12:1               ; 16 bits   ; 128 LEs       ; 16 LEs               ; 112 LEs                ; Yes        ; |AudioBoard|uart:serial_simple|rx_symbol_count[0] ;
; 18:1               ; 2 bits    ; 24 LEs        ; 8 LEs                ; 16 LEs                 ; Yes        ; |AudioBoard|uart:serial_simple|rx_gen_state[2]    ;
; 6:1                ; 2 bits    ; 8 LEs         ; 4 LEs                ; 4 LEs                  ; No         ; |AudioBoard|uart2reg:registers|Selector2          ;
+--------------------+-----------+---------------+----------------------+------------------------+------------+---------------------------------------------------+


+-----------------------------------------------------------------+
; Parameter Settings for User Entity Instance: uart2reg:registers ;
+----------------+-------+----------------------------------------+
; Parameter Name ; Value ; Type                                   ;
+----------------+-------+----------------------------------------+
; n              ; 2     ; Signed Integer                         ;
+----------------+-------+----------------------------------------+
Note: In order to hide this table in the UI and the text report file, please set the "Show Parameter Settings in Synthesis Report" option in "Analysis and Synthesis Settings -> More Settings" to "Off".


+-----------------------------------------------------+
; Port Connectivity Checks: "uart:serial_simple"      ;
+-------------------+-------+----------+--------------+
; Port              ; Type  ; Severity ; Details      ;
+-------------------+-------+----------+--------------+
; i_srst            ; Input ; Info     ; Stuck at GND ;
; i_baud_div[8..7]  ; Input ; Info     ; Stuck at VCC ;
; i_baud_div[5..4]  ; Input ; Info     ; Stuck at VCC ;
; i_baud_div[15..9] ; Input ; Info     ; Stuck at GND ;
; i_baud_div[3..2]  ; Input ; Info     ; Stuck at GND ;
; i_baud_div[6]     ; Input ; Info     ; Stuck at GND ;
; i_baud_div[1]     ; Input ; Info     ; Stuck at VCC ;
; i_baud_div[0]     ; Input ; Info     ; Stuck at GND ;
+-------------------+-------+----------+--------------+


+-----------------------------------------------------------------------------------------------------------------------------+
; Port Connectivity Checks: "uart2reg:registers"                                                                              ;
+-------------------+--------+----------+-------------------------------------------------------------------------------------+
; Port              ; Type   ; Severity ; Details                                                                             ;
+-------------------+--------+----------+-------------------------------------------------------------------------------------+
; reg_read[1][7..2] ; Input  ; Info     ; Stuck at GND                                                                        ;
; reg_write[1]      ; Output ; Info     ; Connected to dangling logic. Logic that only feeds a dangling port will be removed. ;
+-------------------+--------+----------+-------------------------------------------------------------------------------------+


+-------------------------------+
; Elapsed Time Per Partition    ;
+----------------+--------------+
; Partition Name ; Elapsed Time ;
+----------------+--------------+
; Top            ; 00:00:01     ;
+----------------+--------------+


+-------------------------------+
; Analysis & Synthesis Messages ;
+-------------------------------+
Info: *******************************************************************
Info: Running Quartus II 64-Bit Analysis & Synthesis
    Info: Version 13.1.0 Build 162 10/23/2013 SJ Web Edition
    Info: Processing started: Fri Sep 07 08:52:44 2018
Info: Command: quartus_map --read_settings_files=on --write_settings_files=off AudioBoard -c AudioBoard
Info (20030): Parallel compilation is enabled and will use 8 of the 8 processors detected
Info (12021): Found 2 design units, including 1 entities, in source file /projects/fpga/bramvk38_fpga/uart2reg/uart2reg.vhd
    Info (12022): Found design unit 1: uart2reg-rtl
    Info (12023): Found entity 1: uart2reg
Info (12021): Found 1 design units, including 0 entities, in source file /projects/fpga/bramvk38_fpga/uart2reg/pkgarray.vhd
    Info (12022): Found design unit 1: pkgarray
Info (12021): Found 2 design units, including 1 entities, in source file /projects/fpga/bramvk38_fpga/simple_uart_github/simple_uart.vhd
    Info (12022): Found design unit 1: uart-Behavioral
    Info (12023): Found entity 1: uart
Info (12021): Found 2 design units, including 1 entities, in source file /projects/fpga/bramvk38_fpga/i2s_opencores/tx_i2s_wbd.vhd
    Info (12022): Found design unit 1: tx_i2s_wbd-rtl
    Info (12023): Found entity 1: tx_i2s_wbd
Info (12021): Found 2 design units, including 1 entities, in source file /projects/fpga/bramvk38_fpga/i2s_opencores/tx_i2s_tops.vhd
    Info (12022): Found design unit 1: tx_i2s_tops-rtl
    Info (12023): Found entity 1: tx_i2s_tops
Info (12021): Found 2 design units, including 1 entities, in source file /projects/fpga/bramvk38_fpga/i2s_opencores/tx_i2s_topm.vhd
    Info (12022): Found design unit 1: tx_i2s_topm-rtl
    Info (12023): Found entity 1: tx_i2s_topm
Info (12021): Found 1 design units, including 0 entities, in source file /projects/fpga/bramvk38_fpga/i2s_opencores/tx_i2s_pack.vhd
    Info (12022): Found design unit 1: tx_i2s_pack
Info (12021): Found 2 design units, including 1 entities, in source file /projects/fpga/bramvk38_fpga/i2s_opencores/rx_i2s_wbd.vhd
    Info (12022): Found design unit 1: rx_i2s_wbd-rtl
    Info (12023): Found entity 1: rx_i2s_wbd
Info (12021): Found 2 design units, including 1 entities, in source file /projects/fpga/bramvk38_fpga/i2s_opencores/rx_i2s_tops.vhd
    Info (12022): Found design unit 1: rx_i2s_tops-rtl
    Info (12023): Found entity 1: rx_i2s_tops
Info (12021): Found 2 design units, including 1 entities, in source file /projects/fpga/bramvk38_fpga/i2s_opencores/rx_i2s_topm.vhd
    Info (12022): Found design unit 1: rx_i2s_topm-rtl
    Info (12023): Found entity 1: rx_i2s_topm
Info (12021): Found 1 design units, including 0 entities, in source file /projects/fpga/bramvk38_fpga/i2s_opencores/rx_i2s_pack.vhd
    Info (12022): Found design unit 1: rx_i2s_pack
Info (12021): Found 2 design units, including 1 entities, in source file /projects/fpga/bramvk38_fpga/i2s_opencores/i2s_version.vhd
    Info (12022): Found design unit 1: i2s_version-rtl
    Info (12023): Found entity 1: i2s_version
Info (12021): Found 2 design units, including 1 entities, in source file /projects/fpga/bramvk38_fpga/i2s_opencores/i2s_codec.vhd
    Info (12022): Found design unit 1: i2s_codec-rtl
    Info (12023): Found entity 1: i2s_codec
Info (12021): Found 2 design units, including 1 entities, in source file /projects/fpga/bramvk38_fpga/i2c_opencores/i2c_master_top.vhd
    Info (12022): Found design unit 1: i2c_master_top-structural
    Info (12023): Found entity 1: i2c_master_top
Info (12021): Found 2 design units, including 1 entities, in source file /projects/fpga/bramvk38_fpga/i2c_opencores/i2c_master_byte_ctrl.vhd
    Info (12022): Found design unit 1: i2c_master_byte_ctrl-structural
    Info (12023): Found entity 1: i2c_master_byte_ctrl
Info (12021): Found 2 design units, including 1 entities, in source file /projects/fpga/bramvk38_fpga/i2c_opencores/i2c_master_bit_ctrl.vhd
    Info (12022): Found design unit 1: i2c_master_bit_ctrl-structural
    Info (12023): Found entity 1: i2c_master_bit_ctrl
Info (12021): Found 2 design units, including 1 entities, in source file /projects/fpga/bramvk38_fpga/audioboard/audioboard.vhd
    Info (12022): Found design unit 1: AudioBoard-structure
    Info (12023): Found entity 1: AudioBoard
Info (12127): Elaborating entity "AudioBoard" for the top level hierarchy
Critical Warning (10920): VHDL Incomplete Partial Association warning at audioboard.vhd(57): port or argument "Reg_Write" has 8/16 unassociated elements
Info (12128): Elaborating entity "uart2reg" for hierarchy "uart2reg:registers"
Info (12128): Elaborating entity "uart" for hierarchy "uart:serial_simple"
Info (286030): Timing-Driven Synthesis is running
Info (16010): Generating hard_block partition "hard_block:auto_generated_inst"
    Info (16011): Adding 0 node(s), including 0 DDIO, 0 PLL, 0 transceiver and 0 LCELL
Warning (21074): Design contains 1 input pin(s) that do not drive logic
    Warning (15610): No output dependent on input pin "ClkUser"
Info (21057): Implemented 218 device resources after synthesis - the final resource count might be different
    Info (21058): Implemented 5 input pins
    Info (21059): Implemented 9 output pins
    Info (21061): Implemented 204 logic cells
Info: Quartus II 64-Bit Analysis & Synthesis was successful. 0 errors, 3 warnings
    Info: Peak virtual memory: 4715 megabytes
    Info: Processing ended: Fri Sep 07 08:52:49 2018
    Info: Elapsed time: 00:00:05
    Info: Total CPU time (on all processors): 00:00:04


