Flow report for AudioBoard
Mon Sep 10 21:00:52 2018
Quartus II 64-Bit Version 13.1.0 Build 162 10/23/2013 SJ Web Edition


---------------------
; Table of Contents ;
---------------------
  1. Legal Notice
  2. Flow Summary
  3. Flow Settings
  4. Flow Non-Default Global Settings
  5. Flow Elapsed Time
  6. Flow OS Summary
  7. Flow Log
  8. Flow Messages
  9. Flow Suppressed Messages



----------------
; Legal Notice ;
----------------
Copyright (C) 1991-2013 Altera Corporation
Your use of Altera Corporation's design tools, logic functions 
and other software and tools, and its AMPP partner logic 
functions, and any output files from any of the foregoing 
(including device programming or simulation files), and any 
associated documentation or information are expressly subject 
to the terms and conditions of the Altera Program License 
Subscription Agreement, Altera MegaCore Function License 
Agreement, or other applicable license agreement, including, 
without limitation, that your use is for the sole purpose of 
programming logic devices manufactured by Altera and sold by 
Altera or its authorized distributors.  Please refer to the 
applicable agreement for further details.



+---------------------------------------------------------------------------------+
; Flow Summary                                                                    ;
+------------------------------------+--------------------------------------------+
; Flow Status                        ; Successful - Mon Sep 10 21:00:45 2018      ;
; Quartus II 64-Bit Version          ; 13.1.0 Build 162 10/23/2013 SJ Web Edition ;
; Revision Name                      ; AudioBoard                                 ;
; Top-level Entity Name              ; AudioBoard                                 ;
; Family                             ; Cyclone IV E                               ;
; Device                             ; EP4CE10E22C8                               ;
; Timing Models                      ; Final                                      ;
; Total logic elements               ; 2,027 / 10,320 ( 20 % )                    ;
;     Total combinational functions  ; 1,141 / 10,320 ( 11 % )                    ;
;     Dedicated logic registers      ; 1,622 / 10,320 ( 16 % )                    ;
; Total registers                    ; 1622                                       ;
; Total pins                         ; 23 / 92 ( 25 % )                           ;
; Total virtual pins                 ; 0                                          ;
; Total memory bits                  ; 299,008 / 423,936 ( 71 % )                 ;
; Embedded Multiplier 9-bit elements ; 0 / 46 ( 0 % )                             ;
; Total PLLs                         ; 1 / 2 ( 50 % )                             ;
+------------------------------------+--------------------------------------------+


+-----------------------------------------+
; Flow Settings                           ;
+-------------------+---------------------+
; Option            ; Setting             ;
+-------------------+---------------------+
; Start date & time ; 09/10/2018 21:00:10 ;
; Main task         ; Compilation         ;
; Revision Name     ; AudioBoard          ;
+-------------------+---------------------+


+-----------------------------------------------------------------------------------------------------------------------------------------------------------------------------------------------------------------------------------------------------------------------------------------------------------------------------------------------------------+
; Flow Non-Default Global Settings                                                                                                                                                                                                                                                                                                                          ;
+-------------------------------------+--------------------------------------------------------------------------------------------------------------------------------------------------------------------------------------------------------------------------------------------------------------------------+---------------+-------------+------------+
; Assignment Name                     ; Value                                                                                                                                                                                                                                                                    ; Default Value ; Entity Name ; Section Id ;
+-------------------------------------+--------------------------------------------------------------------------------------------------------------------------------------------------------------------------------------------------------------------------------------------------------------------------+---------------+-------------+------------+
; COMPILER_SIGNATURE_ID               ; 158515232110867.153660601006756                                                                                                                                                                                                                                          ; --            ; --          ; --         ;
; ENABLE_SIGNALTAP                    ; On                                                                                                                                                                                                                                                                       ; --            ; --          ; --         ;
; IP_TOOL_NAME                        ; ALTPLL                                                                                                                                                                                                                                                                   ; --            ; --          ; --         ;
; IP_TOOL_VERSION                     ; 13.1                                                                                                                                                                                                                                                                     ; --            ; --          ; --         ;
; MAX_CORE_JUNCTION_TEMP              ; 85                                                                                                                                                                                                                                                                       ; --            ; --          ; --         ;
; MIN_CORE_JUNCTION_TEMP              ; 0                                                                                                                                                                                                                                                                        ; --            ; --          ; --         ;
; MISC_FILE                           ; ../../altera_ip/altpll_12M289_ip/uda1380pll.cmp                                                                                                                                                                                                                          ; --            ; --          ; --         ;
; MISC_FILE                           ; ../../altera_ip/altpll_12M289_ip/uda1380pll.ppf                                                                                                                                                                                                                          ; --            ; --          ; --         ;
; NOMINAL_CORE_SUPPLY_VOLTAGE         ; 1.2V                                                                                                                                                                                                                                                                     ; --            ; --          ; --         ;
; PARTITION_COLOR                     ; 16764057                                                                                                                                                                                                                                                                 ; --            ; --          ; Top        ;
; PARTITION_FITTER_PRESERVATION_LEVEL ; PLACEMENT_AND_ROUTING                                                                                                                                                                                                                                                    ; --            ; --          ; Top        ;
; PARTITION_NETLIST_TYPE              ; SOURCE                                                                                                                                                                                                                                                                   ; --            ; --          ; Top        ;
; POWER_BOARD_THERMAL_MODEL           ; None (CONSERVATIVE)                                                                                                                                                                                                                                                      ; --            ; --          ; --         ;
; POWER_PRESET_COOLING_SOLUTION       ; 23 MM HEAT SINK WITH 200 LFPM AIRFLOW                                                                                                                                                                                                                                    ; --            ; --          ; --         ;
; PROJECT_OUTPUT_DIRECTORY            ; output_files                                                                                                                                                                                                                                                             ; --            ; --          ; --         ;
; SLD_FILE                            ; db/stp1_auto_stripped.stp                                                                                                                                                                                                                                                ; --            ; --          ; --         ;
; SLD_NODE_CREATOR_ID                 ; 110                                                                                                                                                                                                                                                                      ; --            ; --          ; iic        ;
; SLD_NODE_ENTITY_NAME                ; sld_signaltap                                                                                                                                                                                                                                                            ; --            ; --          ; iic        ;
; SLD_NODE_PARAMETER_ASSIGNMENT       ; SLD_RAM_BLOCK_TYPE=AUTO                                                                                                                                                                                                                                                  ; --            ; --          ; iic        ;
; SLD_NODE_PARAMETER_ASSIGNMENT       ; SLD_DATA_BITS=73                                                                                                                                                                                                                                                         ; --            ; --          ; iic        ;
; SLD_NODE_PARAMETER_ASSIGNMENT       ; SLD_TRIGGER_BITS=73                                                                                                                                                                                                                                                      ; --            ; --          ; iic        ;
; SLD_NODE_PARAMETER_ASSIGNMENT       ; SLD_NODE_INFO=805334528                                                                                                                                                                                                                                                  ; --            ; --          ; iic        ;
; SLD_NODE_PARAMETER_ASSIGNMENT       ; SLD_POWER_UP_TRIGGER=0                                                                                                                                                                                                                                                   ; --            ; --          ; iic        ;
; SLD_NODE_PARAMETER_ASSIGNMENT       ; SLD_STORAGE_QUALIFIER_INVERSION_MASK_LENGTH=0                                                                                                                                                                                                                            ; --            ; --          ; iic        ;
; SLD_NODE_PARAMETER_ASSIGNMENT       ; SLD_ATTRIBUTE_MEM_MODE=OFF                                                                                                                                                                                                                                               ; --            ; --          ; iic        ;
; SLD_NODE_PARAMETER_ASSIGNMENT       ; SLD_STATE_FLOW_USE_GENERATED=0                                                                                                                                                                                                                                           ; --            ; --          ; iic        ;
; SLD_NODE_PARAMETER_ASSIGNMENT       ; SLD_STATE_BITS=11                                                                                                                                                                                                                                                        ; --            ; --          ; iic        ;
; SLD_NODE_PARAMETER_ASSIGNMENT       ; SLD_BUFFER_FULL_STOP=1                                                                                                                                                                                                                                                   ; --            ; --          ; iic        ;
; SLD_NODE_PARAMETER_ASSIGNMENT       ; SLD_CURRENT_RESOURCE_WIDTH=1                                                                                                                                                                                                                                             ; --            ; --          ; iic        ;
; SLD_NODE_PARAMETER_ASSIGNMENT       ; SLD_NODE_CRC_LOWORD=41625                                                                                                                                                                                                                                                ; --            ; --          ; iic        ;
; SLD_NODE_PARAMETER_ASSIGNMENT       ; SLD_TRIGGER_LEVEL=1                                                                                                                                                                                                                                                      ; --            ; --          ; iic        ;
; SLD_NODE_PARAMETER_ASSIGNMENT       ; SLD_TRIGGER_IN_ENABLED=0                                                                                                                                                                                                                                                 ; --            ; --          ; iic        ;
; SLD_NODE_PARAMETER_ASSIGNMENT       ; SLD_ADVANCED_TRIGGER_ENTITY=basic,1,                                                                                                                                                                                                                                     ; --            ; --          ; iic        ;
; SLD_NODE_PARAMETER_ASSIGNMENT       ; SLD_TRIGGER_LEVEL_PIPELINE=1                                                                                                                                                                                                                                             ; --            ; --          ; iic        ;
; SLD_NODE_PARAMETER_ASSIGNMENT       ; SLD_ENABLE_ADVANCED_TRIGGER=0                                                                                                                                                                                                                                            ; --            ; --          ; iic        ;
; SLD_NODE_PARAMETER_ASSIGNMENT       ; SLD_INVERSION_MASK=00000000000000000000000000000000000000000000000000000000000000000000000000000000000000000000000000000000000000000000000000000000000000000000000000000000000000000000000000000000000000000000000000000000000000000000000000000000000000000000000000000 ; --            ; --          ; iic        ;
; SLD_NODE_PARAMETER_ASSIGNMENT       ; SLD_INVERSION_MASK_LENGTH=245                                                                                                                                                                                                                                            ; --            ; --          ; iic        ;
; SLD_NODE_PARAMETER_ASSIGNMENT       ; SLD_SEGMENT_SIZE=4096                                                                                                                                                                                                                                                    ; --            ; --          ; iic        ;
; SLD_NODE_PARAMETER_ASSIGNMENT       ; SLD_NODE_CRC_HIWORD=48846                                                                                                                                                                                                                                                ; --            ; --          ; iic        ;
; SLD_NODE_PARAMETER_ASSIGNMENT       ; SLD_SAMPLE_DEPTH=4096                                                                                                                                                                                                                                                    ; --            ; --          ; iic        ;
; USE_SIGNALTAP_FILE                  ; stp1.stp                                                                                                                                                                                                                                                                 ; --            ; --          ; --         ;
+-------------------------------------+--------------------------------------------------------------------------------------------------------------------------------------------------------------------------------------------------------------------------------------------------------------------------+---------------+-------------+------------+


+-------------------------------------------------------------------------------------------------------------------------------+
; Flow Elapsed Time                                                                                                             ;
+---------------------------+--------------+-------------------------+---------------------+------------------------------------+
; Module Name               ; Elapsed Time ; Average Processors Used ; Peak Virtual Memory ; Total CPU Time (on all processors) ;
+---------------------------+--------------+-------------------------+---------------------+------------------------------------+
; Analysis & Synthesis      ; 00:00:11     ; 1.0                     ; 4772 MB             ; 00:00:11                           ;
; Fitter                    ; 00:00:17     ; 1.5                     ; 5685 MB             ; 00:00:24                           ;
; Assembler                 ; 00:00:02     ; 1.0                     ; 4601 MB             ; 00:00:02                           ;
; TimeQuest Timing Analyzer ; 00:00:05     ; 2.4                     ; 4751 MB             ; 00:00:06                           ;
; Total                     ; 00:00:35     ; --                      ; --                  ; 00:00:43                           ;
+---------------------------+--------------+-------------------------+---------------------+------------------------------------+


+----------------------------------------------------------------------------------------+
; Flow OS Summary                                                                        ;
+---------------------------+------------------+-----------+------------+----------------+
; Module Name               ; Machine Hostname ; OS Name   ; OS Version ; Processor type ;
+---------------------------+------------------+-----------+------------+----------------+
; Analysis & Synthesis      ; Tuinkamer        ; Windows 7 ; 6.2        ; x86_64         ;
; Fitter                    ; Tuinkamer        ; Windows 7 ; 6.2        ; x86_64         ;
; Assembler                 ; Tuinkamer        ; Windows 7 ; 6.2        ; x86_64         ;
; TimeQuest Timing Analyzer ; Tuinkamer        ; Windows 7 ; 6.2        ; x86_64         ;
+---------------------------+------------------+-----------+------------+----------------+


------------
; Flow Log ;
------------
quartus_map --read_settings_files=on --write_settings_files=off AudioBoard -c AudioBoard
quartus_fit --read_settings_files=off --write_settings_files=off AudioBoard -c AudioBoard
quartus_asm --read_settings_files=off --write_settings_files=off AudioBoard -c AudioBoard
quartus_sta AudioBoard -c AudioBoard



