Classic Timing Analyzer report for SMG_LED
Thu Jul 04 19:15:39 2013
Quartus II Version 9.0 Build 235 06/17/2009 Service Pack 2 SJ Web Edition


---------------------
; Table of Contents ;
---------------------
  1. Legal Notice
  2. Timing Analyzer Summary
  3. Timing Analyzer Settings
  4. Clock Settings Summary
  5. Parallel Compilation
  6. Clock Setup: 'clk_50M'
  7. tco
  8. Timing Analyzer Messages



----------------
; Legal Notice ;
----------------
Copyright (C) 1991-2009 Altera Corporation
Your use of Altera Corporation's design tools, logic functions 
and other software and tools, and its AMPP partner logic 
functions, and any output files from any of the foregoing 
(including device programming or simulation files), and any 
associated documentation or information are expressly subject 
to the terms and conditions of the Altera Program License 
Subscription Agreement, Altera MegaCore Function License 
Agreement, or other applicable license agreement, including, 
without limitation, that your use is for the sole purpose of 
programming logic devices manufactured by Altera and sold by 
Altera or its authorized distributors.  Please refer to the 
applicable agreement for further details.



+---------------------------------------------------------------------------------------------------------------------------------------------------------------+
; Timing Analyzer Summary                                                                                                                                       ;
+------------------------------+-------+---------------+----------------------------------+-----------------+------------+------------+----------+--------------+
; Type                         ; Slack ; Required Time ; Actual Time                      ; From            ; To         ; From Clock ; To Clock ; Failed Paths ;
+------------------------------+-------+---------------+----------------------------------+-----------------+------------+------------+----------+--------------+
; Worst-case tco               ; N/A   ; None          ; 8.564 ns                         ; dataout[0]~reg0 ; dataout[0] ; clk_50M    ; --       ; 0            ;
; Clock Setup: 'clk_50M'       ; N/A   ; None          ; 152.98 MHz ( period = 6.537 ns ) ; count[0]        ; count[19]  ; clk_50M    ; clk_50M  ; 0            ;
; Total number of failed paths ;       ;               ;                                  ;                 ;            ;            ;          ; 0            ;
+------------------------------+-------+---------------+----------------------------------+-----------------+------------+------------+----------+--------------+


+--------------------------------------------------------------------------------------------------------------------+
; Timing Analyzer Settings                                                                                           ;
+---------------------------------------------------------------------+--------------------+------+----+-------------+
; Option                                                              ; Setting            ; From ; To ; Entity Name ;
+---------------------------------------------------------------------+--------------------+------+----+-------------+
; Device Name                                                         ; EPM240T100C5       ;      ;    ;             ;
; Timing Models                                                       ; Final              ;      ;    ;             ;
; Default hold multicycle                                             ; Same as Multicycle ;      ;    ;             ;
; Cut paths between unrelated clock domains                           ; On                 ;      ;    ;             ;
; Cut off read during write signal paths                              ; On                 ;      ;    ;             ;
; Cut off feedback from I/O pins                                      ; On                 ;      ;    ;             ;
; Report Combined Fast/Slow Timing                                    ; Off                ;      ;    ;             ;
; Ignore Clock Settings                                               ; Off                ;      ;    ;             ;
; Analyze latches as synchronous elements                             ; On                 ;      ;    ;             ;
; Enable Recovery/Removal analysis                                    ; Off                ;      ;    ;             ;
; Enable Clock Latency                                                ; Off                ;      ;    ;             ;
; Use TimeQuest Timing Analyzer                                       ; Off                ;      ;    ;             ;
; Minimum Core Junction Temperature                                   ; 0                  ;      ;    ;             ;
; Maximum Core Junction Temperature                                   ; 85                 ;      ;    ;             ;
; Number of source nodes to report per destination node               ; 10                 ;      ;    ;             ;
; Number of destination nodes to report                               ; 10                 ;      ;    ;             ;
; Number of paths to report                                           ; 200                ;      ;    ;             ;
; Report Minimum Timing Checks                                        ; Off                ;      ;    ;             ;
; Use Fast Timing Models                                              ; Off                ;      ;    ;             ;
; Report IO Paths Separately                                          ; Off                ;      ;    ;             ;
; Perform Multicorner Analysis                                        ; Off                ;      ;    ;             ;
; Reports the worst-case path for each clock domain and analysis      ; Off                ;      ;    ;             ;
; Removes common clock path pessimism (CCPP) during slack computation ; Off                ;      ;    ;             ;
; Output I/O Timing Endpoint                                          ; Near End           ;      ;    ;             ;
+---------------------------------------------------------------------+--------------------+------+----+-------------+


+------------------------------------------------------------------------------------------------------------------------------------------------------------------------------------+
; Clock Settings Summary                                                                                                                                                             ;
+-----------------+--------------------+----------+------------------+---------------+--------------+----------+-----------------------+---------------------+--------+--------------+
; Clock Node Name ; Clock Setting Name ; Type     ; Fmax Requirement ; Early Latency ; Late Latency ; Based on ; Multiply Base Fmax by ; Divide Base Fmax by ; Offset ; Phase offset ;
+-----------------+--------------------+----------+------------------+---------------+--------------+----------+-----------------------+---------------------+--------+--------------+
; clk_50M         ;                    ; User Pin ; None             ; 0.000 ns      ; 0.000 ns     ; --       ; N/A                   ; N/A                 ; N/A    ;              ;
+-----------------+--------------------+----------+------------------+---------------+--------------+----------+-----------------------+---------------------+--------+--------------+


+------------------------------------------+
; Parallel Compilation                     ;
+----------------------------+-------------+
; Processors                 ; Number      ;
+----------------------------+-------------+
; Number detected on machine ; 2           ;
; Maximum allowed            ; 2           ;
;                            ;             ;
; Average used               ; 1.00        ;
; Maximum used               ; 1           ;
;                            ;             ;
; Usage by Processor         ; % Time Used ;
;     1 processor            ; 100.0%      ;
;     2 processors           ;   0.0%      ;
+----------------------------+-------------+


+-----------------------------------------------------------------------------------------------------------------------------------------------------------------------------------------------------------------------------------+
; Clock Setup: 'clk_50M'                                                                                                                                                                                                            ;
+-----------------------------------------+-----------------------------------------------------+-----------+-----------+------------+----------+-----------------------------+---------------------------+-------------------------+
; Slack                                   ; Actual fmax (period)                                ; From      ; To        ; From Clock ; To Clock ; Required Setup Relationship ; Required Longest P2P Time ; Actual Longest P2P Time ;
+-----------------------------------------+-----------------------------------------------------+-----------+-----------+------------+----------+-----------------------------+---------------------------+-------------------------+
; N/A                                     ; 152.98 MHz ( period = 6.537 ns )                    ; count[0]  ; count[23] ; clk_50M    ; clk_50M  ; None                        ; None                      ; 5.828 ns                ;
; N/A                                     ; 152.98 MHz ( period = 6.537 ns )                    ; count[0]  ; count[22] ; clk_50M    ; clk_50M  ; None                        ; None                      ; 5.828 ns                ;
; N/A                                     ; 152.98 MHz ( period = 6.537 ns )                    ; count[0]  ; count[21] ; clk_50M    ; clk_50M  ; None                        ; None                      ; 5.828 ns                ;
; N/A                                     ; 152.98 MHz ( period = 6.537 ns )                    ; count[0]  ; count[20] ; clk_50M    ; clk_50M  ; None                        ; None                      ; 5.828 ns                ;
; N/A                                     ; 152.98 MHz ( period = 6.537 ns )                    ; count[0]  ; count[19] ; clk_50M    ; clk_50M  ; None                        ; None                      ; 5.828 ns                ;
; N/A                                     ; 153.28 MHz ( period = 6.524 ns )                    ; count[0]  ; count[27] ; clk_50M    ; clk_50M  ; None                        ; None                      ; 5.815 ns                ;
; N/A                                     ; 153.28 MHz ( period = 6.524 ns )                    ; count[0]  ; count[24] ; clk_50M    ; clk_50M  ; None                        ; None                      ; 5.815 ns                ;
; N/A                                     ; 153.28 MHz ( period = 6.524 ns )                    ; count[0]  ; count[26] ; clk_50M    ; clk_50M  ; None                        ; None                      ; 5.815 ns                ;
; N/A                                     ; 153.28 MHz ( period = 6.524 ns )                    ; count[0]  ; count[25] ; clk_50M    ; clk_50M  ; None                        ; None                      ; 5.815 ns                ;
; N/A                                     ; 168.29 MHz ( period = 5.942 ns )                    ; count[0]  ; count[13] ; clk_50M    ; clk_50M  ; None                        ; None                      ; 5.233 ns                ;
; N/A                                     ; 168.29 MHz ( period = 5.942 ns )                    ; count[0]  ; count[12] ; clk_50M    ; clk_50M  ; None                        ; None                      ; 5.233 ns                ;
; N/A                                     ; 168.29 MHz ( period = 5.942 ns )                    ; count[0]  ; count[11] ; clk_50M    ; clk_50M  ; None                        ; None                      ; 5.233 ns                ;
; N/A                                     ; 168.29 MHz ( period = 5.942 ns )                    ; count[0]  ; count[10] ; clk_50M    ; clk_50M  ; None                        ; None                      ; 5.233 ns                ;
; N/A                                     ; 168.29 MHz ( period = 5.942 ns )                    ; count[0]  ; count[9]  ; clk_50M    ; clk_50M  ; None                        ; None                      ; 5.233 ns                ;
; N/A                                     ; 168.66 MHz ( period = 5.929 ns )                    ; count[0]  ; count[18] ; clk_50M    ; clk_50M  ; None                        ; None                      ; 5.220 ns                ;
; N/A                                     ; 168.66 MHz ( period = 5.929 ns )                    ; count[0]  ; count[17] ; clk_50M    ; clk_50M  ; None                        ; None                      ; 5.220 ns                ;
; N/A                                     ; 168.66 MHz ( period = 5.929 ns )                    ; count[0]  ; count[16] ; clk_50M    ; clk_50M  ; None                        ; None                      ; 5.220 ns                ;
; N/A                                     ; 168.66 MHz ( period = 5.929 ns )                    ; count[0]  ; count[15] ; clk_50M    ; clk_50M  ; None                        ; None                      ; 5.220 ns                ;
; N/A                                     ; 168.66 MHz ( period = 5.929 ns )                    ; count[0]  ; count[14] ; clk_50M    ; clk_50M  ; None                        ; None                      ; 5.220 ns                ;
; N/A                                     ; 177.68 MHz ( period = 5.628 ns )                    ; count[5]  ; count[23] ; clk_50M    ; clk_50M  ; None                        ; None                      ; 4.919 ns                ;
; N/A                                     ; 177.68 MHz ( period = 5.628 ns )                    ; count[5]  ; count[22] ; clk_50M    ; clk_50M  ; None                        ; None                      ; 4.919 ns                ;
; N/A                                     ; 177.68 MHz ( period = 5.628 ns )                    ; count[5]  ; count[21] ; clk_50M    ; clk_50M  ; None                        ; None                      ; 4.919 ns                ;
; N/A                                     ; 177.68 MHz ( period = 5.628 ns )                    ; count[5]  ; count[20] ; clk_50M    ; clk_50M  ; None                        ; None                      ; 4.919 ns                ;
; N/A                                     ; 177.68 MHz ( period = 5.628 ns )                    ; count[5]  ; count[19] ; clk_50M    ; clk_50M  ; None                        ; None                      ; 4.919 ns                ;
; N/A                                     ; 178.09 MHz ( period = 5.615 ns )                    ; count[5]  ; count[27] ; clk_50M    ; clk_50M  ; None                        ; None                      ; 4.906 ns                ;
; N/A                                     ; 178.09 MHz ( period = 5.615 ns )                    ; count[5]  ; count[24] ; clk_50M    ; clk_50M  ; None                        ; None                      ; 4.906 ns                ;
; N/A                                     ; 178.09 MHz ( period = 5.615 ns )                    ; count[5]  ; count[26] ; clk_50M    ; clk_50M  ; None                        ; None                      ; 4.906 ns                ;
; N/A                                     ; 178.09 MHz ( period = 5.615 ns )                    ; count[5]  ; count[25] ; clk_50M    ; clk_50M  ; None                        ; None                      ; 4.906 ns                ;
; N/A                                     ; 180.21 MHz ( period = 5.549 ns )                    ; count[4]  ; count[23] ; clk_50M    ; clk_50M  ; None                        ; None                      ; 4.840 ns                ;
; N/A                                     ; 180.21 MHz ( period = 5.549 ns )                    ; count[4]  ; count[22] ; clk_50M    ; clk_50M  ; None                        ; None                      ; 4.840 ns                ;
; N/A                                     ; 180.21 MHz ( period = 5.549 ns )                    ; count[4]  ; count[21] ; clk_50M    ; clk_50M  ; None                        ; None                      ; 4.840 ns                ;
; N/A                                     ; 180.21 MHz ( period = 5.549 ns )                    ; count[4]  ; count[20] ; clk_50M    ; clk_50M  ; None                        ; None                      ; 4.840 ns                ;
; N/A                                     ; 180.21 MHz ( period = 5.549 ns )                    ; count[4]  ; count[19] ; clk_50M    ; clk_50M  ; None                        ; None                      ; 4.840 ns                ;
; N/A                                     ; 180.64 MHz ( period = 5.536 ns )                    ; count[4]  ; count[27] ; clk_50M    ; clk_50M  ; None                        ; None                      ; 4.827 ns                ;
; N/A                                     ; 180.64 MHz ( period = 5.536 ns )                    ; count[4]  ; count[24] ; clk_50M    ; clk_50M  ; None                        ; None                      ; 4.827 ns                ;
; N/A                                     ; 180.64 MHz ( period = 5.536 ns )                    ; count[4]  ; count[26] ; clk_50M    ; clk_50M  ; None                        ; None                      ; 4.827 ns                ;
; N/A                                     ; 180.64 MHz ( period = 5.536 ns )                    ; count[4]  ; count[25] ; clk_50M    ; clk_50M  ; None                        ; None                      ; 4.827 ns                ;
; N/A                                     ; 181.09 MHz ( period = 5.522 ns )                    ; count[3]  ; count[23] ; clk_50M    ; clk_50M  ; None                        ; None                      ; 4.813 ns                ;
; N/A                                     ; 181.09 MHz ( period = 5.522 ns )                    ; count[3]  ; count[22] ; clk_50M    ; clk_50M  ; None                        ; None                      ; 4.813 ns                ;
; N/A                                     ; 181.09 MHz ( period = 5.522 ns )                    ; count[3]  ; count[21] ; clk_50M    ; clk_50M  ; None                        ; None                      ; 4.813 ns                ;
; N/A                                     ; 181.09 MHz ( period = 5.522 ns )                    ; count[3]  ; count[20] ; clk_50M    ; clk_50M  ; None                        ; None                      ; 4.813 ns                ;
; N/A                                     ; 181.09 MHz ( period = 5.522 ns )                    ; count[3]  ; count[19] ; clk_50M    ; clk_50M  ; None                        ; None                      ; 4.813 ns                ;
; N/A                                     ; 181.52 MHz ( period = 5.509 ns )                    ; count[3]  ; count[27] ; clk_50M    ; clk_50M  ; None                        ; None                      ; 4.800 ns                ;
; N/A                                     ; 181.52 MHz ( period = 5.509 ns )                    ; count[3]  ; count[24] ; clk_50M    ; clk_50M  ; None                        ; None                      ; 4.800 ns                ;
; N/A                                     ; 181.52 MHz ( period = 5.509 ns )                    ; count[3]  ; count[26] ; clk_50M    ; clk_50M  ; None                        ; None                      ; 4.800 ns                ;
; N/A                                     ; 181.52 MHz ( period = 5.509 ns )                    ; count[3]  ; count[25] ; clk_50M    ; clk_50M  ; None                        ; None                      ; 4.800 ns                ;
; N/A                                     ; 185.15 MHz ( period = 5.401 ns )                    ; count[2]  ; count[23] ; clk_50M    ; clk_50M  ; None                        ; None                      ; 4.692 ns                ;
; N/A                                     ; 185.15 MHz ( period = 5.401 ns )                    ; count[2]  ; count[22] ; clk_50M    ; clk_50M  ; None                        ; None                      ; 4.692 ns                ;
; N/A                                     ; 185.15 MHz ( period = 5.401 ns )                    ; count[2]  ; count[21] ; clk_50M    ; clk_50M  ; None                        ; None                      ; 4.692 ns                ;
; N/A                                     ; 185.15 MHz ( period = 5.401 ns )                    ; count[2]  ; count[20] ; clk_50M    ; clk_50M  ; None                        ; None                      ; 4.692 ns                ;
; N/A                                     ; 185.15 MHz ( period = 5.401 ns )                    ; count[2]  ; count[19] ; clk_50M    ; clk_50M  ; None                        ; None                      ; 4.692 ns                ;
; N/A                                     ; 185.60 MHz ( period = 5.388 ns )                    ; count[2]  ; count[27] ; clk_50M    ; clk_50M  ; None                        ; None                      ; 4.679 ns                ;
; N/A                                     ; 185.60 MHz ( period = 5.388 ns )                    ; count[2]  ; count[24] ; clk_50M    ; clk_50M  ; None                        ; None                      ; 4.679 ns                ;
; N/A                                     ; 185.60 MHz ( period = 5.388 ns )                    ; count[2]  ; count[26] ; clk_50M    ; clk_50M  ; None                        ; None                      ; 4.679 ns                ;
; N/A                                     ; 185.60 MHz ( period = 5.388 ns )                    ; count[2]  ; count[25] ; clk_50M    ; clk_50M  ; None                        ; None                      ; 4.679 ns                ;
; N/A                                     ; 187.48 MHz ( period = 5.334 ns )                    ; count[0]  ; count[8]  ; clk_50M    ; clk_50M  ; None                        ; None                      ; 4.625 ns                ;
; N/A                                     ; 187.48 MHz ( period = 5.334 ns )                    ; count[0]  ; count[7]  ; clk_50M    ; clk_50M  ; None                        ; None                      ; 4.625 ns                ;
; N/A                                     ; 187.48 MHz ( period = 5.334 ns )                    ; count[0]  ; count[6]  ; clk_50M    ; clk_50M  ; None                        ; None                      ; 4.625 ns                ;
; N/A                                     ; 187.48 MHz ( period = 5.334 ns )                    ; count[0]  ; count[5]  ; clk_50M    ; clk_50M  ; None                        ; None                      ; 4.625 ns                ;
; N/A                                     ; 187.48 MHz ( period = 5.334 ns )                    ; count[0]  ; count[4]  ; clk_50M    ; clk_50M  ; None                        ; None                      ; 4.625 ns                ;
; N/A                                     ; 188.29 MHz ( period = 5.311 ns )                    ; count[1]  ; count[23] ; clk_50M    ; clk_50M  ; None                        ; None                      ; 4.602 ns                ;
; N/A                                     ; 188.29 MHz ( period = 5.311 ns )                    ; count[1]  ; count[22] ; clk_50M    ; clk_50M  ; None                        ; None                      ; 4.602 ns                ;
; N/A                                     ; 188.29 MHz ( period = 5.311 ns )                    ; count[1]  ; count[21] ; clk_50M    ; clk_50M  ; None                        ; None                      ; 4.602 ns                ;
; N/A                                     ; 188.29 MHz ( period = 5.311 ns )                    ; count[1]  ; count[20] ; clk_50M    ; clk_50M  ; None                        ; None                      ; 4.602 ns                ;
; N/A                                     ; 188.29 MHz ( period = 5.311 ns )                    ; count[1]  ; count[19] ; clk_50M    ; clk_50M  ; None                        ; None                      ; 4.602 ns                ;
; N/A                                     ; 188.75 MHz ( period = 5.298 ns )                    ; count[1]  ; count[27] ; clk_50M    ; clk_50M  ; None                        ; None                      ; 4.589 ns                ;
; N/A                                     ; 188.75 MHz ( period = 5.298 ns )                    ; count[1]  ; count[24] ; clk_50M    ; clk_50M  ; None                        ; None                      ; 4.589 ns                ;
; N/A                                     ; 188.75 MHz ( period = 5.298 ns )                    ; count[1]  ; count[26] ; clk_50M    ; clk_50M  ; None                        ; None                      ; 4.589 ns                ;
; N/A                                     ; 188.75 MHz ( period = 5.298 ns )                    ; count[1]  ; count[25] ; clk_50M    ; clk_50M  ; None                        ; None                      ; 4.589 ns                ;
; N/A                                     ; 192.68 MHz ( period = 5.190 ns )                    ; count[7]  ; count[23] ; clk_50M    ; clk_50M  ; None                        ; None                      ; 4.481 ns                ;
; N/A                                     ; 192.68 MHz ( period = 5.190 ns )                    ; count[7]  ; count[22] ; clk_50M    ; clk_50M  ; None                        ; None                      ; 4.481 ns                ;
; N/A                                     ; 192.68 MHz ( period = 5.190 ns )                    ; count[7]  ; count[21] ; clk_50M    ; clk_50M  ; None                        ; None                      ; 4.481 ns                ;
; N/A                                     ; 192.68 MHz ( period = 5.190 ns )                    ; count[7]  ; count[20] ; clk_50M    ; clk_50M  ; None                        ; None                      ; 4.481 ns                ;
; N/A                                     ; 192.68 MHz ( period = 5.190 ns )                    ; count[7]  ; count[19] ; clk_50M    ; clk_50M  ; None                        ; None                      ; 4.481 ns                ;
; N/A                                     ; 193.16 MHz ( period = 5.177 ns )                    ; count[7]  ; count[27] ; clk_50M    ; clk_50M  ; None                        ; None                      ; 4.468 ns                ;
; N/A                                     ; 193.16 MHz ( period = 5.177 ns )                    ; count[7]  ; count[24] ; clk_50M    ; clk_50M  ; None                        ; None                      ; 4.468 ns                ;
; N/A                                     ; 193.16 MHz ( period = 5.177 ns )                    ; count[7]  ; count[26] ; clk_50M    ; clk_50M  ; None                        ; None                      ; 4.468 ns                ;
; N/A                                     ; 193.16 MHz ( period = 5.177 ns )                    ; count[7]  ; count[25] ; clk_50M    ; clk_50M  ; None                        ; None                      ; 4.468 ns                ;
; N/A                                     ; 196.43 MHz ( period = 5.091 ns )                    ; count[6]  ; count[23] ; clk_50M    ; clk_50M  ; None                        ; None                      ; 4.382 ns                ;
; N/A                                     ; 196.43 MHz ( period = 5.091 ns )                    ; count[6]  ; count[22] ; clk_50M    ; clk_50M  ; None                        ; None                      ; 4.382 ns                ;
; N/A                                     ; 196.43 MHz ( period = 5.091 ns )                    ; count[6]  ; count[21] ; clk_50M    ; clk_50M  ; None                        ; None                      ; 4.382 ns                ;
; N/A                                     ; 196.43 MHz ( period = 5.091 ns )                    ; count[6]  ; count[20] ; clk_50M    ; clk_50M  ; None                        ; None                      ; 4.382 ns                ;
; N/A                                     ; 196.43 MHz ( period = 5.091 ns )                    ; count[6]  ; count[19] ; clk_50M    ; clk_50M  ; None                        ; None                      ; 4.382 ns                ;
; N/A                                     ; 196.93 MHz ( period = 5.078 ns )                    ; count[6]  ; count[27] ; clk_50M    ; clk_50M  ; None                        ; None                      ; 4.369 ns                ;
; N/A                                     ; 196.93 MHz ( period = 5.078 ns )                    ; count[6]  ; count[24] ; clk_50M    ; clk_50M  ; None                        ; None                      ; 4.369 ns                ;
; N/A                                     ; 196.93 MHz ( period = 5.078 ns )                    ; count[6]  ; count[26] ; clk_50M    ; clk_50M  ; None                        ; None                      ; 4.369 ns                ;
; N/A                                     ; 196.93 MHz ( period = 5.078 ns )                    ; count[6]  ; count[25] ; clk_50M    ; clk_50M  ; None                        ; None                      ; 4.369 ns                ;
; N/A                                     ; 198.69 MHz ( period = 5.033 ns )                    ; count[5]  ; count[13] ; clk_50M    ; clk_50M  ; None                        ; None                      ; 4.324 ns                ;
; N/A                                     ; 198.69 MHz ( period = 5.033 ns )                    ; count[5]  ; count[12] ; clk_50M    ; clk_50M  ; None                        ; None                      ; 4.324 ns                ;
; N/A                                     ; 198.69 MHz ( period = 5.033 ns )                    ; count[5]  ; count[11] ; clk_50M    ; clk_50M  ; None                        ; None                      ; 4.324 ns                ;
; N/A                                     ; 198.69 MHz ( period = 5.033 ns )                    ; count[5]  ; count[10] ; clk_50M    ; clk_50M  ; None                        ; None                      ; 4.324 ns                ;
; N/A                                     ; 198.69 MHz ( period = 5.033 ns )                    ; count[5]  ; count[9]  ; clk_50M    ; clk_50M  ; None                        ; None                      ; 4.324 ns                ;
; N/A                                     ; 199.20 MHz ( period = 5.020 ns )                    ; count[5]  ; count[18] ; clk_50M    ; clk_50M  ; None                        ; None                      ; 4.311 ns                ;
; N/A                                     ; 199.20 MHz ( period = 5.020 ns )                    ; count[5]  ; count[17] ; clk_50M    ; clk_50M  ; None                        ; None                      ; 4.311 ns                ;
; N/A                                     ; 199.20 MHz ( period = 5.020 ns )                    ; count[5]  ; count[16] ; clk_50M    ; clk_50M  ; None                        ; None                      ; 4.311 ns                ;
; N/A                                     ; 199.20 MHz ( period = 5.020 ns )                    ; count[5]  ; count[15] ; clk_50M    ; clk_50M  ; None                        ; None                      ; 4.311 ns                ;
; N/A                                     ; 199.20 MHz ( period = 5.020 ns )                    ; count[5]  ; count[14] ; clk_50M    ; clk_50M  ; None                        ; None                      ; 4.311 ns                ;
; N/A                                     ; 201.09 MHz ( period = 4.973 ns )                    ; count[14] ; count[23] ; clk_50M    ; clk_50M  ; None                        ; None                      ; 4.264 ns                ;
; N/A                                     ; 201.09 MHz ( period = 4.973 ns )                    ; count[14] ; count[22] ; clk_50M    ; clk_50M  ; None                        ; None                      ; 4.264 ns                ;
; N/A                                     ; 201.09 MHz ( period = 4.973 ns )                    ; count[14] ; count[21] ; clk_50M    ; clk_50M  ; None                        ; None                      ; 4.264 ns                ;
; N/A                                     ; 201.09 MHz ( period = 4.973 ns )                    ; count[14] ; count[20] ; clk_50M    ; clk_50M  ; None                        ; None                      ; 4.264 ns                ;
; N/A                                     ; 201.09 MHz ( period = 4.973 ns )                    ; count[14] ; count[19] ; clk_50M    ; clk_50M  ; None                        ; None                      ; 4.264 ns                ;
; N/A                                     ; 201.57 MHz ( period = 4.961 ns )                    ; count[9]  ; count[23] ; clk_50M    ; clk_50M  ; None                        ; None                      ; 4.252 ns                ;
; N/A                                     ; 201.57 MHz ( period = 4.961 ns )                    ; count[9]  ; count[22] ; clk_50M    ; clk_50M  ; None                        ; None                      ; 4.252 ns                ;
; N/A                                     ; 201.57 MHz ( period = 4.961 ns )                    ; count[9]  ; count[21] ; clk_50M    ; clk_50M  ; None                        ; None                      ; 4.252 ns                ;
; N/A                                     ; 201.57 MHz ( period = 4.961 ns )                    ; count[9]  ; count[20] ; clk_50M    ; clk_50M  ; None                        ; None                      ; 4.252 ns                ;
; N/A                                     ; 201.57 MHz ( period = 4.961 ns )                    ; count[9]  ; count[19] ; clk_50M    ; clk_50M  ; None                        ; None                      ; 4.252 ns                ;
; N/A                                     ; 201.61 MHz ( period = 4.960 ns )                    ; count[14] ; count[27] ; clk_50M    ; clk_50M  ; None                        ; None                      ; 4.251 ns                ;
; N/A                                     ; 201.61 MHz ( period = 4.960 ns )                    ; count[14] ; count[24] ; clk_50M    ; clk_50M  ; None                        ; None                      ; 4.251 ns                ;
; N/A                                     ; 201.61 MHz ( period = 4.960 ns )                    ; count[14] ; count[26] ; clk_50M    ; clk_50M  ; None                        ; None                      ; 4.251 ns                ;
; N/A                                     ; 201.61 MHz ( period = 4.960 ns )                    ; count[14] ; count[25] ; clk_50M    ; clk_50M  ; None                        ; None                      ; 4.251 ns                ;
; N/A                                     ; 201.86 MHz ( period = 4.954 ns )                    ; count[4]  ; count[13] ; clk_50M    ; clk_50M  ; None                        ; None                      ; 4.245 ns                ;
; N/A                                     ; 201.86 MHz ( period = 4.954 ns )                    ; count[4]  ; count[12] ; clk_50M    ; clk_50M  ; None                        ; None                      ; 4.245 ns                ;
; N/A                                     ; 201.86 MHz ( period = 4.954 ns )                    ; count[4]  ; count[11] ; clk_50M    ; clk_50M  ; None                        ; None                      ; 4.245 ns                ;
; N/A                                     ; 201.86 MHz ( period = 4.954 ns )                    ; count[4]  ; count[10] ; clk_50M    ; clk_50M  ; None                        ; None                      ; 4.245 ns                ;
; N/A                                     ; 201.86 MHz ( period = 4.954 ns )                    ; count[4]  ; count[9]  ; clk_50M    ; clk_50M  ; None                        ; None                      ; 4.245 ns                ;
; N/A                                     ; 202.10 MHz ( period = 4.948 ns )                    ; count[9]  ; count[27] ; clk_50M    ; clk_50M  ; None                        ; None                      ; 4.239 ns                ;
; N/A                                     ; 202.10 MHz ( period = 4.948 ns )                    ; count[9]  ; count[24] ; clk_50M    ; clk_50M  ; None                        ; None                      ; 4.239 ns                ;
; N/A                                     ; 202.10 MHz ( period = 4.948 ns )                    ; count[9]  ; count[26] ; clk_50M    ; clk_50M  ; None                        ; None                      ; 4.239 ns                ;
; N/A                                     ; 202.10 MHz ( period = 4.948 ns )                    ; count[9]  ; count[25] ; clk_50M    ; clk_50M  ; None                        ; None                      ; 4.239 ns                ;
; N/A                                     ; 202.39 MHz ( period = 4.941 ns )                    ; count[4]  ; count[18] ; clk_50M    ; clk_50M  ; None                        ; None                      ; 4.232 ns                ;
; N/A                                     ; 202.39 MHz ( period = 4.941 ns )                    ; count[4]  ; count[17] ; clk_50M    ; clk_50M  ; None                        ; None                      ; 4.232 ns                ;
; N/A                                     ; 202.39 MHz ( period = 4.941 ns )                    ; count[4]  ; count[16] ; clk_50M    ; clk_50M  ; None                        ; None                      ; 4.232 ns                ;
; N/A                                     ; 202.39 MHz ( period = 4.941 ns )                    ; count[4]  ; count[15] ; clk_50M    ; clk_50M  ; None                        ; None                      ; 4.232 ns                ;
; N/A                                     ; 202.39 MHz ( period = 4.941 ns )                    ; count[4]  ; count[14] ; clk_50M    ; clk_50M  ; None                        ; None                      ; 4.232 ns                ;
; N/A                                     ; 202.84 MHz ( period = 4.930 ns )                    ; count[8]  ; count[23] ; clk_50M    ; clk_50M  ; None                        ; None                      ; 4.221 ns                ;
; N/A                                     ; 202.84 MHz ( period = 4.930 ns )                    ; count[8]  ; count[22] ; clk_50M    ; clk_50M  ; None                        ; None                      ; 4.221 ns                ;
; N/A                                     ; 202.84 MHz ( period = 4.930 ns )                    ; count[8]  ; count[21] ; clk_50M    ; clk_50M  ; None                        ; None                      ; 4.221 ns                ;
; N/A                                     ; 202.84 MHz ( period = 4.930 ns )                    ; count[8]  ; count[20] ; clk_50M    ; clk_50M  ; None                        ; None                      ; 4.221 ns                ;
; N/A                                     ; 202.84 MHz ( period = 4.930 ns )                    ; count[8]  ; count[19] ; clk_50M    ; clk_50M  ; None                        ; None                      ; 4.221 ns                ;
; N/A                                     ; 202.96 MHz ( period = 4.927 ns )                    ; count[3]  ; count[13] ; clk_50M    ; clk_50M  ; None                        ; None                      ; 4.218 ns                ;
; N/A                                     ; 202.96 MHz ( period = 4.927 ns )                    ; count[3]  ; count[12] ; clk_50M    ; clk_50M  ; None                        ; None                      ; 4.218 ns                ;
; N/A                                     ; 202.96 MHz ( period = 4.927 ns )                    ; count[3]  ; count[11] ; clk_50M    ; clk_50M  ; None                        ; None                      ; 4.218 ns                ;
; N/A                                     ; 202.96 MHz ( period = 4.927 ns )                    ; count[3]  ; count[10] ; clk_50M    ; clk_50M  ; None                        ; None                      ; 4.218 ns                ;
; N/A                                     ; 202.96 MHz ( period = 4.927 ns )                    ; count[3]  ; count[9]  ; clk_50M    ; clk_50M  ; None                        ; None                      ; 4.218 ns                ;
; N/A                                     ; 203.38 MHz ( period = 4.917 ns )                    ; count[8]  ; count[27] ; clk_50M    ; clk_50M  ; None                        ; None                      ; 4.208 ns                ;
; N/A                                     ; 203.38 MHz ( period = 4.917 ns )                    ; count[8]  ; count[24] ; clk_50M    ; clk_50M  ; None                        ; None                      ; 4.208 ns                ;
; N/A                                     ; 203.38 MHz ( period = 4.917 ns )                    ; count[8]  ; count[26] ; clk_50M    ; clk_50M  ; None                        ; None                      ; 4.208 ns                ;
; N/A                                     ; 203.38 MHz ( period = 4.917 ns )                    ; count[8]  ; count[25] ; clk_50M    ; clk_50M  ; None                        ; None                      ; 4.208 ns                ;
; N/A                                     ; 203.50 MHz ( period = 4.914 ns )                    ; count[3]  ; count[18] ; clk_50M    ; clk_50M  ; None                        ; None                      ; 4.205 ns                ;
; N/A                                     ; 203.50 MHz ( period = 4.914 ns )                    ; count[3]  ; count[17] ; clk_50M    ; clk_50M  ; None                        ; None                      ; 4.205 ns                ;
; N/A                                     ; 203.50 MHz ( period = 4.914 ns )                    ; count[3]  ; count[16] ; clk_50M    ; clk_50M  ; None                        ; None                      ; 4.205 ns                ;
; N/A                                     ; 203.50 MHz ( period = 4.914 ns )                    ; count[3]  ; count[15] ; clk_50M    ; clk_50M  ; None                        ; None                      ; 4.205 ns                ;
; N/A                                     ; 203.50 MHz ( period = 4.914 ns )                    ; count[3]  ; count[14] ; clk_50M    ; clk_50M  ; None                        ; None                      ; 4.205 ns                ;
; N/A                                     ; 205.47 MHz ( period = 4.867 ns )                    ; count[0]  ; count[3]  ; clk_50M    ; clk_50M  ; None                        ; None                      ; 4.158 ns                ;
; N/A                                     ; 206.14 MHz ( period = 4.851 ns )                    ; count[15] ; count[23] ; clk_50M    ; clk_50M  ; None                        ; None                      ; 4.142 ns                ;
; N/A                                     ; 206.14 MHz ( period = 4.851 ns )                    ; count[15] ; count[22] ; clk_50M    ; clk_50M  ; None                        ; None                      ; 4.142 ns                ;
; N/A                                     ; 206.14 MHz ( period = 4.851 ns )                    ; count[15] ; count[21] ; clk_50M    ; clk_50M  ; None                        ; None                      ; 4.142 ns                ;
; N/A                                     ; 206.14 MHz ( period = 4.851 ns )                    ; count[15] ; count[20] ; clk_50M    ; clk_50M  ; None                        ; None                      ; 4.142 ns                ;
; N/A                                     ; 206.14 MHz ( period = 4.851 ns )                    ; count[15] ; count[19] ; clk_50M    ; clk_50M  ; None                        ; None                      ; 4.142 ns                ;
; N/A                                     ; 206.27 MHz ( period = 4.848 ns )                    ; count[10] ; count[23] ; clk_50M    ; clk_50M  ; None                        ; None                      ; 4.139 ns                ;
; N/A                                     ; 206.27 MHz ( period = 4.848 ns )                    ; count[10] ; count[22] ; clk_50M    ; clk_50M  ; None                        ; None                      ; 4.139 ns                ;
; N/A                                     ; 206.27 MHz ( period = 4.848 ns )                    ; count[10] ; count[21] ; clk_50M    ; clk_50M  ; None                        ; None                      ; 4.139 ns                ;
; N/A                                     ; 206.27 MHz ( period = 4.848 ns )                    ; count[10] ; count[20] ; clk_50M    ; clk_50M  ; None                        ; None                      ; 4.139 ns                ;
; N/A                                     ; 206.27 MHz ( period = 4.848 ns )                    ; count[10] ; count[19] ; clk_50M    ; clk_50M  ; None                        ; None                      ; 4.139 ns                ;
; N/A                                     ; 206.70 MHz ( period = 4.838 ns )                    ; count[15] ; count[27] ; clk_50M    ; clk_50M  ; None                        ; None                      ; 4.129 ns                ;
; N/A                                     ; 206.70 MHz ( period = 4.838 ns )                    ; count[15] ; count[24] ; clk_50M    ; clk_50M  ; None                        ; None                      ; 4.129 ns                ;
; N/A                                     ; 206.70 MHz ( period = 4.838 ns )                    ; count[15] ; count[26] ; clk_50M    ; clk_50M  ; None                        ; None                      ; 4.129 ns                ;
; N/A                                     ; 206.70 MHz ( period = 4.838 ns )                    ; count[15] ; count[25] ; clk_50M    ; clk_50M  ; None                        ; None                      ; 4.129 ns                ;
; N/A                                     ; 206.83 MHz ( period = 4.835 ns )                    ; count[10] ; count[27] ; clk_50M    ; clk_50M  ; None                        ; None                      ; 4.126 ns                ;
; N/A                                     ; 206.83 MHz ( period = 4.835 ns )                    ; count[10] ; count[24] ; clk_50M    ; clk_50M  ; None                        ; None                      ; 4.126 ns                ;
; N/A                                     ; 206.83 MHz ( period = 4.835 ns )                    ; count[10] ; count[26] ; clk_50M    ; clk_50M  ; None                        ; None                      ; 4.126 ns                ;
; N/A                                     ; 206.83 MHz ( period = 4.835 ns )                    ; count[10] ; count[25] ; clk_50M    ; clk_50M  ; None                        ; None                      ; 4.126 ns                ;
; N/A                                     ; 208.07 MHz ( period = 4.806 ns )                    ; count[12] ; count[23] ; clk_50M    ; clk_50M  ; None                        ; None                      ; 4.097 ns                ;
; N/A                                     ; 208.07 MHz ( period = 4.806 ns )                    ; count[12] ; count[22] ; clk_50M    ; clk_50M  ; None                        ; None                      ; 4.097 ns                ;
; N/A                                     ; 208.07 MHz ( period = 4.806 ns )                    ; count[12] ; count[21] ; clk_50M    ; clk_50M  ; None                        ; None                      ; 4.097 ns                ;
; N/A                                     ; 208.07 MHz ( period = 4.806 ns )                    ; count[12] ; count[20] ; clk_50M    ; clk_50M  ; None                        ; None                      ; 4.097 ns                ;
; N/A                                     ; 208.07 MHz ( period = 4.806 ns )                    ; count[12] ; count[19] ; clk_50M    ; clk_50M  ; None                        ; None                      ; 4.097 ns                ;
; N/A                                     ; 208.07 MHz ( period = 4.806 ns )                    ; count[2]  ; count[13] ; clk_50M    ; clk_50M  ; None                        ; None                      ; 4.097 ns                ;
; N/A                                     ; 208.07 MHz ( period = 4.806 ns )                    ; count[2]  ; count[12] ; clk_50M    ; clk_50M  ; None                        ; None                      ; 4.097 ns                ;
; N/A                                     ; 208.07 MHz ( period = 4.806 ns )                    ; count[2]  ; count[11] ; clk_50M    ; clk_50M  ; None                        ; None                      ; 4.097 ns                ;
; N/A                                     ; 208.07 MHz ( period = 4.806 ns )                    ; count[2]  ; count[10] ; clk_50M    ; clk_50M  ; None                        ; None                      ; 4.097 ns                ;
; N/A                                     ; 208.07 MHz ( period = 4.806 ns )                    ; count[2]  ; count[9]  ; clk_50M    ; clk_50M  ; None                        ; None                      ; 4.097 ns                ;
; N/A                                     ; 208.64 MHz ( period = 4.793 ns )                    ; count[12] ; count[27] ; clk_50M    ; clk_50M  ; None                        ; None                      ; 4.084 ns                ;
; N/A                                     ; 208.64 MHz ( period = 4.793 ns )                    ; count[12] ; count[24] ; clk_50M    ; clk_50M  ; None                        ; None                      ; 4.084 ns                ;
; N/A                                     ; 208.64 MHz ( period = 4.793 ns )                    ; count[12] ; count[26] ; clk_50M    ; clk_50M  ; None                        ; None                      ; 4.084 ns                ;
; N/A                                     ; 208.64 MHz ( period = 4.793 ns )                    ; count[12] ; count[25] ; clk_50M    ; clk_50M  ; None                        ; None                      ; 4.084 ns                ;
; N/A                                     ; 208.64 MHz ( period = 4.793 ns )                    ; count[2]  ; count[18] ; clk_50M    ; clk_50M  ; None                        ; None                      ; 4.084 ns                ;
; N/A                                     ; 208.64 MHz ( period = 4.793 ns )                    ; count[2]  ; count[17] ; clk_50M    ; clk_50M  ; None                        ; None                      ; 4.084 ns                ;
; N/A                                     ; 208.64 MHz ( period = 4.793 ns )                    ; count[2]  ; count[16] ; clk_50M    ; clk_50M  ; None                        ; None                      ; 4.084 ns                ;
; N/A                                     ; 208.64 MHz ( period = 4.793 ns )                    ; count[2]  ; count[15] ; clk_50M    ; clk_50M  ; None                        ; None                      ; 4.084 ns                ;
; N/A                                     ; 208.64 MHz ( period = 4.793 ns )                    ; count[2]  ; count[14] ; clk_50M    ; clk_50M  ; None                        ; None                      ; 4.084 ns                ;
; N/A                                     ; 210.79 MHz ( period = 4.744 ns )                    ; count[0]  ; count[2]  ; clk_50M    ; clk_50M  ; None                        ; None                      ; 4.035 ns                ;
; N/A                                     ; 211.64 MHz ( period = 4.725 ns )                    ; count[11] ; count[23] ; clk_50M    ; clk_50M  ; None                        ; None                      ; 4.016 ns                ;
; N/A                                     ; 211.64 MHz ( period = 4.725 ns )                    ; count[11] ; count[22] ; clk_50M    ; clk_50M  ; None                        ; None                      ; 4.016 ns                ;
; N/A                                     ; 211.64 MHz ( period = 4.725 ns )                    ; count[11] ; count[21] ; clk_50M    ; clk_50M  ; None                        ; None                      ; 4.016 ns                ;
; N/A                                     ; 211.64 MHz ( period = 4.725 ns )                    ; count[11] ; count[20] ; clk_50M    ; clk_50M  ; None                        ; None                      ; 4.016 ns                ;
; N/A                                     ; 211.64 MHz ( period = 4.725 ns )                    ; count[11] ; count[19] ; clk_50M    ; clk_50M  ; None                        ; None                      ; 4.016 ns                ;
; N/A                                     ; 212.04 MHz ( period = 4.716 ns )                    ; count[1]  ; count[13] ; clk_50M    ; clk_50M  ; None                        ; None                      ; 4.007 ns                ;
; N/A                                     ; 212.04 MHz ( period = 4.716 ns )                    ; count[1]  ; count[12] ; clk_50M    ; clk_50M  ; None                        ; None                      ; 4.007 ns                ;
; N/A                                     ; 212.04 MHz ( period = 4.716 ns )                    ; count[1]  ; count[11] ; clk_50M    ; clk_50M  ; None                        ; None                      ; 4.007 ns                ;
; N/A                                     ; 212.04 MHz ( period = 4.716 ns )                    ; count[1]  ; count[10] ; clk_50M    ; clk_50M  ; None                        ; None                      ; 4.007 ns                ;
; N/A                                     ; 212.04 MHz ( period = 4.716 ns )                    ; count[1]  ; count[9]  ; clk_50M    ; clk_50M  ; None                        ; None                      ; 4.007 ns                ;
; N/A                                     ; 212.22 MHz ( period = 4.712 ns )                    ; count[11] ; count[27] ; clk_50M    ; clk_50M  ; None                        ; None                      ; 4.003 ns                ;
; N/A                                     ; 212.22 MHz ( period = 4.712 ns )                    ; count[11] ; count[24] ; clk_50M    ; clk_50M  ; None                        ; None                      ; 4.003 ns                ;
; N/A                                     ; 212.22 MHz ( period = 4.712 ns )                    ; count[11] ; count[26] ; clk_50M    ; clk_50M  ; None                        ; None                      ; 4.003 ns                ;
; N/A                                     ; 212.22 MHz ( period = 4.712 ns )                    ; count[11] ; count[25] ; clk_50M    ; clk_50M  ; None                        ; None                      ; 4.003 ns                ;
; N/A                                     ; 212.63 MHz ( period = 4.703 ns )                    ; count[1]  ; count[17] ; clk_50M    ; clk_50M  ; None                        ; None                      ; 3.994 ns                ;
; N/A                                     ; 212.63 MHz ( period = 4.703 ns )                    ; count[1]  ; count[16] ; clk_50M    ; clk_50M  ; None                        ; None                      ; 3.994 ns                ;
; N/A                                     ; 212.63 MHz ( period = 4.703 ns )                    ; count[1]  ; count[15] ; clk_50M    ; clk_50M  ; None                        ; None                      ; 3.994 ns                ;
; Timing analysis restricted to 200 rows. ; To change the limit use Settings (Assignments menu) ;           ;           ;            ;          ;                             ;                           ;                         ;
+-----------------------------------------+-----------------------------------------------------+-----------+-----------+------------+----------+-----------------------------+---------------------------+-------------------------+


+-------------------------------------------------------------------------------+
; tco                                                                           ;
+-------+--------------+------------+-----------------+------------+------------+
; Slack ; Required tco ; Actual tco ; From            ; To         ; From Clock ;
+-------+--------------+------------+-----------------+------------+------------+
; N/A   ; None         ; 8.564 ns   ; dataout[0]~reg0 ; dataout[0] ; clk_50M    ;
; N/A   ; None         ; 8.033 ns   ; dataout[1]~reg0 ; dataout[1] ; clk_50M    ;
; N/A   ; None         ; 7.923 ns   ; dataout[4]~reg0 ; dataout[4] ; clk_50M    ;
; N/A   ; None         ; 7.913 ns   ; dataout[3]~reg0 ; dataout[3] ; clk_50M    ;
; N/A   ; None         ; 7.913 ns   ; dataout[2]~reg0 ; dataout[2] ; clk_50M    ;
; N/A   ; None         ; 6.827 ns   ; dataout[6]~reg0 ; dataout[6] ; clk_50M    ;
; N/A   ; None         ; 6.820 ns   ; dataout[5]~reg0 ; dataout[5] ; clk_50M    ;
+-------+--------------+------------+-----------------+------------+------------+


+--------------------------+
; Timing Analyzer Messages ;
+--------------------------+
Info: *******************************************************************
Info: Running Quartus II Classic Timing Analyzer
    Info: Version 9.0 Build 235 06/17/2009 Service Pack 2 SJ Web Edition
    Info: Processing started: Thu Jul 04 19:15:38 2013
Info: Command: quartus_tan --read_settings_files=off --write_settings_files=off SMG_LED -c SMG_LED
Info: Parallel compilation is enabled and will use 2 of the 2 processors detected
Info: Started post-fitting delay annotation
Info: Delay annotation completed successfully
Warning: Found pins functioning as undefined clocks and/or memory enables
    Info: Assuming node "clk_50M" is an undefined clock
Info: Clock "clk_50M" has Internal fmax of 152.98 MHz between source register "count[0]" and destination register "count[23]" (period= 6.537 ns)
    Info: + Longest register to register delay is 5.828 ns
        Info: 1: + IC(0.000 ns) + CELL(0.000 ns) = 0.000 ns; Loc. = LC_X2_Y4_N1; Fanout = 4; REG Node = 'count[0]'
        Info: 2: + IC(1.896 ns) + CELL(0.978 ns) = 2.874 ns; Loc. = LC_X2_Y4_N2; Fanout = 2; COMB Node = 'count[1]~53'
        Info: 3: + IC(0.000 ns) + CELL(0.123 ns) = 2.997 ns; Loc. = LC_X2_Y4_N3; Fanout = 2; COMB Node = 'count[2]~51'
        Info: 4: + IC(0.000 ns) + CELL(0.261 ns) = 3.258 ns; Loc. = LC_X2_Y4_N4; Fanout = 6; COMB Node = 'count[3]~49'
        Info: 5: + IC(0.000 ns) + CELL(0.349 ns) = 3.607 ns; Loc. = LC_X2_Y4_N9; Fanout = 6; COMB Node = 'count[8]~39'
        Info: 6: + IC(0.000 ns) + CELL(0.246 ns) = 3.853 ns; Loc. = LC_X3_Y4_N4; Fanout = 6; COMB Node = 'count[13]~29'
        Info: 7: + IC(0.000 ns) + CELL(0.349 ns) = 4.202 ns; Loc. = LC_X3_Y4_N9; Fanout = 6; COMB Node = 'count[18]~19'
        Info: 8: + IC(0.000 ns) + CELL(1.626 ns) = 5.828 ns; Loc. = LC_X4_Y4_N4; Fanout = 2; REG Node = 'count[23]'
        Info: Total cell delay = 3.932 ns ( 67.47 % )
        Info: Total interconnect delay = 1.896 ns ( 32.53 % )
    Info: - Smallest clock skew is 0.000 ns
        Info: + Shortest clock path from clock "clk_50M" to destination register is 3.348 ns
            Info: 1: + IC(0.000 ns) + CELL(1.163 ns) = 1.163 ns; Loc. = PIN_12; Fanout = 35; CLK Node = 'clk_50M'
            Info: 2: + IC(1.267 ns) + CELL(0.918 ns) = 3.348 ns; Loc. = LC_X4_Y4_N4; Fanout = 2; REG Node = 'count[23]'
            Info: Total cell delay = 2.081 ns ( 62.16 % )
            Info: Total interconnect delay = 1.267 ns ( 37.84 % )
        Info: - Longest clock path from clock "clk_50M" to source register is 3.348 ns
            Info: 1: + IC(0.000 ns) + CELL(1.163 ns) = 1.163 ns; Loc. = PIN_12; Fanout = 35; CLK Node = 'clk_50M'
            Info: 2: + IC(1.267 ns) + CELL(0.918 ns) = 3.348 ns; Loc. = LC_X2_Y4_N1; Fanout = 4; REG Node = 'count[0]'
            Info: Total cell delay = 2.081 ns ( 62.16 % )
            Info: Total interconnect delay = 1.267 ns ( 37.84 % )
    Info: + Micro clock to output delay of source is 0.376 ns
    Info: + Micro setup delay of destination is 0.333 ns
Info: tco from clock "clk_50M" to destination pin "dataout[0]" through register "dataout[0]~reg0" is 8.564 ns
    Info: + Longest clock path from clock "clk_50M" to source register is 3.348 ns
        Info: 1: + IC(0.000 ns) + CELL(1.163 ns) = 1.163 ns; Loc. = PIN_12; Fanout = 35; CLK Node = 'clk_50M'
        Info: 2: + IC(1.267 ns) + CELL(0.918 ns) = 3.348 ns; Loc. = LC_X4_Y4_N9; Fanout = 1; REG Node = 'dataout[0]~reg0'
        Info: Total cell delay = 2.081 ns ( 62.16 % )
        Info: Total interconnect delay = 1.267 ns ( 37.84 % )
    Info: + Micro clock to output delay of source is 0.376 ns
    Info: + Longest register to pin delay is 4.840 ns
        Info: 1: + IC(0.000 ns) + CELL(0.000 ns) = 0.000 ns; Loc. = LC_X4_Y4_N9; Fanout = 1; REG Node = 'dataout[0]~reg0'
        Info: 2: + IC(2.518 ns) + CELL(2.322 ns) = 4.840 ns; Loc. = PIN_85; Fanout = 0; PIN Node = 'dataout[0]'
        Info: Total cell delay = 2.322 ns ( 47.98 % )
        Info: Total interconnect delay = 2.518 ns ( 52.02 % )
Info: Quartus II Classic Timing Analyzer was successful. 0 errors, 1 warning
    Info: Peak virtual memory: 133 megabytes
    Info: Processing ended: Thu Jul 04 19:15:39 2013
    Info: Elapsed time: 00:00:01
    Info: Total CPU time (on all processors): 00:00:01


